[2022-12-02 14:32:18,362][INFO][/python/lib/python3.8/site-packages/torch/multiprocessing/spawn.py][59] set seed: 0
[2022-12-02 14:32:18,362][INFO][/python/lib/python3.8/site-packages/torch/multiprocessing/spawn.py][59] set deterministic: True
[2022-12-02 14:32:18,478][WARNING][/python/lib/python3.8/site-packages/torch/multiprocessing/spawn.py][59] 'id'
[2022-12-02 14:32:19,722][INFO][/python/lib/python3.8/site-packages/torch/multiprocessing/spawn.py][59] Environment info:
------------------------------------------------------------
sys.platform: linux
Python: 3.8.3 (default, Feb 23 2022, 10:37:38) [GCC 7.5.0]
CUDA available: True
CUDA_HOME: /usr/local/cuda
NVCC: Build cuda_11.1.TC455_06.29190527_0
GPU 0,1: NVIDIA GeForce RTX 3090
GCC: gcc (Ubuntu 7.5.0-3ubuntu1~18.04) 7.5.0
PyTorch: 1.8.1+cu111
PyTorch compiling details: PyTorch built with:
  - GCC 7.3
  - C++ Version: 201402
  - Intel(R) Math Kernel Library Version 2020.0.0 Product Build 20191122 for Intel(R) 64 architecture applications
  - Intel(R) MKL-DNN v1.7.0 (Git Hash 7aed236906b1f7a05c0917e5257a1af05e9ff683)
  - OpenMP 201511 (a.k.a. OpenMP 4.5)
  - NNPACK is enabled
  - CPU capability usage: AVX2
  - CUDA Runtime 11.1
  - NVCC architecture flags: -gencode;arch=compute_37,code=sm_37;-gencode;arch=compute_50,code=sm_50;-gencode;arch=compute_60,code=sm_60;-gencode;arch=compute_70,code=sm_70;-gencode;arch=compute_75,code=sm_75;-gencode;arch=compute_80,code=sm_80;-gencode;arch=compute_86,code=sm_86
  - CuDNN 8.0.5
  - Magma 2.5.2
  - Build settings: BLAS_INFO=mkl, BUILD_TYPE=Release, CUDA_VERSION=11.1, CUDNN_VERSION=8.0.5, CXX_COMPILER=/opt/rh/devtoolset-7/root/usr/bin/c++, CXX_FLAGS= -Wno-deprecated -fvisibility-inlines-hidden -DUSE_PTHREADPOOL -fopenmp -DNDEBUG -DUSE_KINETO -DUSE_FBGEMM -DUSE_QNNPACK -DUSE_PYTORCH_QNNPACK -DUSE_XNNPACK -O2 -fPIC -Wno-narrowing -Wall -Wextra -Werror=return-type -Wno-missing-field-initializers -Wno-type-limits -Wno-array-bounds -Wno-unknown-pragmas -Wno-sign-compare -Wno-unused-parameter -Wno-unused-variable -Wno-unused-function -Wno-unused-result -Wno-unused-local-typedefs -Wno-strict-overflow -Wno-strict-aliasing -Wno-error=deprecated-declarations -Wno-stringop-overflow -Wno-psabi -Wno-error=pedantic -Wno-error=redundant-decls -Wno-error=old-style-cast -fdiagnostics-color=always -faligned-new -Wno-unused-but-set-variable -Wno-maybe-uninitialized -fno-math-errno -fno-trapping-math -Werror=format -Wno-stringop-overflow, LAPACK_INFO=mkl, PERF_WITH_AVX=1, PERF_WITH_AVX2=1, PERF_WITH_AVX512=1, TORCH_VERSION=1.8.1, USE_CUDA=ON, USE_CUDNN=ON, USE_EXCEPTION_PTR=1, USE_GFLAGS=OFF, USE_GLOG=OFF, USE_MKL=ON, USE_MKLDNN=ON, USE_MPI=OFF, USE_NCCL=ON, USE_NNPACK=ON, USE_OPENMP=ON, 

TorchVision: 0.9.1+cu111
OpenCV: 4.2.0
------------------------------------------------------------

[2022-12-02 14:32:19,724][INFO][/python/lib/python3.8/site-packages/torch/multiprocessing/spawn.py][59] Config info:
------------------------------------------------------------
_cfg_from_file:
  analyze:
    label_map: ['bg', 'cat']
    num_classes: 2
    sample: 10
    type: TransformAnalyzer
  common:
    deterministic: True
    implement_layer: ['SMore_seg']
    log_level: INFO
    plugin_layer: []
    seed: 0
  data:
    eval_data:
      batch_size: 1
      dataset: [{'type': 'MaskDataset', 'data_name': 'val', 'delimiter': '||', 'data_path': [{'root': '', 'path': '/newdata/jiachen/project/fugui/test.txt'}]}]
      transform: [{'type': 'CvtColor', 'mode': 'BGR2RGB'}, {'type': 'Resize', 'output_size': [1024, 1024]}, {'type': 'Normalize', 'mean': [0.485, 0.456, 0.406], 'std': [0.229, 0.224, 0.225], 'scale': 1.0}, {'type': 'ToTensor'}]
      workers: 2
    test_data:
      batch_size: 1
      dataset: [{'type': 'MaskDataset', 'data_name': 'test', 'delimiter': '||', 'data_path': [{'root': '', 'path': '/newdata/jiachen/project/fugui/test.txt'}]}]
      transform: [{'type': 'CvtColor', 'mode': 'BGR2RGB'}, {'type': 'Resize', 'output_size': [1024, 1024]}, {'type': 'Normalize', 'mean': [0.485, 0.456, 0.406], 'std': [0.229, 0.224, 0.225], 'scale': 1.0}, {'type': 'ToTensor'}]
      workers: 2
    train_data:
      batch_size: 4
      dataset:
        data_name: train
        data_path: [{'root': '', 'path': '/newdata/jiachen/project/fugui/train_cat1.txt'}, {'root': '', 'path': '/newdata/jiachen/project/fugui/train_other_cat.txt'}]
        delimiter: ||
        type: MaskDataset
      transform: [{'type': 'CvtColor', 'mode': 'BGR2RGB'}, {'type': 'Resize', 'output_size': [1024, 1024]}, {'type': 'RandomHorizontalFlip', 'prob': 0.2}, {'type': 'RandomVerticalFlip', 'prob': 0.2}, {'type': 'Normalize', 'mean': [0.485, 0.456, 0.406], 'std': [0.229, 0.224, 0.225], 'scale': 1.0}, {'type': 'ToTensor'}]
      workers: 2
  deploy:
    shapes: [1, 3, 1024, 1024]
    type: OnnxDeploy
  eval:
    evaluators: [{'type': 'PixelBasedEvaluator', 'num_classes': 2, 'label_map': ['bg', 'cat'], 'ignore_label': 255}]
    type: SimpleInference
    visualizer:
      painters: [{'type': 'MaskPainter', 'num_classes': 2, 'label_map': ['bg', 'cat']}]
      type: ConcatVisualizer
  model:
    backbone:
      pretrained_weights: /newdata/jiachen/project/boer/d8x/demo/hrnet_w18_v2.pth
      type: HRNetW18SmallV2
    head:
      in_index: [0, 1, 2, 3]
      input_transform: resize_concat
      kernel_size: 1
      losses: [{'type': 'CE', 'num_classes': 2, 'ignore_label': 255, 'class_weights': [0.05, 1.0], 'weight': 1.8}, {'type': 'Dice', 'num_classes': 2, 'ignore_label': 255, 'weight': 3.0}]
      num_classes: 2
      type: FCNHead
    type: EncoderDecoder
  other:
    category_map: [['bg'], ['cat']]
    class_weight: [0.05, 1.0]
    color_map: [[0, 0, 0], [128, 0, 100]]
    ignore_label: 255
    label_map: ['bg', 'cat']
    mean: [0.485, 0.456, 0.406]
    num_classes: 2
    scale: 1.0
    std: [0.229, 0.224, 0.225]
    workers: 2
  train:
    ckpt_freq: 1000
    lr_scheduler:
      max_iter: 10000
      type: WarmupCosineLR
      warmup_iter: 80
    max_iter: 10000
    optimizer:
      lr: 0.001
      type: Adam
    print_freq: 100
    type: SimpleTrainer
  visualize:
    painters: [{'type': 'MaskPainter', 'num_classes': 2, 'label_map': ['bg', 'cat']}]
    type: ConcatVisualizer
_id: None
_log_file: None
_path: /newdata/jiachen/project/fugui/exp2
_status_file: None
analyze:
  label_map: ['bg', 'cat']
  num_classes: 2
  sample: 10
  type: TransformAnalyzer
common:
  deterministic: True
  implement_layer: ['SMore_seg']
  log_level: INFO
  plugin_layer: []
  seed: 0
data:
  eval_data:
    batch_size: 1
    dataset: [{'type': 'MaskDataset', 'data_name': 'val', 'delimiter': '||', 'data_path': [{'root': '', 'path': '/newdata/jiachen/project/fugui/test.txt'}]}]
    group_dataset:
      type: DefaultGroupDataset
    pin_memory: True
    transform: [{'type': 'CvtColor', 'mode': 'BGR2RGB'}, {'type': 'Resize', 'output_size': [1024, 1024]}, {'type': 'Normalize', 'mean': [0.485, 0.456, 0.406], 'std': [0.229, 0.224, 0.225], 'scale': 1.0}, {'type': 'ToTensor'}]
    workers: 2
  test_data:
    batch_size: 1
    dataset: [{'type': 'MaskDataset', 'data_name': 'test', 'delimiter': '||', 'data_path': [{'root': '', 'path': '/newdata/jiachen/project/fugui/test.txt'}]}]
    group_dataset:
      type: DefaultGroupDataset
    pin_memory: True
    transform: [{'type': 'CvtColor', 'mode': 'BGR2RGB'}, {'type': 'Resize', 'output_size': [1024, 1024]}, {'type': 'Normalize', 'mean': [0.485, 0.456, 0.406], 'std': [0.229, 0.224, 0.225], 'scale': 1.0}, {'type': 'ToTensor'}]
    workers: 2
  train_data:
    batch_size: 4
    dataset:
      data_name: train
      data_path: [{'root': '', 'path': '/newdata/jiachen/project/fugui/train_cat1.txt'}, {'root': '', 'path': '/newdata/jiachen/project/fugui/train_other_cat.txt'}]
      delimiter: ||
      type: MaskDataset
    group_dataset:
      type: DefaultGroupDataset
    pin_memory: True
    transform: [{'type': 'CvtColor', 'mode': 'BGR2RGB'}, {'type': 'Resize', 'output_size': [1024, 1024]}, {'type': 'RandomHorizontalFlip', 'prob': 0.2}, {'type': 'RandomVerticalFlip', 'prob': 0.2}, {'type': 'Normalize', 'mean': [0.485, 0.456, 0.406], 'std': [0.229, 0.224, 0.225], 'scale': 1.0}, {'type': 'ToTensor'}]
    workers: 2
decrypt: False
deploy:
  shapes: [1, 3, 1024, 1024]
  type: OnnxDeploy
dump_result: False
dump_vis: False
eval:
  evaluators: [{'type': 'PixelBasedEvaluator', 'num_classes': 2, 'label_map': ['bg', 'cat'], 'ignore_label': 255}]
  type: SimpleInference
  visualizer:
    painters: [{'type': 'MaskPainter', 'num_classes': 2, 'label_map': ['bg', 'cat']}]
    type: ConcatVisualizer
force: True
machine_rank: 0
model:
  backbone:
    pretrained_weights: /newdata/jiachen/project/boer/d8x/demo/hrnet_w18_v2.pth
    type: HRNetW18SmallV2
  head:
    in_index: [0, 1, 2, 3]
    input_transform: resize_concat
    kernel_size: 1
    losses: [{'type': 'CE', 'num_classes': 2, 'ignore_label': 255, 'class_weights': [0.05, 1.0], 'weight': 1.8}, {'type': 'Dice', 'num_classes': 2, 'ignore_label': 255, 'weight': 3.0}]
    num_classes: 2
    type: FCNHead
  type: EncoderDecoder
no_notify: False
num_gpus: 2
num_machines: 1
only_train: False
other:
  category_map: [['bg'], ['cat']]
  class_weight: [0.05, 1.0]
  color_map: [[0, 0, 0], [128, 0, 100]]
  ignore_label: 255
  label_map: ['bg', 'cat']
  mean: [0.485, 0.456, 0.406]
  num_classes: 2
  scale: 1.0
  std: [0.229, 0.224, 0.225]
  workers: 2
running_command: 
start_time: 1669991538.4667037
train:
  batch_transform: []
  ckpt_freq: 1000
  early_stop_iter: None
  lr_scheduler:
    max_iter: 10000
    type: WarmupCosineLR
    warmup_iter: 80
  max_iter: 10000
  optimizer:
    lr: 0.001
    type: Adam
  print_freq: 100
  resume: None
  type: SimpleTrainer
  with_amp: False
visualize:
  painters: [{'type': 'MaskPainter', 'num_classes': 2, 'label_map': ['bg', 'cat']}]
  type: ConcatVisualizer
workers: 4
------------------------------------------------------------

[2022-12-02 14:32:19,875][INFO][/python/lib/python3.8/site-packages/torch/multiprocessing/spawn.py][59] Config info:
------------------------------------------------------------
EncoderDecoder(
  (backbone): HRNetW18SmallV2(
    (conv1): Conv2d(3, 64, kernel_size=(3, 3), stride=(2, 2), padding=(1, 1), bias=False)
    (bn1): SyncBatchNorm(64, eps=1e-05, momentum=0.1, affine=True, track_running_stats=True)
    (conv2): Conv2d(64, 64, kernel_size=(3, 3), stride=(2, 2), padding=(1, 1), bias=False)
    (bn2): SyncBatchNorm(64, eps=1e-05, momentum=0.1, affine=True, track_running_stats=True)
    (relu): ReLU(inplace=True)
    (layer1): Sequential(
      (0): Bottleneck(
        (conv1): Conv2d(64, 64, kernel_size=(1, 1), stride=(1, 1), bias=False)
        (bn1): SyncBatchNorm(64, eps=1e-05, momentum=0.1, affine=True, track_running_stats=True)
        (conv2): Conv2d(64, 64, kernel_size=(3, 3), stride=(1, 1), padding=(1, 1), bias=False)
        (bn2): SyncBatchNorm(64, eps=1e-05, momentum=0.1, affine=True, track_running_stats=True)
        (conv3): Conv2d(64, 256, kernel_size=(1, 1), stride=(1, 1), bias=False)
        (bn3): SyncBatchNorm(256, eps=1e-05, momentum=0.1, affine=True, track_running_stats=True)
        (relu): ReLU(inplace=True)
        (downsample): Sequential(
          (0): Conv2d(64, 256, kernel_size=(1, 1), stride=(1, 1), bias=False)
          (1): SyncBatchNorm(256, eps=1e-05, momentum=0.1, affine=True, track_running_stats=True)
        )
      )
      (1): Bottleneck(
        (conv1): Conv2d(256, 64, kernel_size=(1, 1), stride=(1, 1), bias=False)
        (bn1): SyncBatchNorm(64, eps=1e-05, momentum=0.1, affine=True, track_running_stats=True)
        (conv2): Conv2d(64, 64, kernel_size=(3, 3), stride=(1, 1), padding=(1, 1), bias=False)
        (bn2): SyncBatchNorm(64, eps=1e-05, momentum=0.1, affine=True, track_running_stats=True)
        (conv3): Conv2d(64, 256, kernel_size=(1, 1), stride=(1, 1), bias=False)
        (bn3): SyncBatchNorm(256, eps=1e-05, momentum=0.1, affine=True, track_running_stats=True)
        (relu): ReLU(inplace=True)
      )
    )
    (transition1): ModuleList(
      (0): Sequential(
        (0): Conv2d(256, 18, kernel_size=(3, 3), stride=(1, 1), padding=(1, 1), bias=False)
        (1): SyncBatchNorm(18, eps=1e-05, momentum=0.1, affine=True, track_running_stats=True)
        (2): ReLU(inplace=True)
      )
      (1): Sequential(
        (0): Sequential(
          (0): Conv2d(256, 36, kernel_size=(3, 3), stride=(2, 2), padding=(1, 1), bias=False)
          (1): SyncBatchNorm(36, eps=1e-05, momentum=0.1, affine=True, track_running_stats=True)
          (2): ReLU(inplace=True)
        )
      )
    )
    (stage2): Sequential(
      (0): HRModule(
        (branches): ModuleList(
          (0): Sequential(
            (0): BasicBlock(
              (conv1): Conv2d(18, 18, kernel_size=(3, 3), stride=(1, 1), padding=(1, 1), bias=False)
              (bn1): SyncBatchNorm(18, eps=1e-05, momentum=0.1, affine=True, track_running_stats=True)
              (conv2): Conv2d(18, 18, kernel_size=(3, 3), stride=(1, 1), padding=(1, 1), bias=False)
              (bn2): SyncBatchNorm(18, eps=1e-05, momentum=0.1, affine=True, track_running_stats=True)
              (relu): ReLU(inplace=True)
            )
            (1): BasicBlock(
              (conv1): Conv2d(18, 18, kernel_size=(3, 3), stride=(1, 1), padding=(1, 1), bias=False)
              (bn1): SyncBatchNorm(18, eps=1e-05, momentum=0.1, affine=True, track_running_stats=True)
              (conv2): Conv2d(18, 18, kernel_size=(3, 3), stride=(1, 1), padding=(1, 1), bias=False)
              (bn2): SyncBatchNorm(18, eps=1e-05, momentum=0.1, affine=True, track_running_stats=True)
              (relu): ReLU(inplace=True)
            )
          )
          (1): Sequential(
            (0): BasicBlock(
              (conv1): Conv2d(36, 36, kernel_size=(3, 3), stride=(1, 1), padding=(1, 1), bias=False)
              (bn1): SyncBatchNorm(36, eps=1e-05, momentum=0.1, affine=True, track_running_stats=True)
              (conv2): Conv2d(36, 36, kernel_size=(3, 3), stride=(1, 1), padding=(1, 1), bias=False)
              (bn2): SyncBatchNorm(36, eps=1e-05, momentum=0.1, affine=True, track_running_stats=True)
              (relu): ReLU(inplace=True)
            )
            (1): BasicBlock(
              (conv1): Conv2d(36, 36, kernel_size=(3, 3), stride=(1, 1), padding=(1, 1), bias=False)
              (bn1): SyncBatchNorm(36, eps=1e-05, momentum=0.1, affine=True, track_running_stats=True)
              (conv2): Conv2d(36, 36, kernel_size=(3, 3), stride=(1, 1), padding=(1, 1), bias=False)
              (bn2): SyncBatchNorm(36, eps=1e-05, momentum=0.1, affine=True, track_running_stats=True)
              (relu): ReLU(inplace=True)
            )
          )
        )
        (relus): ModuleList(
          (0): ReLU()
          (1): ReLU()
        )
        (fuse_layers): ModuleList(
          (0): ModuleList(
            (0): Identity()
            (1): Sequential(
              (0): Conv2d(36, 18, kernel_size=(1, 1), stride=(1, 1), bias=False)
              (1): SyncBatchNorm(18, eps=1e-05, momentum=0.1, affine=True, track_running_stats=True)
            )
          )
          (1): ModuleList(
            (0): Sequential(
              (0): Sequential(
                (0): Conv2d(18, 36, kernel_size=(3, 3), stride=(2, 2), padding=(1, 1), bias=False)
                (1): SyncBatchNorm(36, eps=1e-05, momentum=0.1, affine=True, track_running_stats=True)
              )
            )
            (1): Identity()
          )
        )
        (upsamples): ModuleList(
          (0): ModuleList(
            (0): FModule()
          )
          (1): ModuleList()
        )
        (adds): ModuleList(
          (0): ModuleList(
            (0): AddModule()
            (1): AddModule()
          )
          (1): ModuleList(
            (0): AddModule()
            (1): AddModule()
          )
        )
      )
    )
    (transition2): ModuleList(
      (0): Identity()
      (1): Identity()
      (2): Sequential(
        (0): Sequential(
          (0): Conv2d(36, 72, kernel_size=(3, 3), stride=(2, 2), padding=(1, 1), bias=False)
          (1): SyncBatchNorm(72, eps=1e-05, momentum=0.1, affine=True, track_running_stats=True)
          (2): ReLU(inplace=True)
        )
      )
    )
    (stage3): Sequential(
      (0): HRModule(
        (branches): ModuleList(
          (0): Sequential(
            (0): BasicBlock(
              (conv1): Conv2d(18, 18, kernel_size=(3, 3), stride=(1, 1), padding=(1, 1), bias=False)
              (bn1): SyncBatchNorm(18, eps=1e-05, momentum=0.1, affine=True, track_running_stats=True)
              (conv2): Conv2d(18, 18, kernel_size=(3, 3), stride=(1, 1), padding=(1, 1), bias=False)
              (bn2): SyncBatchNorm(18, eps=1e-05, momentum=0.1, affine=True, track_running_stats=True)
              (relu): ReLU(inplace=True)
            )
            (1): BasicBlock(
              (conv1): Conv2d(18, 18, kernel_size=(3, 3), stride=(1, 1), padding=(1, 1), bias=False)
              (bn1): SyncBatchNorm(18, eps=1e-05, momentum=0.1, affine=True, track_running_stats=True)
              (conv2): Conv2d(18, 18, kernel_size=(3, 3), stride=(1, 1), padding=(1, 1), bias=False)
              (bn2): SyncBatchNorm(18, eps=1e-05, momentum=0.1, affine=True, track_running_stats=True)
              (relu): ReLU(inplace=True)
            )
          )
          (1): Sequential(
            (0): BasicBlock(
              (conv1): Conv2d(36, 36, kernel_size=(3, 3), stride=(1, 1), padding=(1, 1), bias=False)
              (bn1): SyncBatchNorm(36, eps=1e-05, momentum=0.1, affine=True, track_running_stats=True)
              (conv2): Conv2d(36, 36, kernel_size=(3, 3), stride=(1, 1), padding=(1, 1), bias=False)
              (bn2): SyncBatchNorm(36, eps=1e-05, momentum=0.1, affine=True, track_running_stats=True)
              (relu): ReLU(inplace=True)
            )
            (1): BasicBlock(
              (conv1): Conv2d(36, 36, kernel_size=(3, 3), stride=(1, 1), padding=(1, 1), bias=False)
              (bn1): SyncBatchNorm(36, eps=1e-05, momentum=0.1, affine=True, track_running_stats=True)
              (conv2): Conv2d(36, 36, kernel_size=(3, 3), stride=(1, 1), padding=(1, 1), bias=False)
              (bn2): SyncBatchNorm(36, eps=1e-05, momentum=0.1, affine=True, track_running_stats=True)
              (relu): ReLU(inplace=True)
            )
          )
          (2): Sequential(
            (0): BasicBlock(
              (conv1): Conv2d(72, 72, kernel_size=(3, 3), stride=(1, 1), padding=(1, 1), bias=False)
              (bn1): SyncBatchNorm(72, eps=1e-05, momentum=0.1, affine=True, track_running_stats=True)
              (conv2): Conv2d(72, 72, kernel_size=(3, 3), stride=(1, 1), padding=(1, 1), bias=False)
              (bn2): SyncBatchNorm(72, eps=1e-05, momentum=0.1, affine=True, track_running_stats=True)
              (relu): ReLU(inplace=True)
            )
            (1): BasicBlock(
              (conv1): Conv2d(72, 72, kernel_size=(3, 3), stride=(1, 1), padding=(1, 1), bias=False)
              (bn1): SyncBatchNorm(72, eps=1e-05, momentum=0.1, affine=True, track_running_stats=True)
              (conv2): Conv2d(72, 72, kernel_size=(3, 3), stride=(1, 1), padding=(1, 1), bias=False)
              (bn2): SyncBatchNorm(72, eps=1e-05, momentum=0.1, affine=True, track_running_stats=True)
              (relu): ReLU(inplace=True)
            )
          )
        )
        (relus): ModuleList(
          (0): ReLU()
          (1): ReLU()
          (2): ReLU()
        )
        (fuse_layers): ModuleList(
          (0): ModuleList(
            (0): Identity()
            (1): Sequential(
              (0): Conv2d(36, 18, kernel_size=(1, 1), stride=(1, 1), bias=False)
              (1): SyncBatchNorm(18, eps=1e-05, momentum=0.1, affine=True, track_running_stats=True)
            )
            (2): Sequential(
              (0): Conv2d(72, 18, kernel_size=(1, 1), stride=(1, 1), bias=False)
              (1): SyncBatchNorm(18, eps=1e-05, momentum=0.1, affine=True, track_running_stats=True)
            )
          )
          (1): ModuleList(
            (0): Sequential(
              (0): Sequential(
                (0): Conv2d(18, 36, kernel_size=(3, 3), stride=(2, 2), padding=(1, 1), bias=False)
                (1): SyncBatchNorm(36, eps=1e-05, momentum=0.1, affine=True, track_running_stats=True)
              )
            )
            (1): Identity()
            (2): Sequential(
              (0): Conv2d(72, 36, kernel_size=(1, 1), stride=(1, 1), bias=False)
              (1): SyncBatchNorm(36, eps=1e-05, momentum=0.1, affine=True, track_running_stats=True)
            )
          )
          (2): ModuleList(
            (0): Sequential(
              (0): Sequential(
                (0): Conv2d(18, 18, kernel_size=(3, 3), stride=(2, 2), padding=(1, 1), bias=False)
                (1): SyncBatchNorm(18, eps=1e-05, momentum=0.1, affine=True, track_running_stats=True)
                (2): ReLU()
              )
              (1): Sequential(
                (0): Conv2d(18, 72, kernel_size=(3, 3), stride=(2, 2), padding=(1, 1), bias=False)
                (1): SyncBatchNorm(72, eps=1e-05, momentum=0.1, affine=True, track_running_stats=True)
              )
            )
            (1): Sequential(
              (0): Sequential(
                (0): Conv2d(36, 72, kernel_size=(3, 3), stride=(2, 2), padding=(1, 1), bias=False)
                (1): SyncBatchNorm(72, eps=1e-05, momentum=0.1, affine=True, track_running_stats=True)
              )
            )
            (2): Identity()
          )
        )
        (upsamples): ModuleList(
          (0): ModuleList(
            (0): FModule()
            (1): FModule()
          )
          (1): ModuleList(
            (0): FModule()
          )
          (2): ModuleList()
        )
        (adds): ModuleList(
          (0): ModuleList(
            (0): AddModule()
            (1): AddModule()
            (2): AddModule()
          )
          (1): ModuleList(
            (0): AddModule()
            (1): AddModule()
            (2): AddModule()
          )
          (2): ModuleList(
            (0): AddModule()
            (1): AddModule()
            (2): AddModule()
          )
        )
      )
      (1): HRModule(
        (branches): ModuleList(
          (0): Sequential(
            (0): BasicBlock(
              (conv1): Conv2d(18, 18, kernel_size=(3, 3), stride=(1, 1), padding=(1, 1), bias=False)
              (bn1): SyncBatchNorm(18, eps=1e-05, momentum=0.1, affine=True, track_running_stats=True)
              (conv2): Conv2d(18, 18, kernel_size=(3, 3), stride=(1, 1), padding=(1, 1), bias=False)
              (bn2): SyncBatchNorm(18, eps=1e-05, momentum=0.1, affine=True, track_running_stats=True)
              (relu): ReLU(inplace=True)
            )
            (1): BasicBlock(
              (conv1): Conv2d(18, 18, kernel_size=(3, 3), stride=(1, 1), padding=(1, 1), bias=False)
              (bn1): SyncBatchNorm(18, eps=1e-05, momentum=0.1, affine=True, track_running_stats=True)
              (conv2): Conv2d(18, 18, kernel_size=(3, 3), stride=(1, 1), padding=(1, 1), bias=False)
              (bn2): SyncBatchNorm(18, eps=1e-05, momentum=0.1, affine=True, track_running_stats=True)
              (relu): ReLU(inplace=True)
            )
          )
          (1): Sequential(
            (0): BasicBlock(
              (conv1): Conv2d(36, 36, kernel_size=(3, 3), stride=(1, 1), padding=(1, 1), bias=False)
              (bn1): SyncBatchNorm(36, eps=1e-05, momentum=0.1, affine=True, track_running_stats=True)
              (conv2): Conv2d(36, 36, kernel_size=(3, 3), stride=(1, 1), padding=(1, 1), bias=False)
              (bn2): SyncBatchNorm(36, eps=1e-05, momentum=0.1, affine=True, track_running_stats=True)
              (relu): ReLU(inplace=True)
            )
            (1): BasicBlock(
              (conv1): Conv2d(36, 36, kernel_size=(3, 3), stride=(1, 1), padding=(1, 1), bias=False)
              (bn1): SyncBatchNorm(36, eps=1e-05, momentum=0.1, affine=True, track_running_stats=True)
              (conv2): Conv2d(36, 36, kernel_size=(3, 3), stride=(1, 1), padding=(1, 1), bias=False)
              (bn2): SyncBatchNorm(36, eps=1e-05, momentum=0.1, affine=True, track_running_stats=True)
              (relu): ReLU(inplace=True)
            )
          )
          (2): Sequential(
            (0): BasicBlock(
              (conv1): Conv2d(72, 72, kernel_size=(3, 3), stride=(1, 1), padding=(1, 1), bias=False)
              (bn1): SyncBatchNorm(72, eps=1e-05, momentum=0.1, affine=True, track_running_stats=True)
              (conv2): Conv2d(72, 72, kernel_size=(3, 3), stride=(1, 1), padding=(1, 1), bias=False)
              (bn2): SyncBatchNorm(72, eps=1e-05, momentum=0.1, affine=True, track_running_stats=True)
              (relu): ReLU(inplace=True)
            )
            (1): BasicBlock(
              (conv1): Conv2d(72, 72, kernel_size=(3, 3), stride=(1, 1), padding=(1, 1), bias=False)
              (bn1): SyncBatchNorm(72, eps=1e-05, momentum=0.1, affine=True, track_running_stats=True)
              (conv2): Conv2d(72, 72, kernel_size=(3, 3), stride=(1, 1), padding=(1, 1), bias=False)
              (bn2): SyncBatchNorm(72, eps=1e-05, momentum=0.1, affine=True, track_running_stats=True)
              (relu): ReLU(inplace=True)
            )
          )
        )
        (relus): ModuleList(
          (0): ReLU()
          (1): ReLU()
          (2): ReLU()
        )
        (fuse_layers): ModuleList(
          (0): ModuleList(
            (0): Identity()
            (1): Sequential(
              (0): Conv2d(36, 18, kernel_size=(1, 1), stride=(1, 1), bias=False)
              (1): SyncBatchNorm(18, eps=1e-05, momentum=0.1, affine=True, track_running_stats=True)
            )
            (2): Sequential(
              (0): Conv2d(72, 18, kernel_size=(1, 1), stride=(1, 1), bias=False)
              (1): SyncBatchNorm(18, eps=1e-05, momentum=0.1, affine=True, track_running_stats=True)
            )
          )
          (1): ModuleList(
            (0): Sequential(
              (0): Sequential(
                (0): Conv2d(18, 36, kernel_size=(3, 3), stride=(2, 2), padding=(1, 1), bias=False)
                (1): SyncBatchNorm(36, eps=1e-05, momentum=0.1, affine=True, track_running_stats=True)
              )
            )
            (1): Identity()
            (2): Sequential(
              (0): Conv2d(72, 36, kernel_size=(1, 1), stride=(1, 1), bias=False)
              (1): SyncBatchNorm(36, eps=1e-05, momentum=0.1, affine=True, track_running_stats=True)
            )
          )
          (2): ModuleList(
            (0): Sequential(
              (0): Sequential(
                (0): Conv2d(18, 18, kernel_size=(3, 3), stride=(2, 2), padding=(1, 1), bias=False)
                (1): SyncBatchNorm(18, eps=1e-05, momentum=0.1, affine=True, track_running_stats=True)
                (2): ReLU()
              )
              (1): Sequential(
                (0): Conv2d(18, 72, kernel_size=(3, 3), stride=(2, 2), padding=(1, 1), bias=False)
                (1): SyncBatchNorm(72, eps=1e-05, momentum=0.1, affine=True, track_running_stats=True)
              )
            )
            (1): Sequential(
              (0): Sequential(
                (0): Conv2d(36, 72, kernel_size=(3, 3), stride=(2, 2), padding=(1, 1), bias=False)
                (1): SyncBatchNorm(72, eps=1e-05, momentum=0.1, affine=True, track_running_stats=True)
              )
            )
            (2): Identity()
          )
        )
        (upsamples): ModuleList(
          (0): ModuleList(
            (0): FModule()
            (1): FModule()
          )
          (1): ModuleList(
            (0): FModule()
          )
          (2): ModuleList()
        )
        (adds): ModuleList(
          (0): ModuleList(
            (0): AddModule()
            (1): AddModule()
            (2): AddModule()
          )
          (1): ModuleList(
            (0): AddModule()
            (1): AddModule()
            (2): AddModule()
          )
          (2): ModuleList(
            (0): AddModule()
            (1): AddModule()
            (2): AddModule()
          )
        )
      )
      (2): HRModule(
        (branches): ModuleList(
          (0): Sequential(
            (0): BasicBlock(
              (conv1): Conv2d(18, 18, kernel_size=(3, 3), stride=(1, 1), padding=(1, 1), bias=False)
              (bn1): SyncBatchNorm(18, eps=1e-05, momentum=0.1, affine=True, track_running_stats=True)
              (conv2): Conv2d(18, 18, kernel_size=(3, 3), stride=(1, 1), padding=(1, 1), bias=False)
              (bn2): SyncBatchNorm(18, eps=1e-05, momentum=0.1, affine=True, track_running_stats=True)
              (relu): ReLU(inplace=True)
            )
            (1): BasicBlock(
              (conv1): Conv2d(18, 18, kernel_size=(3, 3), stride=(1, 1), padding=(1, 1), bias=False)
              (bn1): SyncBatchNorm(18, eps=1e-05, momentum=0.1, affine=True, track_running_stats=True)
              (conv2): Conv2d(18, 18, kernel_size=(3, 3), stride=(1, 1), padding=(1, 1), bias=False)
              (bn2): SyncBatchNorm(18, eps=1e-05, momentum=0.1, affine=True, track_running_stats=True)
              (relu): ReLU(inplace=True)
            )
          )
          (1): Sequential(
            (0): BasicBlock(
              (conv1): Conv2d(36, 36, kernel_size=(3, 3), stride=(1, 1), padding=(1, 1), bias=False)
              (bn1): SyncBatchNorm(36, eps=1e-05, momentum=0.1, affine=True, track_running_stats=True)
              (conv2): Conv2d(36, 36, kernel_size=(3, 3), stride=(1, 1), padding=(1, 1), bias=False)
              (bn2): SyncBatchNorm(36, eps=1e-05, momentum=0.1, affine=True, track_running_stats=True)
              (relu): ReLU(inplace=True)
            )
            (1): BasicBlock(
              (conv1): Conv2d(36, 36, kernel_size=(3, 3), stride=(1, 1), padding=(1, 1), bias=False)
              (bn1): SyncBatchNorm(36, eps=1e-05, momentum=0.1, affine=True, track_running_stats=True)
              (conv2): Conv2d(36, 36, kernel_size=(3, 3), stride=(1, 1), padding=(1, 1), bias=False)
              (bn2): SyncBatchNorm(36, eps=1e-05, momentum=0.1, affine=True, track_running_stats=True)
              (relu): ReLU(inplace=True)
            )
          )
          (2): Sequential(
            (0): BasicBlock(
              (conv1): Conv2d(72, 72, kernel_size=(3, 3), stride=(1, 1), padding=(1, 1), bias=False)
              (bn1): SyncBatchNorm(72, eps=1e-05, momentum=0.1, affine=True, track_running_stats=True)
              (conv2): Conv2d(72, 72, kernel_size=(3, 3), stride=(1, 1), padding=(1, 1), bias=False)
              (bn2): SyncBatchNorm(72, eps=1e-05, momentum=0.1, affine=True, track_running_stats=True)
              (relu): ReLU(inplace=True)
            )
            (1): BasicBlock(
              (conv1): Conv2d(72, 72, kernel_size=(3, 3), stride=(1, 1), padding=(1, 1), bias=False)
              (bn1): SyncBatchNorm(72, eps=1e-05, momentum=0.1, affine=True, track_running_stats=True)
              (conv2): Conv2d(72, 72, kernel_size=(3, 3), stride=(1, 1), padding=(1, 1), bias=False)
              (bn2): SyncBatchNorm(72, eps=1e-05, momentum=0.1, affine=True, track_running_stats=True)
              (relu): ReLU(inplace=True)
            )
          )
        )
        (relus): ModuleList(
          (0): ReLU()
          (1): ReLU()
          (2): ReLU()
        )
        (fuse_layers): ModuleList(
          (0): ModuleList(
            (0): Identity()
            (1): Sequential(
              (0): Conv2d(36, 18, kernel_size=(1, 1), stride=(1, 1), bias=False)
              (1): SyncBatchNorm(18, eps=1e-05, momentum=0.1, affine=True, track_running_stats=True)
            )
            (2): Sequential(
              (0): Conv2d(72, 18, kernel_size=(1, 1), stride=(1, 1), bias=False)
              (1): SyncBatchNorm(18, eps=1e-05, momentum=0.1, affine=True, track_running_stats=True)
            )
          )
          (1): ModuleList(
            (0): Sequential(
              (0): Sequential(
                (0): Conv2d(18, 36, kernel_size=(3, 3), stride=(2, 2), padding=(1, 1), bias=False)
                (1): SyncBatchNorm(36, eps=1e-05, momentum=0.1, affine=True, track_running_stats=True)
              )
            )
            (1): Identity()
            (2): Sequential(
              (0): Conv2d(72, 36, kernel_size=(1, 1), stride=(1, 1), bias=False)
              (1): SyncBatchNorm(36, eps=1e-05, momentum=0.1, affine=True, track_running_stats=True)
            )
          )
          (2): ModuleList(
            (0): Sequential(
              (0): Sequential(
                (0): Conv2d(18, 18, kernel_size=(3, 3), stride=(2, 2), padding=(1, 1), bias=False)
                (1): SyncBatchNorm(18, eps=1e-05, momentum=0.1, affine=True, track_running_stats=True)
                (2): ReLU()
              )
              (1): Sequential(
                (0): Conv2d(18, 72, kernel_size=(3, 3), stride=(2, 2), padding=(1, 1), bias=False)
                (1): SyncBatchNorm(72, eps=1e-05, momentum=0.1, affine=True, track_running_stats=True)
              )
            )
            (1): Sequential(
              (0): Sequential(
                (0): Conv2d(36, 72, kernel_size=(3, 3), stride=(2, 2), padding=(1, 1), bias=False)
                (1): SyncBatchNorm(72, eps=1e-05, momentum=0.1, affine=True, track_running_stats=True)
              )
            )
            (2): Identity()
          )
        )
        (upsamples): ModuleList(
          (0): ModuleList(
            (0): FModule()
            (1): FModule()
          )
          (1): ModuleList(
            (0): FModule()
          )
          (2): ModuleList()
        )
        (adds): ModuleList(
          (0): ModuleList(
            (0): AddModule()
            (1): AddModule()
            (2): AddModule()
          )
          (1): ModuleList(
            (0): AddModule()
            (1): AddModule()
            (2): AddModule()
          )
          (2): ModuleList(
            (0): AddModule()
            (1): AddModule()
            (2): AddModule()
          )
        )
      )
    )
    (transition3): ModuleList(
      (0): Identity()
      (1): Identity()
      (2): Identity()
      (3): Sequential(
        (0): Sequential(
          (0): Conv2d(72, 144, kernel_size=(3, 3), stride=(2, 2), padding=(1, 1), bias=False)
          (1): SyncBatchNorm(144, eps=1e-05, momentum=0.1, affine=True, track_running_stats=True)
          (2): ReLU(inplace=True)
        )
      )
    )
    (stage4): Sequential(
      (0): HRModule(
        (branches): ModuleList(
          (0): Sequential(
            (0): BasicBlock(
              (conv1): Conv2d(18, 18, kernel_size=(3, 3), stride=(1, 1), padding=(1, 1), bias=False)
              (bn1): SyncBatchNorm(18, eps=1e-05, momentum=0.1, affine=True, track_running_stats=True)
              (conv2): Conv2d(18, 18, kernel_size=(3, 3), stride=(1, 1), padding=(1, 1), bias=False)
              (bn2): SyncBatchNorm(18, eps=1e-05, momentum=0.1, affine=True, track_running_stats=True)
              (relu): ReLU(inplace=True)
            )
            (1): BasicBlock(
              (conv1): Conv2d(18, 18, kernel_size=(3, 3), stride=(1, 1), padding=(1, 1), bias=False)
              (bn1): SyncBatchNorm(18, eps=1e-05, momentum=0.1, affine=True, track_running_stats=True)
              (conv2): Conv2d(18, 18, kernel_size=(3, 3), stride=(1, 1), padding=(1, 1), bias=False)
              (bn2): SyncBatchNorm(18, eps=1e-05, momentum=0.1, affine=True, track_running_stats=True)
              (relu): ReLU(inplace=True)
            )
          )
          (1): Sequential(
            (0): BasicBlock(
              (conv1): Conv2d(36, 36, kernel_size=(3, 3), stride=(1, 1), padding=(1, 1), bias=False)
              (bn1): SyncBatchNorm(36, eps=1e-05, momentum=0.1, affine=True, track_running_stats=True)
              (conv2): Conv2d(36, 36, kernel_size=(3, 3), stride=(1, 1), padding=(1, 1), bias=False)
              (bn2): SyncBatchNorm(36, eps=1e-05, momentum=0.1, affine=True, track_running_stats=True)
              (relu): ReLU(inplace=True)
            )
            (1): BasicBlock(
              (conv1): Conv2d(36, 36, kernel_size=(3, 3), stride=(1, 1), padding=(1, 1), bias=False)
              (bn1): SyncBatchNorm(36, eps=1e-05, momentum=0.1, affine=True, track_running_stats=True)
              (conv2): Conv2d(36, 36, kernel_size=(3, 3), stride=(1, 1), padding=(1, 1), bias=False)
              (bn2): SyncBatchNorm(36, eps=1e-05, momentum=0.1, affine=True, track_running_stats=True)
              (relu): ReLU(inplace=True)
            )
          )
          (2): Sequential(
            (0): BasicBlock(
              (conv1): Conv2d(72, 72, kernel_size=(3, 3), stride=(1, 1), padding=(1, 1), bias=False)
              (bn1): SyncBatchNorm(72, eps=1e-05, momentum=0.1, affine=True, track_running_stats=True)
              (conv2): Conv2d(72, 72, kernel_size=(3, 3), stride=(1, 1), padding=(1, 1), bias=False)
              (bn2): SyncBatchNorm(72, eps=1e-05, momentum=0.1, affine=True, track_running_stats=True)
              (relu): ReLU(inplace=True)
            )
            (1): BasicBlock(
              (conv1): Conv2d(72, 72, kernel_size=(3, 3), stride=(1, 1), padding=(1, 1), bias=False)
              (bn1): SyncBatchNorm(72, eps=1e-05, momentum=0.1, affine=True, track_running_stats=True)
              (conv2): Conv2d(72, 72, kernel_size=(3, 3), stride=(1, 1), padding=(1, 1), bias=False)
              (bn2): SyncBatchNorm(72, eps=1e-05, momentum=0.1, affine=True, track_running_stats=True)
              (relu): ReLU(inplace=True)
            )
          )
          (3): Sequential(
            (0): BasicBlock(
              (conv1): Conv2d(144, 144, kernel_size=(3, 3), stride=(1, 1), padding=(1, 1), bias=False)
              (bn1): SyncBatchNorm(144, eps=1e-05, momentum=0.1, affine=True, track_running_stats=True)
              (conv2): Conv2d(144, 144, kernel_size=(3, 3), stride=(1, 1), padding=(1, 1), bias=False)
              (bn2): SyncBatchNorm(144, eps=1e-05, momentum=0.1, affine=True, track_running_stats=True)
              (relu): ReLU(inplace=True)
            )
            (1): BasicBlock(
              (conv1): Conv2d(144, 144, kernel_size=(3, 3), stride=(1, 1), padding=(1, 1), bias=False)
              (bn1): SyncBatchNorm(144, eps=1e-05, momentum=0.1, affine=True, track_running_stats=True)
              (conv2): Conv2d(144, 144, kernel_size=(3, 3), stride=(1, 1), padding=(1, 1), bias=False)
              (bn2): SyncBatchNorm(144, eps=1e-05, momentum=0.1, affine=True, track_running_stats=True)
              (relu): ReLU(inplace=True)
            )
          )
        )
        (relus): ModuleList(
          (0): ReLU()
          (1): ReLU()
          (2): ReLU()
          (3): ReLU()
        )
        (fuse_layers): ModuleList(
          (0): ModuleList(
            (0): Identity()
            (1): Sequential(
              (0): Conv2d(36, 18, kernel_size=(1, 1), stride=(1, 1), bias=False)
              (1): SyncBatchNorm(18, eps=1e-05, momentum=0.1, affine=True, track_running_stats=True)
            )
            (2): Sequential(
              (0): Conv2d(72, 18, kernel_size=(1, 1), stride=(1, 1), bias=False)
              (1): SyncBatchNorm(18, eps=1e-05, momentum=0.1, affine=True, track_running_stats=True)
            )
            (3): Sequential(
              (0): Conv2d(144, 18, kernel_size=(1, 1), stride=(1, 1), bias=False)
              (1): SyncBatchNorm(18, eps=1e-05, momentum=0.1, affine=True, track_running_stats=True)
            )
          )
          (1): ModuleList(
            (0): Sequential(
              (0): Sequential(
                (0): Conv2d(18, 36, kernel_size=(3, 3), stride=(2, 2), padding=(1, 1), bias=False)
                (1): SyncBatchNorm(36, eps=1e-05, momentum=0.1, affine=True, track_running_stats=True)
              )
            )
            (1): Identity()
            (2): Sequential(
              (0): Conv2d(72, 36, kernel_size=(1, 1), stride=(1, 1), bias=False)
              (1): SyncBatchNorm(36, eps=1e-05, momentum=0.1, affine=True, track_running_stats=True)
            )
            (3): Sequential(
              (0): Conv2d(144, 36, kernel_size=(1, 1), stride=(1, 1), bias=False)
              (1): SyncBatchNorm(36, eps=1e-05, momentum=0.1, affine=True, track_running_stats=True)
            )
          )
          (2): ModuleList(
            (0): Sequential(
              (0): Sequential(
                (0): Conv2d(18, 18, kernel_size=(3, 3), stride=(2, 2), padding=(1, 1), bias=False)
                (1): SyncBatchNorm(18, eps=1e-05, momentum=0.1, affine=True, track_running_stats=True)
                (2): ReLU()
              )
              (1): Sequential(
                (0): Conv2d(18, 72, kernel_size=(3, 3), stride=(2, 2), padding=(1, 1), bias=False)
                (1): SyncBatchNorm(72, eps=1e-05, momentum=0.1, affine=True, track_running_stats=True)
              )
            )
            (1): Sequential(
              (0): Sequential(
                (0): Conv2d(36, 72, kernel_size=(3, 3), stride=(2, 2), padding=(1, 1), bias=False)
                (1): SyncBatchNorm(72, eps=1e-05, momentum=0.1, affine=True, track_running_stats=True)
              )
            )
            (2): Identity()
            (3): Sequential(
              (0): Conv2d(144, 72, kernel_size=(1, 1), stride=(1, 1), bias=False)
              (1): SyncBatchNorm(72, eps=1e-05, momentum=0.1, affine=True, track_running_stats=True)
            )
          )
          (3): ModuleList(
            (0): Sequential(
              (0): Sequential(
                (0): Conv2d(18, 18, kernel_size=(3, 3), stride=(2, 2), padding=(1, 1), bias=False)
                (1): SyncBatchNorm(18, eps=1e-05, momentum=0.1, affine=True, track_running_stats=True)
                (2): ReLU()
              )
              (1): Sequential(
                (0): Conv2d(18, 18, kernel_size=(3, 3), stride=(2, 2), padding=(1, 1), bias=False)
                (1): SyncBatchNorm(18, eps=1e-05, momentum=0.1, affine=True, track_running_stats=True)
                (2): ReLU()
              )
              (2): Sequential(
                (0): Conv2d(18, 144, kernel_size=(3, 3), stride=(2, 2), padding=(1, 1), bias=False)
                (1): SyncBatchNorm(144, eps=1e-05, momentum=0.1, affine=True, track_running_stats=True)
              )
            )
            (1): Sequential(
              (0): Sequential(
                (0): Conv2d(36, 36, kernel_size=(3, 3), stride=(2, 2), padding=(1, 1), bias=False)
                (1): SyncBatchNorm(36, eps=1e-05, momentum=0.1, affine=True, track_running_stats=True)
                (2): ReLU()
              )
              (1): Sequential(
                (0): Conv2d(36, 144, kernel_size=(3, 3), stride=(2, 2), padding=(1, 1), bias=False)
                (1): SyncBatchNorm(144, eps=1e-05, momentum=0.1, affine=True, track_running_stats=True)
              )
            )
            (2): Sequential(
              (0): Sequential(
                (0): Conv2d(72, 144, kernel_size=(3, 3), stride=(2, 2), padding=(1, 1), bias=False)
                (1): SyncBatchNorm(144, eps=1e-05, momentum=0.1, affine=True, track_running_stats=True)
              )
            )
            (3): Identity()
          )
        )
        (upsamples): ModuleList(
          (0): ModuleList(
            (0): FModule()
            (1): FModule()
            (2): FModule()
          )
          (1): ModuleList(
            (0): FModule()
            (1): FModule()
          )
          (2): ModuleList(
            (0): FModule()
          )
          (3): ModuleList()
        )
        (adds): ModuleList(
          (0): ModuleList(
            (0): AddModule()
            (1): AddModule()
            (2): AddModule()
            (3): AddModule()
          )
          (1): ModuleList(
            (0): AddModule()
            (1): AddModule()
            (2): AddModule()
            (3): AddModule()
          )
          (2): ModuleList(
            (0): AddModule()
            (1): AddModule()
            (2): AddModule()
            (3): AddModule()
          )
          (3): ModuleList(
            (0): AddModule()
            (1): AddModule()
            (2): AddModule()
            (3): AddModule()
          )
        )
      )
      (1): HRModule(
        (branches): ModuleList(
          (0): Sequential(
            (0): BasicBlock(
              (conv1): Conv2d(18, 18, kernel_size=(3, 3), stride=(1, 1), padding=(1, 1), bias=False)
              (bn1): SyncBatchNorm(18, eps=1e-05, momentum=0.1, affine=True, track_running_stats=True)
              (conv2): Conv2d(18, 18, kernel_size=(3, 3), stride=(1, 1), padding=(1, 1), bias=False)
              (bn2): SyncBatchNorm(18, eps=1e-05, momentum=0.1, affine=True, track_running_stats=True)
              (relu): ReLU(inplace=True)
            )
            (1): BasicBlock(
              (conv1): Conv2d(18, 18, kernel_size=(3, 3), stride=(1, 1), padding=(1, 1), bias=False)
              (bn1): SyncBatchNorm(18, eps=1e-05, momentum=0.1, affine=True, track_running_stats=True)
              (conv2): Conv2d(18, 18, kernel_size=(3, 3), stride=(1, 1), padding=(1, 1), bias=False)
              (bn2): SyncBatchNorm(18, eps=1e-05, momentum=0.1, affine=True, track_running_stats=True)
              (relu): ReLU(inplace=True)
            )
          )
          (1): Sequential(
            (0): BasicBlock(
              (conv1): Conv2d(36, 36, kernel_size=(3, 3), stride=(1, 1), padding=(1, 1), bias=False)
              (bn1): SyncBatchNorm(36, eps=1e-05, momentum=0.1, affine=True, track_running_stats=True)
              (conv2): Conv2d(36, 36, kernel_size=(3, 3), stride=(1, 1), padding=(1, 1), bias=False)
              (bn2): SyncBatchNorm(36, eps=1e-05, momentum=0.1, affine=True, track_running_stats=True)
              (relu): ReLU(inplace=True)
            )
            (1): BasicBlock(
              (conv1): Conv2d(36, 36, kernel_size=(3, 3), stride=(1, 1), padding=(1, 1), bias=False)
              (bn1): SyncBatchNorm(36, eps=1e-05, momentum=0.1, affine=True, track_running_stats=True)
              (conv2): Conv2d(36, 36, kernel_size=(3, 3), stride=(1, 1), padding=(1, 1), bias=False)
              (bn2): SyncBatchNorm(36, eps=1e-05, momentum=0.1, affine=True, track_running_stats=True)
              (relu): ReLU(inplace=True)
            )
          )
          (2): Sequential(
            (0): BasicBlock(
              (conv1): Conv2d(72, 72, kernel_size=(3, 3), stride=(1, 1), padding=(1, 1), bias=False)
              (bn1): SyncBatchNorm(72, eps=1e-05, momentum=0.1, affine=True, track_running_stats=True)
              (conv2): Conv2d(72, 72, kernel_size=(3, 3), stride=(1, 1), padding=(1, 1), bias=False)
              (bn2): SyncBatchNorm(72, eps=1e-05, momentum=0.1, affine=True, track_running_stats=True)
              (relu): ReLU(inplace=True)
            )
            (1): BasicBlock(
              (conv1): Conv2d(72, 72, kernel_size=(3, 3), stride=(1, 1), padding=(1, 1), bias=False)
              (bn1): SyncBatchNorm(72, eps=1e-05, momentum=0.1, affine=True, track_running_stats=True)
              (conv2): Conv2d(72, 72, kernel_size=(3, 3), stride=(1, 1), padding=(1, 1), bias=False)
              (bn2): SyncBatchNorm(72, eps=1e-05, momentum=0.1, affine=True, track_running_stats=True)
              (relu): ReLU(inplace=True)
            )
          )
          (3): Sequential(
            (0): BasicBlock(
              (conv1): Conv2d(144, 144, kernel_size=(3, 3), stride=(1, 1), padding=(1, 1), bias=False)
              (bn1): SyncBatchNorm(144, eps=1e-05, momentum=0.1, affine=True, track_running_stats=True)
              (conv2): Conv2d(144, 144, kernel_size=(3, 3), stride=(1, 1), padding=(1, 1), bias=False)
              (bn2): SyncBatchNorm(144, eps=1e-05, momentum=0.1, affine=True, track_running_stats=True)
              (relu): ReLU(inplace=True)
            )
            (1): BasicBlock(
              (conv1): Conv2d(144, 144, kernel_size=(3, 3), stride=(1, 1), padding=(1, 1), bias=False)
              (bn1): SyncBatchNorm(144, eps=1e-05, momentum=0.1, affine=True, track_running_stats=True)
              (conv2): Conv2d(144, 144, kernel_size=(3, 3), stride=(1, 1), padding=(1, 1), bias=False)
              (bn2): SyncBatchNorm(144, eps=1e-05, momentum=0.1, affine=True, track_running_stats=True)
              (relu): ReLU(inplace=True)
            )
          )
        )
        (relus): ModuleList(
          (0): ReLU()
          (1): ReLU()
          (2): ReLU()
          (3): ReLU()
        )
        (fuse_layers): ModuleList(
          (0): ModuleList(
            (0): Identity()
            (1): Sequential(
              (0): Conv2d(36, 18, kernel_size=(1, 1), stride=(1, 1), bias=False)
              (1): SyncBatchNorm(18, eps=1e-05, momentum=0.1, affine=True, track_running_stats=True)
            )
            (2): Sequential(
              (0): Conv2d(72, 18, kernel_size=(1, 1), stride=(1, 1), bias=False)
              (1): SyncBatchNorm(18, eps=1e-05, momentum=0.1, affine=True, track_running_stats=True)
            )
            (3): Sequential(
              (0): Conv2d(144, 18, kernel_size=(1, 1), stride=(1, 1), bias=False)
              (1): SyncBatchNorm(18, eps=1e-05, momentum=0.1, affine=True, track_running_stats=True)
            )
          )
          (1): ModuleList(
            (0): Sequential(
              (0): Sequential(
                (0): Conv2d(18, 36, kernel_size=(3, 3), stride=(2, 2), padding=(1, 1), bias=False)
                (1): SyncBatchNorm(36, eps=1e-05, momentum=0.1, affine=True, track_running_stats=True)
              )
            )
            (1): Identity()
            (2): Sequential(
              (0): Conv2d(72, 36, kernel_size=(1, 1), stride=(1, 1), bias=False)
              (1): SyncBatchNorm(36, eps=1e-05, momentum=0.1, affine=True, track_running_stats=True)
            )
            (3): Sequential(
              (0): Conv2d(144, 36, kernel_size=(1, 1), stride=(1, 1), bias=False)
              (1): SyncBatchNorm(36, eps=1e-05, momentum=0.1, affine=True, track_running_stats=True)
            )
          )
          (2): ModuleList(
            (0): Sequential(
              (0): Sequential(
                (0): Conv2d(18, 18, kernel_size=(3, 3), stride=(2, 2), padding=(1, 1), bias=False)
                (1): SyncBatchNorm(18, eps=1e-05, momentum=0.1, affine=True, track_running_stats=True)
                (2): ReLU()
              )
              (1): Sequential(
                (0): Conv2d(18, 72, kernel_size=(3, 3), stride=(2, 2), padding=(1, 1), bias=False)
                (1): SyncBatchNorm(72, eps=1e-05, momentum=0.1, affine=True, track_running_stats=True)
              )
            )
            (1): Sequential(
              (0): Sequential(
                (0): Conv2d(36, 72, kernel_size=(3, 3), stride=(2, 2), padding=(1, 1), bias=False)
                (1): SyncBatchNorm(72, eps=1e-05, momentum=0.1, affine=True, track_running_stats=True)
              )
            )
            (2): Identity()
            (3): Sequential(
              (0): Conv2d(144, 72, kernel_size=(1, 1), stride=(1, 1), bias=False)
              (1): SyncBatchNorm(72, eps=1e-05, momentum=0.1, affine=True, track_running_stats=True)
            )
          )
          (3): ModuleList(
            (0): Sequential(
              (0): Sequential(
                (0): Conv2d(18, 18, kernel_size=(3, 3), stride=(2, 2), padding=(1, 1), bias=False)
                (1): SyncBatchNorm(18, eps=1e-05, momentum=0.1, affine=True, track_running_stats=True)
                (2): ReLU()
              )
              (1): Sequential(
                (0): Conv2d(18, 18, kernel_size=(3, 3), stride=(2, 2), padding=(1, 1), bias=False)
                (1): SyncBatchNorm(18, eps=1e-05, momentum=0.1, affine=True, track_running_stats=True)
                (2): ReLU()
              )
              (2): Sequential(
                (0): Conv2d(18, 144, kernel_size=(3, 3), stride=(2, 2), padding=(1, 1), bias=False)
                (1): SyncBatchNorm(144, eps=1e-05, momentum=0.1, affine=True, track_running_stats=True)
              )
            )
            (1): Sequential(
              (0): Sequential(
                (0): Conv2d(36, 36, kernel_size=(3, 3), stride=(2, 2), padding=(1, 1), bias=False)
                (1): SyncBatchNorm(36, eps=1e-05, momentum=0.1, affine=True, track_running_stats=True)
                (2): ReLU()
              )
              (1): Sequential(
                (0): Conv2d(36, 144, kernel_size=(3, 3), stride=(2, 2), padding=(1, 1), bias=False)
                (1): SyncBatchNorm(144, eps=1e-05, momentum=0.1, affine=True, track_running_stats=True)
              )
            )
            (2): Sequential(
              (0): Sequential(
                (0): Conv2d(72, 144, kernel_size=(3, 3), stride=(2, 2), padding=(1, 1), bias=False)
                (1): SyncBatchNorm(144, eps=1e-05, momentum=0.1, affine=True, track_running_stats=True)
              )
            )
            (3): Identity()
          )
        )
        (upsamples): ModuleList(
          (0): ModuleList(
            (0): FModule()
            (1): FModule()
            (2): FModule()
          )
          (1): ModuleList(
            (0): FModule()
            (1): FModule()
          )
          (2): ModuleList(
            (0): FModule()
          )
          (3): ModuleList()
        )
        (adds): ModuleList(
          (0): ModuleList(
            (0): AddModule()
            (1): AddModule()
            (2): AddModule()
            (3): AddModule()
          )
          (1): ModuleList(
            (0): AddModule()
            (1): AddModule()
            (2): AddModule()
            (3): AddModule()
          )
          (2): ModuleList(
            (0): AddModule()
            (1): AddModule()
            (2): AddModule()
            (3): AddModule()
          )
          (3): ModuleList(
            (0): AddModule()
            (1): AddModule()
            (2): AddModule()
            (3): AddModule()
          )
        )
      )
    )
  )
  (head): FCNHead(
    (interpolate): FModule()
    (losses): ModuleList(
      (0): CE(
        (fn): CrossEntropyLoss()
      )
      (1): Dice()
    )
    (convs): Sequential(
      (0): ConvModule(
        (conv): Conv2d(270, 270, kernel_size=(1, 1), stride=(1, 1), bias=False)
        (bn): SyncBatchNorm(270, eps=1e-05, momentum=0.1, affine=True, track_running_stats=True)
        (activate): ReLU(inplace=True)
      )
    )
    (last_layer): ConvModule(
      (conv): Conv2d(270, 2, kernel_size=(1, 1), stride=(1, 1))
    )
  )
)
------------------------------------------------------------

[2022-12-02 14:32:19,876][INFO][/python/lib/python3.8/site-packages/torch/multiprocessing/spawn.py][59] pretrained_weights is None, init weights.
[2022-12-02 14:32:19,936][INFO][/python/lib/python3.8/site-packages/torch/multiprocessing/spawn.py][59] Load [backbone] pretrained-weights
[2022-12-02 14:32:20,077][INFO][/python/lib/python3.8/site-packages/torch/multiprocessing/spawn.py][59] Loading checkpoint from /newdata/jiachen/project/boer/d8x/demo/hrnet_w18_v2.pth
[2022-12-02 14:32:21,306][INFO][/python/lib/python3.8/site-packages/torch/multiprocessing/spawn.py][59] Load [head] pretrained-weights
[2022-12-02 14:32:21,307][INFO][/python/lib/python3.8/site-packages/torch/multiprocessing/spawn.py][59] pretrained_weights is None, init weights.
[2022-12-02 14:32:21,686][INFO][/python/lib/python3.8/site-packages/torch/multiprocessing/spawn.py][59] Starting training from iteration 1
[2022-12-02 14:33:16,267][INFO][/python/lib/python3.8/site-packages/torch/multiprocessing/spawn.py][59] eta: 1:22:02  iter: 100 progress: 1 head/CE: 0.6838  head/Dice: 0.7664 head/acc: 75.3368 time: 0.497   data_time: 0.006  forward_time: 0.372  backward_time: 0.098  lr: 0.001000  max_mem: 6247M
[2022-12-02 14:34:04,822][INFO][/python/lib/python3.8/site-packages/torch/multiprocessing/spawn.py][59] eta: 1:21:51  iter: 200 progress: 2 head/CE: 0.4754  head/Dice: 0.7151 head/acc: 78.3679 time: 0.501   data_time: 0.008  forward_time: 0.392  backward_time: 0.100  lr: 0.000999  max_mem: 6247M
[2022-12-02 14:34:53,634][INFO][/python/lib/python3.8/site-packages/torch/multiprocessing/spawn.py][59] eta: 1:16:23  iter: 300 progress: 3 head/CE: 0.3437  head/Dice: 0.5185 head/acc: 84.8074 time: 0.473   data_time: 0.006  forward_time: 0.353  backward_time: 0.103  lr: 0.000998  max_mem: 6247M
[2022-12-02 14:35:42,935][INFO][/python/lib/python3.8/site-packages/torch/multiprocessing/spawn.py][59] eta: 1:18:04  iter: 400 progress: 4 head/CE: 0.2645  head/Dice: 0.4445 head/acc: 87.6106 time: 0.488   data_time: 0.006  forward_time: 0.375  backward_time: 0.107  lr: 0.000996  max_mem: 6247M
[2022-12-02 14:36:32,153][INFO][/python/lib/python3.8/site-packages/torch/multiprocessing/spawn.py][59] eta: 1:14:38  iter: 500 progress: 5 head/CE: 0.2276  head/Dice: 0.4097 head/acc: 89.3032 time: 0.471   data_time: 0.007  forward_time: 0.360  backward_time: 0.101  lr: 0.000994  max_mem: 6247M
[2022-12-02 14:37:21,924][INFO][/python/lib/python3.8/site-packages/torch/multiprocessing/spawn.py][59] eta: 1:15:27  iter: 600 progress: 6 head/CE: 0.2101  head/Dice: 0.3620 head/acc: 91.3358 time: 0.482   data_time: 0.009  forward_time: 0.365  backward_time: 0.099  lr: 0.000991  max_mem: 6247M
[2022-12-02 14:38:11,182][INFO][/python/lib/python3.8/site-packages/torch/multiprocessing/spawn.py][59] eta: 1:16:55  iter: 700 progress: 7 head/CE: 0.2148  head/Dice: 0.4275 head/acc: 88.0399 time: 0.496   data_time: 0.007  forward_time: 0.376  backward_time: 0.101  lr: 0.000988  max_mem: 6247M
[2022-12-02 14:38:59,954][INFO][/python/lib/python3.8/site-packages/torch/multiprocessing/spawn.py][59] eta: 1:16:09  iter: 800 progress: 8 head/CE: 0.2133  head/Dice: 0.3072 head/acc: 91.8509 time: 0.497   data_time: 0.005  forward_time: 0.371  backward_time: 0.115  lr: 0.000984  max_mem: 6247M
[2022-12-02 14:39:49,080][INFO][/python/lib/python3.8/site-packages/torch/multiprocessing/spawn.py][59] eta: 1:16:04  iter: 900 progress: 9 head/CE: 0.2149  head/Dice: 0.3592 head/acc: 89.7098 time: 0.502   data_time: 0.008  forward_time: 0.376  backward_time: 0.110  lr: 0.000980  max_mem: 6247M
[2022-12-02 14:40:38,734][INFO][/python/lib/python3.8/site-packages/torch/multiprocessing/spawn.py][59] Saving checkpoint to /newdata/jiachen/project/fugui/exp2/model/model_1000.pth
[2022-12-02 14:40:39,451][INFO][/python/lib/python3.8/site-packages/torch/multiprocessing/spawn.py][59] Start inference on 1 iterations
[2022-12-02 14:40:42,363][INFO][/python/lib/python3.8/site-packages/torch/multiprocessing/spawn.py][59] Inference done 1/1.Iter Time: 2.9115. ETA=0:00:00
[2022-12-02 14:40:42,829][INFO][/python/lib/python3.8/site-packages/torch/multiprocessing/spawn.py][59] Evaluation results for val in csv format:
[2022-12-02 14:40:42,829][INFO][/python/lib/python3.8/site-packages/torch/multiprocessing/spawn.py][59] {
    "PixelBasedEvaluator/iou/bg": 76.6589173610567,
    "PixelBasedEvaluator/iou/cat": 27.401404022730002,
    "PixelBasedEvaluator/iou/mean": 52.03016069189335,
    "PixelBasedEvaluator/recall/bg": 84.42589220904786,
    "PixelBasedEvaluator/recall/cat": 48.91734124823691,
    "PixelBasedEvaluator/recall/mean": 66.67161672864239,
    "PixelBasedEvaluator/precision/bg": 89.28500251324968,
    "PixelBasedEvaluator/precision/cat": 38.385016329627554,
    "PixelBasedEvaluator/precision/mean": 63.83500942143861
}
[2022-12-02 14:40:42,830][INFO][/python/lib/python3.8/site-packages/torch/multiprocessing/spawn.py][59] eta: 1:12:50  iter: 1000 progress: 10 head/CE: 0.2078  head/Dice: 0.2970 head/acc: 91.7033 time: 0.486   data_time: 0.006  forward_time: 0.375  backward_time: 0.098  lr: 0.000976  max_mem: 6247M
[2022-12-02 14:41:31,566][INFO][/python/lib/python3.8/site-packages/torch/multiprocessing/spawn.py][59] eta: 1:12:57  iter: 1100 progress: 11 head/CE: 0.2072  head/Dice: 0.3725 head/acc: 89.4947 time: 0.492   data_time: 0.007  forward_time: 0.387  backward_time: 0.098  lr: 0.000970  max_mem: 6248M
[2022-12-02 14:42:19,907][INFO][/python/lib/python3.8/site-packages/torch/multiprocessing/spawn.py][59] eta: 1:09:32  iter: 1200 progress: 12 head/CE: 0.1821  head/Dice: 0.2876 head/acc: 92.2557 time: 0.474   data_time: 0.006  forward_time: 0.355  backward_time: 0.107  lr: 0.000965  max_mem: 6248M
[2022-12-02 14:43:09,816][INFO][/python/lib/python3.8/site-packages/torch/multiprocessing/spawn.py][59] eta: 1:21:05  iter: 1300 progress: 13 head/CE: 0.2359  head/Dice: 0.3524 head/acc: 91.0064 time: 0.559   data_time: 0.007  forward_time: 0.374  backward_time: 0.127  lr: 0.000959  max_mem: 6248M
[2022-12-02 14:43:59,738][INFO][/python/lib/python3.8/site-packages/torch/multiprocessing/spawn.py][59] eta: 1:10:42  iter: 1400 progress: 14 head/CE: 0.2014  head/Dice: 0.3355 head/acc: 91.3148 time: 0.493   data_time: 0.007  forward_time: 0.383  backward_time: 0.100  lr: 0.000952  max_mem: 6248M
[2022-12-02 14:44:48,266][INFO][/python/lib/python3.8/site-packages/torch/multiprocessing/spawn.py][59] eta: 1:06:54  iter: 1500 progress: 15 head/CE: 0.2284  head/Dice: 0.3821 head/acc: 90.0342 time: 0.472   data_time: 0.007  forward_time: 0.376  backward_time: 0.089  lr: 0.000946  max_mem: 6248M
[2022-12-02 14:45:37,669][INFO][/python/lib/python3.8/site-packages/torch/multiprocessing/spawn.py][59] eta: 1:11:13  iter: 1600 progress: 16 head/CE: 0.1869  head/Dice: 0.3264 head/acc: 91.0746 time: 0.509   data_time: 0.008  forward_time: 0.376  backward_time: 0.119  lr: 0.000938  max_mem: 6248M
[2022-12-02 14:46:26,758][INFO][/python/lib/python3.8/site-packages/torch/multiprocessing/spawn.py][59] eta: 1:07:01  iter: 1700 progress: 17 head/CE: 0.1442  head/Dice: 0.2885 head/acc: 92.6491 time: 0.485   data_time: 0.008  forward_time: 0.365  backward_time: 0.104  lr: 0.000930  max_mem: 6248M
[2022-12-02 14:47:15,761][INFO][/python/lib/python3.8/site-packages/torch/multiprocessing/spawn.py][59] eta: 1:06:06  iter: 1800 progress: 18 head/CE: 0.1810  head/Dice: 0.3490 head/acc: 90.3508 time: 0.484   data_time: 0.006  forward_time: 0.377  backward_time: 0.093  lr: 0.000922  max_mem: 6248M
[2022-12-02 14:48:04,093][INFO][/python/lib/python3.8/site-packages/torch/multiprocessing/spawn.py][59] eta: 1:05:07  iter: 1900 progress: 19 head/CE: 0.1902  head/Dice: 0.3260 head/acc: 91.8050 time: 0.482   data_time: 0.008  forward_time: 0.375  backward_time: 0.099  lr: 0.000914  max_mem: 6248M
[2022-12-02 14:48:52,710][INFO][/python/lib/python3.8/site-packages/torch/multiprocessing/spawn.py][59] Saving checkpoint to /newdata/jiachen/project/fugui/exp2/model/model_2000.pth
[2022-12-02 14:48:53,138][INFO][/python/lib/python3.8/site-packages/torch/multiprocessing/spawn.py][59] Start inference on 1 iterations
[2022-12-02 14:48:56,069][INFO][/python/lib/python3.8/site-packages/torch/multiprocessing/spawn.py][59] Inference done 1/1.Iter Time: 2.9299. ETA=0:00:00
[2022-12-02 14:48:56,477][INFO][/python/lib/python3.8/site-packages/torch/multiprocessing/spawn.py][59] Evaluation results for val in csv format:
[2022-12-02 14:48:56,477][INFO][/python/lib/python3.8/site-packages/torch/multiprocessing/spawn.py][59] {
    "PixelBasedEvaluator/iou/bg": 87.445996547986,
    "PixelBasedEvaluator/iou/cat": 48.78894822898675,
    "PixelBasedEvaluator/iou/mean": 68.11747238848638,
    "PixelBasedEvaluator/recall/bg": 93.59594882329176,
    "PixelBasedEvaluator/recall/cat": 64.5418485812241,
    "PixelBasedEvaluator/recall/mean": 79.06889870225794,
    "PixelBasedEvaluator/precision/bg": 93.01108926725486,
    "PixelBasedEvaluator/precision/cat": 66.65501633579002,
    "PixelBasedEvaluator/precision/mean": 79.83305280152244
}
[2022-12-02 14:48:56,479][INFO][/python/lib/python3.8/site-packages/torch/multiprocessing/spawn.py][59] eta: 1:03:21  iter: 2000 progress: 20 head/CE: 0.1526  head/Dice: 0.2861 head/acc: 92.1994 time: 0.475   data_time: 0.007  forward_time: 0.366  backward_time: 0.103  lr: 0.000905  max_mem: 6248M
[2022-12-02 14:49:45,584][INFO][/python/lib/python3.8/site-packages/torch/multiprocessing/spawn.py][59] eta: 1:02:21  iter: 2100 progress: 21 head/CE: 0.2107  head/Dice: 0.3687 head/acc: 90.9010 time: 0.474   data_time: 0.007  forward_time: 0.360  backward_time: 0.100  lr: 0.000895  max_mem: 6250M
[2022-12-02 14:50:34,031][INFO][/python/lib/python3.8/site-packages/torch/multiprocessing/spawn.py][59] eta: 1:02:42  iter: 2200 progress: 22 head/CE: 0.1801  head/Dice: 0.3082 head/acc: 92.1177 time: 0.482   data_time: 0.008  forward_time: 0.362  backward_time: 0.098  lr: 0.000885  max_mem: 6250M
[2022-12-02 14:51:24,726][INFO][/python/lib/python3.8/site-packages/torch/multiprocessing/spawn.py][59] eta: 1:13:44  iter: 2300 progress: 23 head/CE: 0.1506  head/Dice: 0.2603 head/acc: 93.3630 time: 0.575   data_time: 0.006  forward_time: 0.426  backward_time: 0.145  lr: 0.000875  max_mem: 6250M
[2022-12-02 14:52:13,376][INFO][/python/lib/python3.8/site-packages/torch/multiprocessing/spawn.py][59] eta: 1:02:51  iter: 2400 progress: 24 head/CE: 0.1597  head/Dice: 0.3108 head/acc: 91.1873 time: 0.496   data_time: 0.006  forward_time: 0.379  backward_time: 0.100  lr: 0.000865  max_mem: 6250M
[2022-12-02 14:53:02,255][INFO][/python/lib/python3.8/site-packages/torch/multiprocessing/spawn.py][59] eta: 1:02:32  iter: 2500 progress: 25 head/CE: 0.1815  head/Dice: 0.2836 head/acc: 92.3373 time: 0.500   data_time: 0.008  forward_time: 0.384  backward_time: 0.108  lr: 0.000854  max_mem: 6250M
[2022-12-02 14:53:52,567][INFO][/python/lib/python3.8/site-packages/torch/multiprocessing/spawn.py][59] eta: 1:00:36  iter: 2600 progress: 26 head/CE: 0.2040  head/Dice: 0.2680 head/acc: 92.8731 time: 0.491   data_time: 0.007  forward_time: 0.376  backward_time: 0.103  lr: 0.000842  max_mem: 6250M
[2022-12-02 14:54:41,926][INFO][/python/lib/python3.8/site-packages/torch/multiprocessing/spawn.py][59] eta: 1:06:42  iter: 2700 progress: 27 head/CE: 0.1590  head/Dice: 0.2574 head/acc: 93.1586 time: 0.548   data_time: 0.006  forward_time: 0.359  backward_time: 0.130  lr: 0.000831  max_mem: 6250M
[2022-12-02 14:55:30,414][INFO][/python/lib/python3.8/site-packages/torch/multiprocessing/spawn.py][59] eta: 0:59:15  iter: 2800 progress: 28 head/CE: 0.1760  head/Dice: 0.2877 head/acc: 92.3683 time: 0.494   data_time: 0.007  forward_time: 0.385  backward_time: 0.100  lr: 0.000819  max_mem: 6250M
[2022-12-02 14:56:19,907][INFO][/python/lib/python3.8/site-packages/torch/multiprocessing/spawn.py][59] eta: 0:58:17  iter: 2900 progress: 29 head/CE: 0.1418  head/Dice: 0.2708 head/acc: 92.7098 time: 0.493   data_time: 0.006  forward_time: 0.378  backward_time: 0.094  lr: 0.000807  max_mem: 6250M
[2022-12-02 14:57:09,791][INFO][/python/lib/python3.8/site-packages/torch/multiprocessing/spawn.py][59] Saving checkpoint to /newdata/jiachen/project/fugui/exp2/model/model_3000.pth
[2022-12-02 14:57:10,200][INFO][/python/lib/python3.8/site-packages/torch/multiprocessing/spawn.py][59] Start inference on 1 iterations
[2022-12-02 14:57:13,544][INFO][/python/lib/python3.8/site-packages/torch/multiprocessing/spawn.py][59] Inference done 1/1.Iter Time: 3.3439. ETA=0:00:00
[2022-12-02 14:57:14,022][INFO][/python/lib/python3.8/site-packages/torch/multiprocessing/spawn.py][59] Evaluation results for val in csv format:
[2022-12-02 14:57:14,022][INFO][/python/lib/python3.8/site-packages/torch/multiprocessing/spawn.py][59] {
    "PixelBasedEvaluator/iou/bg": 87.89045126185884,
    "PixelBasedEvaluator/iou/cat": 45.84713134333222,
    "PixelBasedEvaluator/iou/mean": 66.86879130259553,
    "PixelBasedEvaluator/recall/bg": 95.52900067666926,
    "PixelBasedEvaluator/recall/cat": 56.18190684993705,
    "PixelBasedEvaluator/recall/mean": 75.85545376330316,
    "PixelBasedEvaluator/precision/bg": 91.66091937929296,
    "PixelBasedEvaluator/precision/cat": 71.36591813302715,
    "PixelBasedEvaluator/precision/mean": 81.51341875616006
}
[2022-12-02 14:57:14,024][INFO][/python/lib/python3.8/site-packages/torch/multiprocessing/spawn.py][59] eta: 0:55:07  iter: 3000 progress: 30 head/CE: 0.1582  head/Dice: 0.3027 head/acc: 92.1279 time: 0.473   data_time: 0.006  forward_time: 0.369  backward_time: 0.099  lr: 0.000794  max_mem: 6250M
[2022-12-02 14:58:03,319][INFO][/python/lib/python3.8/site-packages/torch/multiprocessing/spawn.py][59] eta: 0:54:29  iter: 3100 progress: 31 head/CE: 0.1672  head/Dice: 0.2905 head/acc: 92.1084 time: 0.474   data_time: 0.006  forward_time: 0.343  backward_time: 0.102  lr: 0.000781  max_mem: 6250M
[2022-12-02 14:58:51,419][INFO][/python/lib/python3.8/site-packages/torch/multiprocessing/spawn.py][59] eta: 0:54:22  iter: 3200 progress: 32 head/CE: 0.1461  head/Dice: 0.2600 head/acc: 93.1914 time: 0.480   data_time: 0.008  forward_time: 0.365  backward_time: 0.107  lr: 0.000768  max_mem: 6250M
[2022-12-02 14:59:40,117][INFO][/python/lib/python3.8/site-packages/torch/multiprocessing/spawn.py][59] eta: 0:52:50  iter: 3300 progress: 33 head/CE: 0.1323  head/Dice: 0.2387 head/acc: 93.5717 time: 0.473   data_time: 0.007  forward_time: 0.355  backward_time: 0.102  lr: 0.000755  max_mem: 6250M
[2022-12-02 15:00:28,506][INFO][/python/lib/python3.8/site-packages/torch/multiprocessing/spawn.py][59] eta: 0:52:10  iter: 3400 progress: 34 head/CE: 0.1454  head/Dice: 0.2419 head/acc: 93.6919 time: 0.474   data_time: 0.007  forward_time: 0.352  backward_time: 0.106  lr: 0.000741  max_mem: 6250M
[2022-12-02 15:01:17,177][INFO][/python/lib/python3.8/site-packages/torch/multiprocessing/spawn.py][59] eta: 0:52:55  iter: 3500 progress: 35 head/CE: 0.1564  head/Dice: 0.3105 head/acc: 91.9130 time: 0.489   data_time: 0.006  forward_time: 0.379  backward_time: 0.100  lr: 0.000727  max_mem: 6250M
[2022-12-02 15:02:06,426][INFO][/python/lib/python3.8/site-packages/torch/multiprocessing/spawn.py][59] eta: 0:51:17  iter: 3600 progress: 36 head/CE: 0.1520  head/Dice: 0.2674 head/acc: 93.2802 time: 0.481   data_time: 0.006  forward_time: 0.357  backward_time: 0.103  lr: 0.000713  max_mem: 6250M
[2022-12-02 15:02:55,193][INFO][/python/lib/python3.8/site-packages/torch/multiprocessing/spawn.py][59] eta: 0:51:41  iter: 3700 progress: 37 head/CE: 0.1633  head/Dice: 0.2424 head/acc: 93.2235 time: 0.492   data_time: 0.008  forward_time: 0.360  backward_time: 0.103  lr: 0.000699  max_mem: 6250M
[2022-12-02 15:03:43,810][INFO][/python/lib/python3.8/site-packages/torch/multiprocessing/spawn.py][59] eta: 0:49:02  iter: 3800 progress: 38 head/CE: 0.1175  head/Dice: 0.2264 head/acc: 93.9075 time: 0.475   data_time: 0.008  forward_time: 0.364  backward_time: 0.105  lr: 0.000684  max_mem: 6250M
[2022-12-02 15:04:32,406][INFO][/python/lib/python3.8/site-packages/torch/multiprocessing/spawn.py][59] eta: 0:48:01  iter: 3900 progress: 39 head/CE: 0.1031  head/Dice: 0.2114 head/acc: 94.2270 time: 0.472   data_time: 0.009  forward_time: 0.361  backward_time: 0.097  lr: 0.000670  max_mem: 6250M
[2022-12-02 15:05:21,646][INFO][/python/lib/python3.8/site-packages/torch/multiprocessing/spawn.py][59] Saving checkpoint to /newdata/jiachen/project/fugui/exp2/model/model_4000.pth
[2022-12-02 15:05:22,092][INFO][/python/lib/python3.8/site-packages/torch/multiprocessing/spawn.py][59] Start inference on 1 iterations
[2022-12-02 15:05:24,883][INFO][/python/lib/python3.8/site-packages/torch/multiprocessing/spawn.py][59] Inference done 1/1.Iter Time: 2.79. ETA=0:00:00
[2022-12-02 15:05:25,258][INFO][/python/lib/python3.8/site-packages/torch/multiprocessing/spawn.py][59] Evaluation results for val in csv format:
[2022-12-02 15:05:25,259][INFO][/python/lib/python3.8/site-packages/torch/multiprocessing/spawn.py][59] {
    "PixelBasedEvaluator/iou/bg": 86.85292780502152,
    "PixelBasedEvaluator/iou/cat": 35.65015949342112,
    "PixelBasedEvaluator/iou/mean": 61.25154364922132,
    "PixelBasedEvaluator/recall/bg": 97.0135246296351,
    "PixelBasedEvaluator/recall/cat": 41.01806288060169,
    "PixelBasedEvaluator/recall/mean": 69.0157937551184,
    "PixelBasedEvaluator/precision/bg": 89.23889970181881,
    "PixelBasedEvaluator/precision/cat": 73.1482765730137,
    "PixelBasedEvaluator/precision/mean": 81.19358813741626
}
[2022-12-02 15:05:25,261][INFO][/python/lib/python3.8/site-packages/torch/multiprocessing/spawn.py][59] eta: 0:48:31  iter: 4000 progress: 40 head/CE: 0.1220  head/Dice: 0.2189 head/acc: 94.2495 time: 0.485   data_time: 0.007  forward_time: 0.362  backward_time: 0.106  lr: 0.000655  max_mem: 6250M
[2022-12-02 15:06:14,317][INFO][/python/lib/python3.8/site-packages/torch/multiprocessing/spawn.py][59] eta: 0:48:59  iter: 4100 progress: 41 head/CE: 0.1484  head/Dice: 0.2671 head/acc: 93.2529 time: 0.498   data_time: 0.006  forward_time: 0.380  backward_time: 0.101  lr: 0.000640  max_mem: 6250M
[2022-12-02 15:07:03,319][INFO][/python/lib/python3.8/site-packages/torch/multiprocessing/spawn.py][59] eta: 0:46:45  iter: 4200 progress: 42 head/CE: 0.1289  head/Dice: 0.2371 head/acc: 93.5044 time: 0.484   data_time: 0.008  forward_time: 0.361  backward_time: 0.100  lr: 0.000624  max_mem: 6250M
[2022-12-02 15:07:52,369][INFO][/python/lib/python3.8/site-packages/torch/multiprocessing/spawn.py][59] eta: 0:46:41  iter: 4300 progress: 43 head/CE: 0.1335  head/Dice: 0.2116 head/acc: 94.4428 time: 0.492   data_time: 0.006  forward_time: 0.372  backward_time: 0.103  lr: 0.000609  max_mem: 6250M
[2022-12-02 15:08:41,255][INFO][/python/lib/python3.8/site-packages/torch/multiprocessing/spawn.py][59] eta: 0:44:34  iter: 4400 progress: 44 head/CE: 0.1265  head/Dice: 0.3161 head/acc: 91.2529 time: 0.478   data_time: 0.007  forward_time: 0.366  backward_time: 0.107  lr: 0.000594  max_mem: 6250M
[2022-12-02 15:09:29,334][INFO][/python/lib/python3.8/site-packages/torch/multiprocessing/spawn.py][59] eta: 0:43:29  iter: 4500 progress: 45 head/CE: 0.1259  head/Dice: 0.2248 head/acc: 94.4231 time: 0.474   data_time: 0.007  forward_time: 0.361  backward_time: 0.104  lr: 0.000578  max_mem: 6250M
[2022-12-02 15:10:18,164][INFO][/python/lib/python3.8/site-packages/torch/multiprocessing/spawn.py][59] eta: 0:42:35  iter: 4600 progress: 46 head/CE: 0.1143  head/Dice: 0.2022 head/acc: 94.5323 time: 0.473   data_time: 0.008  forward_time: 0.350  backward_time: 0.106  lr: 0.000563  max_mem: 6250M
[2022-12-02 15:11:07,387][INFO][/python/lib/python3.8/site-packages/torch/multiprocessing/spawn.py][59] eta: 0:42:45  iter: 4700 progress: 47 head/CE: 0.1193  head/Dice: 0.2296 head/acc: 93.8953 time: 0.484   data_time: 0.008  forward_time: 0.370  backward_time: 0.101  lr: 0.000547  max_mem: 6250M
[2022-12-02 15:11:56,131][INFO][/python/lib/python3.8/site-packages/torch/multiprocessing/spawn.py][59] eta: 0:41:55  iter: 4800 progress: 48 head/CE: 0.1443  head/Dice: 0.2086 head/acc: 94.5975 time: 0.484   data_time: 0.006  forward_time: 0.363  backward_time: 0.111  lr: 0.000532  max_mem: 6250M
[2022-12-02 15:12:44,962][INFO][/python/lib/python3.8/site-packages/torch/multiprocessing/spawn.py][59] eta: 0:40:30  iter: 4900 progress: 49 head/CE: 0.1392  head/Dice: 0.2179 head/acc: 93.9865 time: 0.477   data_time: 0.006  forward_time: 0.354  backward_time: 0.106  lr: 0.000516  max_mem: 6250M
[2022-12-02 15:13:34,338][INFO][/python/lib/python3.8/site-packages/torch/multiprocessing/spawn.py][59] Saving checkpoint to /newdata/jiachen/project/fugui/exp2/model/model_5000.pth
[2022-12-02 15:13:34,955][INFO][/python/lib/python3.8/site-packages/torch/multiprocessing/spawn.py][59] Start inference on 1 iterations
[2022-12-02 15:13:38,137][INFO][/python/lib/python3.8/site-packages/torch/multiprocessing/spawn.py][59] Inference done 1/1.Iter Time: 3.1818. ETA=0:00:00
[2022-12-02 15:13:38,493][INFO][/python/lib/python3.8/site-packages/torch/multiprocessing/spawn.py][59] Evaluation results for val in csv format:
[2022-12-02 15:13:38,494][INFO][/python/lib/python3.8/site-packages/torch/multiprocessing/spawn.py][59] {
    "PixelBasedEvaluator/iou/bg": 90.17512323200148,
    "PixelBasedEvaluator/iou/cat": 46.31210551660633,
    "PixelBasedEvaluator/iou/mean": 68.2436143743039,
    "PixelBasedEvaluator/recall/bg": 99.61795078867614,
    "PixelBasedEvaluator/recall/cat": 47.20417382238132,
    "PixelBasedEvaluator/recall/mean": 73.41106230552873,
    "PixelBasedEvaluator/precision/bg": 90.48806226516169,
    "PixelBasedEvaluator/precision/cat": 96.07939193886872,
    "PixelBasedEvaluator/precision/mean": 93.2837271020152
}
[2022-12-02 15:13:38,497][INFO][/python/lib/python3.8/site-packages/torch/multiprocessing/spawn.py][59] eta: 0:42:20  iter: 5000 progress: 50 head/CE: 0.1246  head/Dice: 0.2117 head/acc: 94.2622 time: 0.508   data_time: 0.007  forward_time: 0.360  backward_time: 0.126  lr: 0.000500  max_mem: 6250M
[2022-12-02 15:14:28,364][INFO][/python/lib/python3.8/site-packages/torch/multiprocessing/spawn.py][59] eta: 0:40:08  iter: 5100 progress: 51 head/CE: 0.1090  head/Dice: 0.2119 head/acc: 94.5991 time: 0.492   data_time: 0.006  forward_time: 0.373  backward_time: 0.100  lr: 0.000484  max_mem: 6250M
[2022-12-02 15:15:17,684][INFO][/python/lib/python3.8/site-packages/torch/multiprocessing/spawn.py][59] eta: 0:38:32  iter: 5200 progress: 52 head/CE: 0.1091  head/Dice: 0.2044 head/acc: 94.5719 time: 0.482   data_time: 0.006  forward_time: 0.371  backward_time: 0.101  lr: 0.000469  max_mem: 6250M
[2022-12-02 15:16:07,210][INFO][/python/lib/python3.8/site-packages/torch/multiprocessing/spawn.py][59] eta: 0:40:11  iter: 5300 progress: 53 head/CE: 0.1112  head/Dice: 0.1847 head/acc: 95.5322 time: 0.513   data_time: 0.008  forward_time: 0.371  backward_time: 0.124  lr: 0.000453  max_mem: 6250M
[2022-12-02 15:16:55,667][INFO][/python/lib/python3.8/site-packages/torch/multiprocessing/spawn.py][59] eta: 0:38:12  iter: 5400 progress: 54 head/CE: 0.1174  head/Dice: 0.1840 head/acc: 94.9033 time: 0.498   data_time: 0.007  forward_time: 0.363  backward_time: 0.105  lr: 0.000437  max_mem: 6250M
[2022-12-02 15:17:44,977][INFO][/python/lib/python3.8/site-packages/torch/multiprocessing/spawn.py][59] eta: 0:36:28  iter: 5500 progress: 55 head/CE: 0.0867  head/Dice: 0.1987 head/acc: 94.5204 time: 0.486   data_time: 0.006  forward_time: 0.376  backward_time: 0.099  lr: 0.000422  max_mem: 6250M
[2022-12-02 15:18:34,278][INFO][/python/lib/python3.8/site-packages/torch/multiprocessing/spawn.py][59] eta: 0:36:03  iter: 5600 progress: 56 head/CE: 0.1228  head/Dice: 0.1935 head/acc: 95.0658 time: 0.492   data_time: 0.007  forward_time: 0.359  backward_time: 0.108  lr: 0.000406  max_mem: 6250M
[2022-12-02 15:19:22,666][INFO][/python/lib/python3.8/site-packages/torch/multiprocessing/spawn.py][59] eta: 0:35:17  iter: 5700 progress: 57 head/CE: 0.1474  head/Dice: 0.2202 head/acc: 94.0902 time: 0.492   data_time: 0.008  forward_time: 0.372  backward_time: 0.102  lr: 0.000391  max_mem: 6250M
[2022-12-02 15:20:11,775][INFO][/python/lib/python3.8/site-packages/torch/multiprocessing/spawn.py][59] eta: 0:33:29  iter: 5800 progress: 58 head/CE: 0.1093  head/Dice: 0.1802 head/acc: 95.0245 time: 0.478   data_time: 0.007  forward_time: 0.363  backward_time: 0.104  lr: 0.000376  max_mem: 6250M
[2022-12-02 15:21:00,490][INFO][/python/lib/python3.8/site-packages/torch/multiprocessing/spawn.py][59] eta: 0:33:08  iter: 5900 progress: 59 head/CE: 0.1033  head/Dice: 0.1836 head/acc: 95.3155 time: 0.485   data_time: 0.007  forward_time: 0.371  backward_time: 0.103  lr: 0.000361  max_mem: 6250M
[2022-12-02 15:21:49,400][INFO][/python/lib/python3.8/site-packages/torch/multiprocessing/spawn.py][59] Saving checkpoint to /newdata/jiachen/project/fugui/exp2/model/model_6000.pth
[2022-12-02 15:21:49,857][INFO][/python/lib/python3.8/site-packages/torch/multiprocessing/spawn.py][59] Start inference on 1 iterations
[2022-12-02 15:21:52,885][INFO][/python/lib/python3.8/site-packages/torch/multiprocessing/spawn.py][59] Inference done 1/1.Iter Time: 3.0267. ETA=0:00:00
[2022-12-02 15:21:53,256][INFO][/python/lib/python3.8/site-packages/torch/multiprocessing/spawn.py][59] Evaluation results for val in csv format:
[2022-12-02 15:21:53,257][INFO][/python/lib/python3.8/site-packages/torch/multiprocessing/spawn.py][59] {
    "PixelBasedEvaluator/iou/bg": 83.71569502438403,
    "PixelBasedEvaluator/iou/cat": 35.761806502024164,
    "PixelBasedEvaluator/iou/mean": 59.738750763204095,
    "PixelBasedEvaluator/recall/bg": 91.98142765955406,
    "PixelBasedEvaluator/recall/cat": 50.21955869647928,
    "PixelBasedEvaluator/recall/mean": 71.10049317801668,
    "PixelBasedEvaluator/precision/bg": 90.30624368221848,
    "PixelBasedEvaluator/precision/cat": 55.40094774420877,
    "PixelBasedEvaluator/precision/mean": 72.85359571321362
}
[2022-12-02 15:21:53,259][INFO][/python/lib/python3.8/site-packages/torch/multiprocessing/spawn.py][59] eta: 0:32:01  iter: 6000 progress: 60 head/CE: 0.0957  head/Dice: 0.2106 head/acc: 94.9054 time: 0.480   data_time: 0.006  forward_time: 0.347  backward_time: 0.112  lr: 0.000346  max_mem: 6250M
[2022-12-02 15:22:41,792][INFO][/python/lib/python3.8/site-packages/torch/multiprocessing/spawn.py][59] eta: 0:30:59  iter: 6100 progress: 61 head/CE: 0.0892  head/Dice: 0.2005 head/acc: 94.8802 time: 0.477   data_time: 0.005  forward_time: 0.359  backward_time: 0.103  lr: 0.000331  max_mem: 6250M
[2022-12-02 15:23:30,770][INFO][/python/lib/python3.8/site-packages/torch/multiprocessing/spawn.py][59] eta: 0:29:45  iter: 6200 progress: 62 head/CE: 0.0847  head/Dice: 0.1525 head/acc: 95.7316 time: 0.470   data_time: 0.007  forward_time: 0.339  backward_time: 0.106  lr: 0.000316  max_mem: 6250M
[2022-12-02 15:24:19,306][INFO][/python/lib/python3.8/site-packages/torch/multiprocessing/spawn.py][59] eta: 0:29:24  iter: 6300 progress: 63 head/CE: 0.1106  head/Dice: 0.1848 head/acc: 95.0469 time: 0.477   data_time: 0.006  forward_time: 0.365  backward_time: 0.102  lr: 0.000302  max_mem: 6250M
[2022-12-02 15:25:08,804][INFO][/python/lib/python3.8/site-packages/torch/multiprocessing/spawn.py][59] eta: 0:32:33  iter: 6400 progress: 64 head/CE: 0.0836  head/Dice: 0.1549 head/acc: 95.7931 time: 0.543   data_time: 0.006  forward_time: 0.398  backward_time: 0.131  lr: 0.000287  max_mem: 6250M
[2022-12-02 15:25:57,370][INFO][/python/lib/python3.8/site-packages/torch/multiprocessing/spawn.py][59] eta: 0:28:12  iter: 6500 progress: 65 head/CE: 0.0810  head/Dice: 0.1632 head/acc: 95.6698 time: 0.483   data_time: 0.008  forward_time: 0.369  backward_time: 0.105  lr: 0.000273  max_mem: 6250M
[2022-12-02 15:26:45,737][INFO][/python/lib/python3.8/site-packages/torch/multiprocessing/spawn.py][59] eta: 0:27:45  iter: 6600 progress: 66 head/CE: 0.0920  head/Dice: 0.1690 head/acc: 95.4425 time: 0.490   data_time: 0.007  forward_time: 0.374  backward_time: 0.104  lr: 0.000259  max_mem: 6250M
[2022-12-02 15:27:34,203][INFO][/python/lib/python3.8/site-packages/torch/multiprocessing/spawn.py][59] eta: 0:26:36  iter: 6700 progress: 67 head/CE: 0.0638  head/Dice: 0.1341 head/acc: 96.4264 time: 0.484   data_time: 0.006  forward_time: 0.372  backward_time: 0.100  lr: 0.000246  max_mem: 6250M
[2022-12-02 15:28:22,112][INFO][/python/lib/python3.8/site-packages/torch/multiprocessing/spawn.py][59] eta: 0:26:12  iter: 6800 progress: 68 head/CE: 0.0848  head/Dice: 0.1673 head/acc: 95.7248 time: 0.491   data_time: 0.008  forward_time: 0.368  backward_time: 0.106  lr: 0.000232  max_mem: 6250M
[2022-12-02 15:29:10,753][INFO][/python/lib/python3.8/site-packages/torch/multiprocessing/spawn.py][59] eta: 0:25:19  iter: 6900 progress: 69 head/CE: 0.0890  head/Dice: 0.1706 head/acc: 95.6850 time: 0.490   data_time: 0.008  forward_time: 0.364  backward_time: 0.107  lr: 0.000219  max_mem: 6250M
[2022-12-02 15:29:59,139][INFO][/python/lib/python3.8/site-packages/torch/multiprocessing/spawn.py][59] Saving checkpoint to /newdata/jiachen/project/fugui/exp2/model/model_7000.pth
[2022-12-02 15:29:59,529][INFO][/python/lib/python3.8/site-packages/torch/multiprocessing/spawn.py][59] Start inference on 1 iterations
[2022-12-02 15:30:03,011][INFO][/python/lib/python3.8/site-packages/torch/multiprocessing/spawn.py][59] Inference done 1/1.Iter Time: 3.4812. ETA=0:00:00
[2022-12-02 15:30:03,700][INFO][/python/lib/python3.8/site-packages/torch/multiprocessing/spawn.py][59] Evaluation results for val in csv format:
[2022-12-02 15:30:03,701][INFO][/python/lib/python3.8/site-packages/torch/multiprocessing/spawn.py][59] {
    "PixelBasedEvaluator/iou/bg": 90.05201193529014,
    "PixelBasedEvaluator/iou/cat": 49.11064793908497,
    "PixelBasedEvaluator/iou/mean": 69.58132993718755,
    "PixelBasedEvaluator/recall/bg": 98.46065041131735,
    "PixelBasedEvaluator/recall/cat": 52.92215913748852,
    "PixelBasedEvaluator/recall/mean": 75.69140477440294,
    "PixelBasedEvaluator/precision/bg": 91.33794756132487,
    "PixelBasedEvaluator/precision/cat": 87.21052075521371,
    "PixelBasedEvaluator/precision/mean": 89.27423415826928
}
[2022-12-02 15:30:03,703][INFO][/python/lib/python3.8/site-packages/torch/multiprocessing/spawn.py][59] eta: 0:24:14  iter: 7000 progress: 70 head/CE: 0.0992  head/Dice: 0.1752 head/acc: 95.4996 time: 0.485   data_time: 0.006  forward_time: 0.380  backward_time: 0.097  lr: 0.000206  max_mem: 6250M
[2022-12-02 15:30:51,737][INFO][/python/lib/python3.8/site-packages/torch/multiprocessing/spawn.py][59] eta: 0:23:06  iter: 7100 progress: 71 head/CE: 0.0792  head/Dice: 0.1459 head/acc: 96.2436 time: 0.478   data_time: 0.006  forward_time: 0.361  backward_time: 0.104  lr: 0.000194  max_mem: 6250M
[2022-12-02 15:31:40,984][INFO][/python/lib/python3.8/site-packages/torch/multiprocessing/spawn.py][59] eta: 0:23:44  iter: 7200 progress: 72 head/CE: 0.0815  head/Dice: 0.1480 head/acc: 95.8835 time: 0.509   data_time: 0.007  forward_time: 0.375  backward_time: 0.125  lr: 0.000181  max_mem: 6250M
[2022-12-02 15:32:30,313][INFO][/python/lib/python3.8/site-packages/torch/multiprocessing/spawn.py][59] eta: 0:22:04  iter: 7300 progress: 73 head/CE: 0.0881  head/Dice: 0.1337 head/acc: 96.5266 time: 0.491   data_time: 0.007  forward_time: 0.367  backward_time: 0.106  lr: 0.000169  max_mem: 6250M
[2022-12-02 15:33:19,285][INFO][/python/lib/python3.8/site-packages/torch/multiprocessing/spawn.py][59] eta: 0:20:53  iter: 7400 progress: 74 head/CE: 0.0905  head/Dice: 0.1515 head/acc: 95.8842 time: 0.482   data_time: 0.007  forward_time: 0.371  backward_time: 0.100  lr: 0.000158  max_mem: 6250M
[2022-12-02 15:34:08,048][INFO][/python/lib/python3.8/site-packages/torch/multiprocessing/spawn.py][59] eta: 0:20:23  iter: 7500 progress: 75 head/CE: 0.0721  head/Dice: 0.1480 head/acc: 96.0890 time: 0.490   data_time: 0.006  forward_time: 0.374  backward_time: 0.096  lr: 0.000147  max_mem: 6250M
[2022-12-02 15:34:56,858][INFO][/python/lib/python3.8/site-packages/torch/multiprocessing/spawn.py][59] eta: 0:19:33  iter: 7600 progress: 76 head/CE: 0.0912  head/Dice: 0.1439 head/acc: 96.0483 time: 0.489   data_time: 0.006  forward_time: 0.377  backward_time: 0.106  lr: 0.000136  max_mem: 6250M
[2022-12-02 15:35:45,512][INFO][/python/lib/python3.8/site-packages/torch/multiprocessing/spawn.py][59] eta: 0:17:24  iter: 7700 progress: 77 head/CE: 0.0702  head/Dice: 0.1234 head/acc: 96.6768 time: 0.454   data_time: 0.007  forward_time: 0.335  backward_time: 0.106  lr: 0.000125  max_mem: 6250M
[2022-12-02 15:36:34,039][INFO][/python/lib/python3.8/site-packages/torch/multiprocessing/spawn.py][59] eta: 0:17:27  iter: 7800 progress: 78 head/CE: 0.0759  head/Dice: 0.1353 head/acc: 96.5003 time: 0.476   data_time: 0.006  forward_time: 0.368  backward_time: 0.105  lr: 0.000115  max_mem: 6250M
[2022-12-02 15:37:21,977][INFO][/python/lib/python3.8/site-packages/torch/multiprocessing/spawn.py][59] eta: 0:17:05  iter: 7900 progress: 79 head/CE: 0.0825  head/Dice: 0.1425 head/acc: 96.3240 time: 0.489   data_time: 0.006  forward_time: 0.373  backward_time: 0.095  lr: 0.000105  max_mem: 6250M
[2022-12-02 15:38:10,272][INFO][/python/lib/python3.8/site-packages/torch/multiprocessing/spawn.py][59] Saving checkpoint to /newdata/jiachen/project/fugui/exp2/model/model_8000.pth
[2022-12-02 15:38:10,674][INFO][/python/lib/python3.8/site-packages/torch/multiprocessing/spawn.py][59] Start inference on 1 iterations
[2022-12-02 15:38:14,200][INFO][/python/lib/python3.8/site-packages/torch/multiprocessing/spawn.py][59] Inference done 1/1.Iter Time: 3.5252. ETA=0:00:00
[2022-12-02 15:38:14,608][INFO][/python/lib/python3.8/site-packages/torch/multiprocessing/spawn.py][59] Evaluation results for val in csv format:
[2022-12-02 15:38:14,609][INFO][/python/lib/python3.8/site-packages/torch/multiprocessing/spawn.py][59] {
    "PixelBasedEvaluator/iou/bg": 90.28461612934822,
    "PixelBasedEvaluator/iou/cat": 46.627089245150195,
    "PixelBasedEvaluator/iou/mean": 68.4558526872492,
    "PixelBasedEvaluator/recall/bg": 99.7275603676111,
    "PixelBasedEvaluator/recall/cat": 47.26755050690837,
    "PixelBasedEvaluator/recall/mean": 73.49755543725973,
    "PixelBasedEvaluator/precision/bg": 90.5078474263113,
    "PixelBasedEvaluator/precision/cat": 97.17608978431194,
    "PixelBasedEvaluator/precision/mean": 93.84196860531162
}
[2022-12-02 15:38:14,611][INFO][/python/lib/python3.8/site-packages/torch/multiprocessing/spawn.py][59] eta: 0:16:32  iter: 8000 progress: 80 head/CE: 0.0744  head/Dice: 0.1397 head/acc: 96.3095 time: 0.496   data_time: 0.007  forward_time: 0.394  backward_time: 0.097  lr: 0.000096  max_mem: 6250M
[2022-12-02 15:39:03,510][INFO][/python/lib/python3.8/site-packages/torch/multiprocessing/spawn.py][59] eta: 0:14:58  iter: 8100 progress: 81 head/CE: 0.0705  head/Dice: 0.1359 head/acc: 96.3906 time: 0.473   data_time: 0.006  forward_time: 0.364  backward_time: 0.099  lr: 0.000087  max_mem: 6250M
[2022-12-02 15:39:52,192][INFO][/python/lib/python3.8/site-packages/torch/multiprocessing/spawn.py][59] eta: 0:15:06  iter: 8200 progress: 82 head/CE: 0.0734  head/Dice: 0.1360 head/acc: 96.4992 time: 0.503   data_time: 0.006  forward_time: 0.381  backward_time: 0.103  lr: 0.000078  max_mem: 6250M
[2022-12-02 15:40:41,047][INFO][/python/lib/python3.8/site-packages/torch/multiprocessing/spawn.py][59] eta: 0:13:36  iter: 8300 progress: 83 head/CE: 0.0763  head/Dice: 0.1293 head/acc: 96.6506 time: 0.481   data_time: 0.009  forward_time: 0.375  backward_time: 0.093  lr: 0.000070  max_mem: 6250M
[2022-12-02 15:41:29,818][INFO][/python/lib/python3.8/site-packages/torch/multiprocessing/spawn.py][59] eta: 0:14:09  iter: 8400 progress: 84 head/CE: 0.0645  head/Dice: 0.1436 head/acc: 95.9649 time: 0.531   data_time: 0.006  forward_time: 0.393  backward_time: 0.127  lr: 0.000062  max_mem: 6250M
[2022-12-02 15:42:17,403][INFO][/python/lib/python3.8/site-packages/torch/multiprocessing/spawn.py][59] eta: 0:12:31  iter: 8500 progress: 85 head/CE: 0.0873  head/Dice: 0.1296 head/acc: 96.4908 time: 0.501   data_time: 0.007  forward_time: 0.369  backward_time: 0.102  lr: 0.000055  max_mem: 6250M
[2022-12-02 15:43:06,133][INFO][/python/lib/python3.8/site-packages/torch/multiprocessing/spawn.py][59] eta: 0:11:38  iter: 8600 progress: 86 head/CE: 0.0649  head/Dice: 0.1313 head/acc: 96.2945 time: 0.499   data_time: 0.007  forward_time: 0.378  backward_time: 0.106  lr: 0.000048  max_mem: 6250M
[2022-12-02 15:43:54,170][INFO][/python/lib/python3.8/site-packages/torch/multiprocessing/spawn.py][59] eta: 0:10:16  iter: 8700 progress: 87 head/CE: 0.0627  head/Dice: 0.1410 head/acc: 96.0974 time: 0.474   data_time: 0.006  forward_time: 0.364  backward_time: 0.101  lr: 0.000041  max_mem: 6250M
[2022-12-02 15:44:42,580][INFO][/python/lib/python3.8/site-packages/torch/multiprocessing/spawn.py][59] eta: 0:09:41  iter: 8800 progress: 88 head/CE: 0.0689  head/Dice: 0.1214 head/acc: 96.8263 time: 0.485   data_time: 0.006  forward_time: 0.375  backward_time: 0.102  lr: 0.000035  max_mem: 6250M
[2022-12-02 15:45:31,812][INFO][/python/lib/python3.8/site-packages/torch/multiprocessing/spawn.py][59] eta: 0:09:45  iter: 8900 progress: 89 head/CE: 0.0669  head/Dice: 0.1177 head/acc: 96.8251 time: 0.532   data_time: 0.007  forward_time: 0.402  backward_time: 0.128  lr: 0.000030  max_mem: 6250M
[2022-12-02 15:46:20,280][INFO][/python/lib/python3.8/site-packages/torch/multiprocessing/spawn.py][59] Saving checkpoint to /newdata/jiachen/project/fugui/exp2/model/model_9000.pth
[2022-12-02 15:46:20,847][INFO][/python/lib/python3.8/site-packages/torch/multiprocessing/spawn.py][59] Start inference on 1 iterations
[2022-12-02 15:46:23,998][INFO][/python/lib/python3.8/site-packages/torch/multiprocessing/spawn.py][59] Inference done 1/1.Iter Time: 3.1508. ETA=0:00:00
[2022-12-02 15:46:24,329][INFO][/python/lib/python3.8/site-packages/torch/multiprocessing/spawn.py][59] Evaluation results for val in csv format:
[2022-12-02 15:46:24,329][INFO][/python/lib/python3.8/site-packages/torch/multiprocessing/spawn.py][59] {
    "PixelBasedEvaluator/iou/bg": 90.10030158246077,
    "PixelBasedEvaluator/iou/cat": 45.35677546058169,
    "PixelBasedEvaluator/iou/mean": 67.72853852152123,
    "PixelBasedEvaluator/recall/bg": 99.77244234240132,
    "PixelBasedEvaluator/recall/cat": 45.87715223226766,
    "PixelBasedEvaluator/recall/mean": 72.82479728733449,
    "PixelBasedEvaluator/precision/bg": 90.28583695650534,
    "PixelBasedEvaluator/precision/cat": 97.56021241976147,
    "PixelBasedEvaluator/precision/mean": 93.92302468813341
}
[2022-12-02 15:46:24,330][INFO][/python/lib/python3.8/site-packages/torch/multiprocessing/spawn.py][59] eta: 0:08:03  iter: 9000 progress: 90 head/CE: 0.0835  head/Dice: 0.1391 head/acc: 96.2622 time: 0.483   data_time: 0.005  forward_time: 0.379  backward_time: 0.095  lr: 0.000025  max_mem: 6250M
[2022-12-02 15:47:13,019][INFO][/python/lib/python3.8/site-packages/torch/multiprocessing/spawn.py][59] eta: 0:07:21  iter: 9100 progress: 91 head/CE: 0.0666  head/Dice: 0.1301 head/acc: 96.4949 time: 0.491   data_time: 0.008  forward_time: 0.371  backward_time: 0.102  lr: 0.000020  max_mem: 6250M
[2022-12-02 15:48:01,556][INFO][/python/lib/python3.8/site-packages/torch/multiprocessing/spawn.py][59] eta: 0:06:39  iter: 9200 progress: 92 head/CE: 0.0681  head/Dice: 0.1452 head/acc: 96.0643 time: 0.500   data_time: 0.007  forward_time: 0.389  backward_time: 0.099  lr: 0.000016  max_mem: 6250M
[2022-12-02 15:48:50,289][INFO][/python/lib/python3.8/site-packages/torch/multiprocessing/spawn.py][59] eta: 0:05:39  iter: 9300 progress: 93 head/CE: 0.0604  head/Dice: 0.1224 head/acc: 96.5333 time: 0.485   data_time: 0.006  forward_time: 0.370  backward_time: 0.103  lr: 0.000012  max_mem: 6250M
[2022-12-02 15:49:37,926][INFO][/python/lib/python3.8/site-packages/torch/multiprocessing/spawn.py][59] eta: 0:04:49  iter: 9400 progress: 94 head/CE: 0.0808  head/Dice: 0.1427 head/acc: 96.3513 time: 0.482   data_time: 0.008  forward_time: 0.367  backward_time: 0.097  lr: 0.000009  max_mem: 6250M
[2022-12-02 15:50:26,631][INFO][/python/lib/python3.8/site-packages/torch/multiprocessing/spawn.py][59] eta: 0:04:01  iter: 9500 progress: 95 head/CE: 0.0668  head/Dice: 0.1306 head/acc: 96.4659 time: 0.483   data_time: 0.008  forward_time: 0.359  backward_time: 0.104  lr: 0.000006  max_mem: 6250M
[2022-12-02 15:51:16,003][INFO][/python/lib/python3.8/site-packages/torch/multiprocessing/spawn.py][59] eta: 0:03:23  iter: 9600 progress: 96 head/CE: 0.0696  head/Dice: 0.1354 head/acc: 96.4256 time: 0.509   data_time: 0.007  forward_time: 0.395  backward_time: 0.104  lr: 0.000004  max_mem: 6250M
[2022-12-02 15:52:04,670][INFO][/python/lib/python3.8/site-packages/torch/multiprocessing/spawn.py][59] eta: 0:02:22  iter: 9700 progress: 97 head/CE: 0.0771  head/Dice: 0.1282 head/acc: 96.5035 time: 0.476   data_time: 0.006  forward_time: 0.356  backward_time: 0.102  lr: 0.000002  max_mem: 6250M
[2022-12-02 15:52:54,236][INFO][/python/lib/python3.8/site-packages/torch/multiprocessing/spawn.py][59] eta: 0:01:43  iter: 9800 progress: 98 head/CE: 0.0743  head/Dice: 0.1277 head/acc: 96.5557 time: 0.517   data_time: 0.009  forward_time: 0.404  backward_time: 0.098  lr: 0.000001  max_mem: 6250M
[2022-12-02 15:53:43,666][INFO][/python/lib/python3.8/site-packages/torch/multiprocessing/spawn.py][59] eta: 0:00:53  iter: 9900 progress: 99 head/CE: 0.0644  head/Dice: 0.1364 head/acc: 96.3986 time: 0.539   data_time: 0.008  forward_time: 0.391  backward_time: 0.131  lr: 0.000000  max_mem: 6250M
[2022-12-02 15:54:32,107][INFO][/python/lib/python3.8/site-packages/torch/multiprocessing/spawn.py][59] Saving checkpoint to /newdata/jiachen/project/fugui/exp2/model/model_10000.pth
[2022-12-02 15:54:32,355][INFO][/python/lib/python3.8/site-packages/torch/multiprocessing/spawn.py][59] Saving checkpoint to /newdata/jiachen/project/fugui/exp2/model/model_final.pth
[2022-12-02 15:54:32,584][INFO][/python/lib/python3.8/site-packages/torch/multiprocessing/spawn.py][59] Saving checkpoint to /newdata/jiachen/project/fugui/exp2/model/model_10000.pth
[2022-12-02 15:54:33,175][INFO][/python/lib/python3.8/site-packages/torch/multiprocessing/spawn.py][59] Start inference on 1 iterations
[2022-12-02 15:54:36,456][INFO][/python/lib/python3.8/site-packages/torch/multiprocessing/spawn.py][59] Inference done 1/1.Iter Time: 3.2801. ETA=0:00:00
[2022-12-02 15:54:36,963][INFO][/python/lib/python3.8/site-packages/torch/multiprocessing/spawn.py][59] Evaluation results for val in csv format:
[2022-12-02 15:54:36,963][INFO][/python/lib/python3.8/site-packages/torch/multiprocessing/spawn.py][59] {
    "PixelBasedEvaluator/iou/bg": 90.07595592249383,
    "PixelBasedEvaluator/iou/cat": 45.17139527219155,
    "PixelBasedEvaluator/iou/mean": 67.6236755973427,
    "PixelBasedEvaluator/recall/bg": 99.78347000829264,
    "PixelBasedEvaluator/recall/cat": 45.66453028732866,
    "PixelBasedEvaluator/recall/mean": 72.72400014781064,
    "PixelBasedEvaluator/precision/bg": 90.25236744138338,
    "PixelBasedEvaluator/precision/cat": 97.6651291181125,
    "PixelBasedEvaluator/precision/mean": 93.95874827974794
}
[2022-12-02 15:54:36,964][INFO][/python/lib/python3.8/site-packages/torch/multiprocessing/spawn.py][59] eta: 0:00:00  iter: 10000 progress: 100 head/CE: 0.0606  head/Dice: 0.1326 head/acc: 96.5855 time: 0.462   data_time: 0.008  forward_time: 0.348  backward_time: 0.107  lr: 0.000000  max_mem: 6250M
[2022-12-02 15:54:36,975][INFO][/python/lib/python3.8/site-packages/torch/multiprocessing/spawn.py][59] Overall training speed: 10000 iterations in 1:21:29 (0.4889 s / it)
[2022-12-02 15:54:36,975][INFO][/python/lib/python3.8/site-packages/torch/multiprocessing/spawn.py][59] Total training time: 1:22:15 (0:00:45 on hooks)
