[2022-12-03 14:04:04,162][INFO][/python/lib/python3.8/site-packages/torch/multiprocessing/spawn.py][59] set seed: 0
[2022-12-03 14:04:04,162][INFO][/python/lib/python3.8/site-packages/torch/multiprocessing/spawn.py][59] set deterministic: True
[2022-12-03 14:04:04,253][WARNING][/python/lib/python3.8/site-packages/torch/multiprocessing/spawn.py][59] 'id'
[2022-12-03 14:04:05,322][INFO][/python/lib/python3.8/site-packages/torch/multiprocessing/spawn.py][59] Environment info:
------------------------------------------------------------
sys.platform: linux
Python: 3.8.3 (default, Feb 23 2022, 10:37:38) [GCC 7.5.0]
CUDA available: True
CUDA_HOME: /usr/local/cuda
NVCC: Build cuda_11.1.TC455_06.29190527_0
GPU 0,1: NVIDIA GeForce RTX 3090
GCC: gcc (Ubuntu 7.5.0-3ubuntu1~18.04) 7.5.0
PyTorch: 1.8.1+cu111
PyTorch compiling details: PyTorch built with:
  - GCC 7.3
  - C++ Version: 201402
  - Intel(R) Math Kernel Library Version 2020.0.0 Product Build 20191122 for Intel(R) 64 architecture applications
  - Intel(R) MKL-DNN v1.7.0 (Git Hash 7aed236906b1f7a05c0917e5257a1af05e9ff683)
  - OpenMP 201511 (a.k.a. OpenMP 4.5)
  - NNPACK is enabled
  - CPU capability usage: AVX2
  - CUDA Runtime 11.1
  - NVCC architecture flags: -gencode;arch=compute_37,code=sm_37;-gencode;arch=compute_50,code=sm_50;-gencode;arch=compute_60,code=sm_60;-gencode;arch=compute_70,code=sm_70;-gencode;arch=compute_75,code=sm_75;-gencode;arch=compute_80,code=sm_80;-gencode;arch=compute_86,code=sm_86
  - CuDNN 8.0.5
  - Magma 2.5.2
  - Build settings: BLAS_INFO=mkl, BUILD_TYPE=Release, CUDA_VERSION=11.1, CUDNN_VERSION=8.0.5, CXX_COMPILER=/opt/rh/devtoolset-7/root/usr/bin/c++, CXX_FLAGS= -Wno-deprecated -fvisibility-inlines-hidden -DUSE_PTHREADPOOL -fopenmp -DNDEBUG -DUSE_KINETO -DUSE_FBGEMM -DUSE_QNNPACK -DUSE_PYTORCH_QNNPACK -DUSE_XNNPACK -O2 -fPIC -Wno-narrowing -Wall -Wextra -Werror=return-type -Wno-missing-field-initializers -Wno-type-limits -Wno-array-bounds -Wno-unknown-pragmas -Wno-sign-compare -Wno-unused-parameter -Wno-unused-variable -Wno-unused-function -Wno-unused-result -Wno-unused-local-typedefs -Wno-strict-overflow -Wno-strict-aliasing -Wno-error=deprecated-declarations -Wno-stringop-overflow -Wno-psabi -Wno-error=pedantic -Wno-error=redundant-decls -Wno-error=old-style-cast -fdiagnostics-color=always -faligned-new -Wno-unused-but-set-variable -Wno-maybe-uninitialized -fno-math-errno -fno-trapping-math -Werror=format -Wno-stringop-overflow, LAPACK_INFO=mkl, PERF_WITH_AVX=1, PERF_WITH_AVX2=1, PERF_WITH_AVX512=1, TORCH_VERSION=1.8.1, USE_CUDA=ON, USE_CUDNN=ON, USE_EXCEPTION_PTR=1, USE_GFLAGS=OFF, USE_GLOG=OFF, USE_MKL=ON, USE_MKLDNN=ON, USE_MPI=OFF, USE_NCCL=ON, USE_NNPACK=ON, USE_OPENMP=ON, 

TorchVision: 0.9.1+cu111
OpenCV: 4.2.0
------------------------------------------------------------

[2022-12-03 14:04:05,323][INFO][/python/lib/python3.8/site-packages/torch/multiprocessing/spawn.py][59] Config info:
------------------------------------------------------------
_cfg_from_file:
  analyze:
    label_map: ['bg', 'cat']
    num_classes: 2
    sample: 10
    type: TransformAnalyzer
  common:
    deterministic: True
    implement_layer: ['SMore_seg']
    log_level: INFO
    plugin_layer: []
    seed: 0
  data:
    eval_data:
      batch_size: 1
      dataset: [{'type': 'MaskDataset', 'data_name': 'val', 'delimiter': '||', 'data_path': [{'root': '', 'path': '/newdata/jiachen/project/fugui/test.txt'}]}]
      transform: [{'type': 'CvtColor', 'mode': 'BGR2RGB'}, {'type': 'Resize', 'output_size': [1024, 1024]}, {'type': 'Normalize', 'mean': [0.485, 0.456, 0.406], 'std': [0.229, 0.224, 0.225], 'scale': 1.0}, {'type': 'ToTensor'}]
      workers: 2
    test_data:
      batch_size: 1
      dataset: [{'type': 'MaskDataset', 'data_name': 'test', 'delimiter': '||', 'data_path': [{'root': '', 'path': '/newdata/jiachen/project/fugui/test.txt'}]}]
      transform: [{'type': 'CvtColor', 'mode': 'BGR2RGB'}, {'type': 'Resize', 'output_size': [1024, 1024]}, {'type': 'Normalize', 'mean': [0.485, 0.456, 0.406], 'std': [0.229, 0.224, 0.225], 'scale': 1.0}, {'type': 'ToTensor'}]
      workers: 2
    train_data:
      batch_size: 4
      dataset:
        data_name: train
        data_path: [{'root': '', 'path': '/newdata/jiachen/project/fugui/train_cat1.txt'}, {'root': '', 'path': '/newdata/jiachen/project/fugui/train_other_cat.txt'}]
        delimiter: ||
        type: MaskDataset
      transform: [{'type': 'CvtColor', 'mode': 'BGR2RGB'}, {'type': 'Resize', 'output_size': [1024, 1024]}, {'type': 'RandomHorizontalFlip', 'prob': 0.2}, {'type': 'RandomVerticalFlip', 'prob': 0.2}, {'type': 'RandomRotation', 'prob': 0.5, 'hook_cfg': {'ignore_label': 255}, 'angle': [-30, 30]}, {'type': 'Normalize', 'mean': [0.485, 0.456, 0.406], 'std': [0.229, 0.224, 0.225], 'scale': 1.0}, {'type': 'ToTensor'}]
      workers: 2
  deploy:
    shapes: [1, 3, 1024, 1024]
    type: OnnxDeploy
  eval:
    evaluators: [{'type': 'PixelBasedEvaluator', 'num_classes': 2, 'label_map': ['bg', 'cat'], 'ignore_label': 255}]
    type: SimpleInference
    visualizer:
      painters: [{'type': 'MaskPainter', 'num_classes': 2, 'label_map': ['bg', 'cat']}]
      type: ConcatVisualizer
  model:
    backbone:
      pretrained_weights: /newdata/jiachen/project/boer/d8x/demo/hrnet_w18_v2.pth
      type: HRNetW18SmallV2
    head:
      in_index: [0, 1, 2, 3]
      input_transform: resize_concat
      kernel_size: 1
      losses: [{'type': 'CE', 'num_classes': 2, 'ignore_label': 255, 'class_weights': [0.05, 1.0], 'weight': 1.8}, {'type': 'Dice', 'num_classes': 2, 'ignore_label': 255, 'weight': 3.0}]
      num_classes: 2
      type: FCNHead
    type: EncoderDecoder
  other:
    category_map: [['bg'], ['cat']]
    class_weight: [0.05, 1.0]
    color_map: [[0, 0, 0], [128, 0, 100]]
    ignore_label: 255
    label_map: ['bg', 'cat']
    mean: [0.485, 0.456, 0.406]
    num_classes: 2
    rotate_angle: [-30, 30]
    scale: 1.0
    std: [0.229, 0.224, 0.225]
    workers: 2
  train:
    ckpt_freq: 1000
    lr_scheduler:
      max_iter: 10000
      type: WarmupCosineLR
      warmup_iter: 80
    max_iter: 10000
    optimizer:
      lr: 0.001
      type: Adam
    print_freq: 100
    type: SimpleTrainer
  visualize:
    painters: [{'type': 'MaskPainter', 'num_classes': 2, 'label_map': ['bg', 'cat']}]
    type: ConcatVisualizer
_id: None
_log_file: None
_path: /newdata/jiachen/project/fugui/exp2
_status_file: None
analyze:
  label_map: ['bg', 'cat']
  num_classes: 2
  sample: 10
  type: TransformAnalyzer
common:
  deterministic: True
  implement_layer: ['SMore_seg']
  log_level: INFO
  plugin_layer: []
  seed: 0
data:
  eval_data:
    batch_size: 1
    dataset: [{'type': 'MaskDataset', 'data_name': 'val', 'delimiter': '||', 'data_path': [{'root': '', 'path': '/newdata/jiachen/project/fugui/test.txt'}]}]
    group_dataset:
      type: DefaultGroupDataset
    pin_memory: True
    transform: [{'type': 'CvtColor', 'mode': 'BGR2RGB'}, {'type': 'Resize', 'output_size': [1024, 1024]}, {'type': 'Normalize', 'mean': [0.485, 0.456, 0.406], 'std': [0.229, 0.224, 0.225], 'scale': 1.0}, {'type': 'ToTensor'}]
    workers: 2
  test_data:
    batch_size: 1
    dataset: [{'type': 'MaskDataset', 'data_name': 'test', 'delimiter': '||', 'data_path': [{'root': '', 'path': '/newdata/jiachen/project/fugui/test.txt'}]}]
    group_dataset:
      type: DefaultGroupDataset
    pin_memory: True
    transform: [{'type': 'CvtColor', 'mode': 'BGR2RGB'}, {'type': 'Resize', 'output_size': [1024, 1024]}, {'type': 'Normalize', 'mean': [0.485, 0.456, 0.406], 'std': [0.229, 0.224, 0.225], 'scale': 1.0}, {'type': 'ToTensor'}]
    workers: 2
  train_data:
    batch_size: 4
    dataset:
      data_name: train
      data_path: [{'root': '', 'path': '/newdata/jiachen/project/fugui/train_cat1.txt'}, {'root': '', 'path': '/newdata/jiachen/project/fugui/train_other_cat.txt'}]
      delimiter: ||
      type: MaskDataset
    group_dataset:
      type: DefaultGroupDataset
    pin_memory: True
    transform: [{'type': 'CvtColor', 'mode': 'BGR2RGB'}, {'type': 'Resize', 'output_size': [1024, 1024]}, {'type': 'RandomHorizontalFlip', 'prob': 0.2}, {'type': 'RandomVerticalFlip', 'prob': 0.2}, {'type': 'RandomRotation', 'prob': 0.5, 'hook_cfg': {'ignore_label': 255}, 'angle': [-30, 30]}, {'type': 'Normalize', 'mean': [0.485, 0.456, 0.406], 'std': [0.229, 0.224, 0.225], 'scale': 1.0}, {'type': 'ToTensor'}]
    workers: 2
decrypt: False
deploy:
  shapes: [1, 3, 1024, 1024]
  type: OnnxDeploy
dump_result: False
dump_vis: False
eval:
  evaluators: [{'type': 'PixelBasedEvaluator', 'num_classes': 2, 'label_map': ['bg', 'cat'], 'ignore_label': 255}]
  type: SimpleInference
  visualizer:
    painters: [{'type': 'MaskPainter', 'num_classes': 2, 'label_map': ['bg', 'cat']}]
    type: ConcatVisualizer
force: True
machine_rank: 0
model:
  backbone:
    pretrained_weights: /newdata/jiachen/project/boer/d8x/demo/hrnet_w18_v2.pth
    type: HRNetW18SmallV2
  head:
    in_index: [0, 1, 2, 3]
    input_transform: resize_concat
    kernel_size: 1
    losses: [{'type': 'CE', 'num_classes': 2, 'ignore_label': 255, 'class_weights': [0.05, 1.0], 'weight': 1.8}, {'type': 'Dice', 'num_classes': 2, 'ignore_label': 255, 'weight': 3.0}]
    num_classes: 2
    type: FCNHead
  type: EncoderDecoder
no_notify: False
num_gpus: 2
num_machines: 1
only_train: False
other:
  category_map: [['bg'], ['cat']]
  class_weight: [0.05, 1.0]
  color_map: [[0, 0, 0], [128, 0, 100]]
  ignore_label: 255
  label_map: ['bg', 'cat']
  mean: [0.485, 0.456, 0.406]
  num_classes: 2
  rotate_angle: [-30, 30]
  scale: 1.0
  std: [0.229, 0.224, 0.225]
  workers: 2
running_command: 
start_time: 1670076244.2429454
train:
  batch_transform: []
  ckpt_freq: 1000
  early_stop_iter: None
  lr_scheduler:
    max_iter: 10000
    type: WarmupCosineLR
    warmup_iter: 80
  max_iter: 10000
  optimizer:
    lr: 0.001
    type: Adam
  print_freq: 100
  resume: None
  type: SimpleTrainer
  with_amp: False
visualize:
  painters: [{'type': 'MaskPainter', 'num_classes': 2, 'label_map': ['bg', 'cat']}]
  type: ConcatVisualizer
workers: 4
------------------------------------------------------------

[2022-12-03 14:04:05,447][INFO][/python/lib/python3.8/site-packages/torch/multiprocessing/spawn.py][59] Config info:
------------------------------------------------------------
EncoderDecoder(
  (backbone): HRNetW18SmallV2(
    (conv1): Conv2d(3, 64, kernel_size=(3, 3), stride=(2, 2), padding=(1, 1), bias=False)
    (bn1): SyncBatchNorm(64, eps=1e-05, momentum=0.1, affine=True, track_running_stats=True)
    (conv2): Conv2d(64, 64, kernel_size=(3, 3), stride=(2, 2), padding=(1, 1), bias=False)
    (bn2): SyncBatchNorm(64, eps=1e-05, momentum=0.1, affine=True, track_running_stats=True)
    (relu): ReLU(inplace=True)
    (layer1): Sequential(
      (0): Bottleneck(
        (conv1): Conv2d(64, 64, kernel_size=(1, 1), stride=(1, 1), bias=False)
        (bn1): SyncBatchNorm(64, eps=1e-05, momentum=0.1, affine=True, track_running_stats=True)
        (conv2): Conv2d(64, 64, kernel_size=(3, 3), stride=(1, 1), padding=(1, 1), bias=False)
        (bn2): SyncBatchNorm(64, eps=1e-05, momentum=0.1, affine=True, track_running_stats=True)
        (conv3): Conv2d(64, 256, kernel_size=(1, 1), stride=(1, 1), bias=False)
        (bn3): SyncBatchNorm(256, eps=1e-05, momentum=0.1, affine=True, track_running_stats=True)
        (relu): ReLU(inplace=True)
        (downsample): Sequential(
          (0): Conv2d(64, 256, kernel_size=(1, 1), stride=(1, 1), bias=False)
          (1): SyncBatchNorm(256, eps=1e-05, momentum=0.1, affine=True, track_running_stats=True)
        )
      )
      (1): Bottleneck(
        (conv1): Conv2d(256, 64, kernel_size=(1, 1), stride=(1, 1), bias=False)
        (bn1): SyncBatchNorm(64, eps=1e-05, momentum=0.1, affine=True, track_running_stats=True)
        (conv2): Conv2d(64, 64, kernel_size=(3, 3), stride=(1, 1), padding=(1, 1), bias=False)
        (bn2): SyncBatchNorm(64, eps=1e-05, momentum=0.1, affine=True, track_running_stats=True)
        (conv3): Conv2d(64, 256, kernel_size=(1, 1), stride=(1, 1), bias=False)
        (bn3): SyncBatchNorm(256, eps=1e-05, momentum=0.1, affine=True, track_running_stats=True)
        (relu): ReLU(inplace=True)
      )
    )
    (transition1): ModuleList(
      (0): Sequential(
        (0): Conv2d(256, 18, kernel_size=(3, 3), stride=(1, 1), padding=(1, 1), bias=False)
        (1): SyncBatchNorm(18, eps=1e-05, momentum=0.1, affine=True, track_running_stats=True)
        (2): ReLU(inplace=True)
      )
      (1): Sequential(
        (0): Sequential(
          (0): Conv2d(256, 36, kernel_size=(3, 3), stride=(2, 2), padding=(1, 1), bias=False)
          (1): SyncBatchNorm(36, eps=1e-05, momentum=0.1, affine=True, track_running_stats=True)
          (2): ReLU(inplace=True)
        )
      )
    )
    (stage2): Sequential(
      (0): HRModule(
        (branches): ModuleList(
          (0): Sequential(
            (0): BasicBlock(
              (conv1): Conv2d(18, 18, kernel_size=(3, 3), stride=(1, 1), padding=(1, 1), bias=False)
              (bn1): SyncBatchNorm(18, eps=1e-05, momentum=0.1, affine=True, track_running_stats=True)
              (conv2): Conv2d(18, 18, kernel_size=(3, 3), stride=(1, 1), padding=(1, 1), bias=False)
              (bn2): SyncBatchNorm(18, eps=1e-05, momentum=0.1, affine=True, track_running_stats=True)
              (relu): ReLU(inplace=True)
            )
            (1): BasicBlock(
              (conv1): Conv2d(18, 18, kernel_size=(3, 3), stride=(1, 1), padding=(1, 1), bias=False)
              (bn1): SyncBatchNorm(18, eps=1e-05, momentum=0.1, affine=True, track_running_stats=True)
              (conv2): Conv2d(18, 18, kernel_size=(3, 3), stride=(1, 1), padding=(1, 1), bias=False)
              (bn2): SyncBatchNorm(18, eps=1e-05, momentum=0.1, affine=True, track_running_stats=True)
              (relu): ReLU(inplace=True)
            )
          )
          (1): Sequential(
            (0): BasicBlock(
              (conv1): Conv2d(36, 36, kernel_size=(3, 3), stride=(1, 1), padding=(1, 1), bias=False)
              (bn1): SyncBatchNorm(36, eps=1e-05, momentum=0.1, affine=True, track_running_stats=True)
              (conv2): Conv2d(36, 36, kernel_size=(3, 3), stride=(1, 1), padding=(1, 1), bias=False)
              (bn2): SyncBatchNorm(36, eps=1e-05, momentum=0.1, affine=True, track_running_stats=True)
              (relu): ReLU(inplace=True)
            )
            (1): BasicBlock(
              (conv1): Conv2d(36, 36, kernel_size=(3, 3), stride=(1, 1), padding=(1, 1), bias=False)
              (bn1): SyncBatchNorm(36, eps=1e-05, momentum=0.1, affine=True, track_running_stats=True)
              (conv2): Conv2d(36, 36, kernel_size=(3, 3), stride=(1, 1), padding=(1, 1), bias=False)
              (bn2): SyncBatchNorm(36, eps=1e-05, momentum=0.1, affine=True, track_running_stats=True)
              (relu): ReLU(inplace=True)
            )
          )
        )
        (relus): ModuleList(
          (0): ReLU()
          (1): ReLU()
        )
        (fuse_layers): ModuleList(
          (0): ModuleList(
            (0): Identity()
            (1): Sequential(
              (0): Conv2d(36, 18, kernel_size=(1, 1), stride=(1, 1), bias=False)
              (1): SyncBatchNorm(18, eps=1e-05, momentum=0.1, affine=True, track_running_stats=True)
            )
          )
          (1): ModuleList(
            (0): Sequential(
              (0): Sequential(
                (0): Conv2d(18, 36, kernel_size=(3, 3), stride=(2, 2), padding=(1, 1), bias=False)
                (1): SyncBatchNorm(36, eps=1e-05, momentum=0.1, affine=True, track_running_stats=True)
              )
            )
            (1): Identity()
          )
        )
        (upsamples): ModuleList(
          (0): ModuleList(
            (0): FModule()
          )
          (1): ModuleList()
        )
        (adds): ModuleList(
          (0): ModuleList(
            (0): AddModule()
            (1): AddModule()
          )
          (1): ModuleList(
            (0): AddModule()
            (1): AddModule()
          )
        )
      )
    )
    (transition2): ModuleList(
      (0): Identity()
      (1): Identity()
      (2): Sequential(
        (0): Sequential(
          (0): Conv2d(36, 72, kernel_size=(3, 3), stride=(2, 2), padding=(1, 1), bias=False)
          (1): SyncBatchNorm(72, eps=1e-05, momentum=0.1, affine=True, track_running_stats=True)
          (2): ReLU(inplace=True)
        )
      )
    )
    (stage3): Sequential(
      (0): HRModule(
        (branches): ModuleList(
          (0): Sequential(
            (0): BasicBlock(
              (conv1): Conv2d(18, 18, kernel_size=(3, 3), stride=(1, 1), padding=(1, 1), bias=False)
              (bn1): SyncBatchNorm(18, eps=1e-05, momentum=0.1, affine=True, track_running_stats=True)
              (conv2): Conv2d(18, 18, kernel_size=(3, 3), stride=(1, 1), padding=(1, 1), bias=False)
              (bn2): SyncBatchNorm(18, eps=1e-05, momentum=0.1, affine=True, track_running_stats=True)
              (relu): ReLU(inplace=True)
            )
            (1): BasicBlock(
              (conv1): Conv2d(18, 18, kernel_size=(3, 3), stride=(1, 1), padding=(1, 1), bias=False)
              (bn1): SyncBatchNorm(18, eps=1e-05, momentum=0.1, affine=True, track_running_stats=True)
              (conv2): Conv2d(18, 18, kernel_size=(3, 3), stride=(1, 1), padding=(1, 1), bias=False)
              (bn2): SyncBatchNorm(18, eps=1e-05, momentum=0.1, affine=True, track_running_stats=True)
              (relu): ReLU(inplace=True)
            )
          )
          (1): Sequential(
            (0): BasicBlock(
              (conv1): Conv2d(36, 36, kernel_size=(3, 3), stride=(1, 1), padding=(1, 1), bias=False)
              (bn1): SyncBatchNorm(36, eps=1e-05, momentum=0.1, affine=True, track_running_stats=True)
              (conv2): Conv2d(36, 36, kernel_size=(3, 3), stride=(1, 1), padding=(1, 1), bias=False)
              (bn2): SyncBatchNorm(36, eps=1e-05, momentum=0.1, affine=True, track_running_stats=True)
              (relu): ReLU(inplace=True)
            )
            (1): BasicBlock(
              (conv1): Conv2d(36, 36, kernel_size=(3, 3), stride=(1, 1), padding=(1, 1), bias=False)
              (bn1): SyncBatchNorm(36, eps=1e-05, momentum=0.1, affine=True, track_running_stats=True)
              (conv2): Conv2d(36, 36, kernel_size=(3, 3), stride=(1, 1), padding=(1, 1), bias=False)
              (bn2): SyncBatchNorm(36, eps=1e-05, momentum=0.1, affine=True, track_running_stats=True)
              (relu): ReLU(inplace=True)
            )
          )
          (2): Sequential(
            (0): BasicBlock(
              (conv1): Conv2d(72, 72, kernel_size=(3, 3), stride=(1, 1), padding=(1, 1), bias=False)
              (bn1): SyncBatchNorm(72, eps=1e-05, momentum=0.1, affine=True, track_running_stats=True)
              (conv2): Conv2d(72, 72, kernel_size=(3, 3), stride=(1, 1), padding=(1, 1), bias=False)
              (bn2): SyncBatchNorm(72, eps=1e-05, momentum=0.1, affine=True, track_running_stats=True)
              (relu): ReLU(inplace=True)
            )
            (1): BasicBlock(
              (conv1): Conv2d(72, 72, kernel_size=(3, 3), stride=(1, 1), padding=(1, 1), bias=False)
              (bn1): SyncBatchNorm(72, eps=1e-05, momentum=0.1, affine=True, track_running_stats=True)
              (conv2): Conv2d(72, 72, kernel_size=(3, 3), stride=(1, 1), padding=(1, 1), bias=False)
              (bn2): SyncBatchNorm(72, eps=1e-05, momentum=0.1, affine=True, track_running_stats=True)
              (relu): ReLU(inplace=True)
            )
          )
        )
        (relus): ModuleList(
          (0): ReLU()
          (1): ReLU()
          (2): ReLU()
        )
        (fuse_layers): ModuleList(
          (0): ModuleList(
            (0): Identity()
            (1): Sequential(
              (0): Conv2d(36, 18, kernel_size=(1, 1), stride=(1, 1), bias=False)
              (1): SyncBatchNorm(18, eps=1e-05, momentum=0.1, affine=True, track_running_stats=True)
            )
            (2): Sequential(
              (0): Conv2d(72, 18, kernel_size=(1, 1), stride=(1, 1), bias=False)
              (1): SyncBatchNorm(18, eps=1e-05, momentum=0.1, affine=True, track_running_stats=True)
            )
          )
          (1): ModuleList(
            (0): Sequential(
              (0): Sequential(
                (0): Conv2d(18, 36, kernel_size=(3, 3), stride=(2, 2), padding=(1, 1), bias=False)
                (1): SyncBatchNorm(36, eps=1e-05, momentum=0.1, affine=True, track_running_stats=True)
              )
            )
            (1): Identity()
            (2): Sequential(
              (0): Conv2d(72, 36, kernel_size=(1, 1), stride=(1, 1), bias=False)
              (1): SyncBatchNorm(36, eps=1e-05, momentum=0.1, affine=True, track_running_stats=True)
            )
          )
          (2): ModuleList(
            (0): Sequential(
              (0): Sequential(
                (0): Conv2d(18, 18, kernel_size=(3, 3), stride=(2, 2), padding=(1, 1), bias=False)
                (1): SyncBatchNorm(18, eps=1e-05, momentum=0.1, affine=True, track_running_stats=True)
                (2): ReLU()
              )
              (1): Sequential(
                (0): Conv2d(18, 72, kernel_size=(3, 3), stride=(2, 2), padding=(1, 1), bias=False)
                (1): SyncBatchNorm(72, eps=1e-05, momentum=0.1, affine=True, track_running_stats=True)
              )
            )
            (1): Sequential(
              (0): Sequential(
                (0): Conv2d(36, 72, kernel_size=(3, 3), stride=(2, 2), padding=(1, 1), bias=False)
                (1): SyncBatchNorm(72, eps=1e-05, momentum=0.1, affine=True, track_running_stats=True)
              )
            )
            (2): Identity()
          )
        )
        (upsamples): ModuleList(
          (0): ModuleList(
            (0): FModule()
            (1): FModule()
          )
          (1): ModuleList(
            (0): FModule()
          )
          (2): ModuleList()
        )
        (adds): ModuleList(
          (0): ModuleList(
            (0): AddModule()
            (1): AddModule()
            (2): AddModule()
          )
          (1): ModuleList(
            (0): AddModule()
            (1): AddModule()
            (2): AddModule()
          )
          (2): ModuleList(
            (0): AddModule()
            (1): AddModule()
            (2): AddModule()
          )
        )
      )
      (1): HRModule(
        (branches): ModuleList(
          (0): Sequential(
            (0): BasicBlock(
              (conv1): Conv2d(18, 18, kernel_size=(3, 3), stride=(1, 1), padding=(1, 1), bias=False)
              (bn1): SyncBatchNorm(18, eps=1e-05, momentum=0.1, affine=True, track_running_stats=True)
              (conv2): Conv2d(18, 18, kernel_size=(3, 3), stride=(1, 1), padding=(1, 1), bias=False)
              (bn2): SyncBatchNorm(18, eps=1e-05, momentum=0.1, affine=True, track_running_stats=True)
              (relu): ReLU(inplace=True)
            )
            (1): BasicBlock(
              (conv1): Conv2d(18, 18, kernel_size=(3, 3), stride=(1, 1), padding=(1, 1), bias=False)
              (bn1): SyncBatchNorm(18, eps=1e-05, momentum=0.1, affine=True, track_running_stats=True)
              (conv2): Conv2d(18, 18, kernel_size=(3, 3), stride=(1, 1), padding=(1, 1), bias=False)
              (bn2): SyncBatchNorm(18, eps=1e-05, momentum=0.1, affine=True, track_running_stats=True)
              (relu): ReLU(inplace=True)
            )
          )
          (1): Sequential(
            (0): BasicBlock(
              (conv1): Conv2d(36, 36, kernel_size=(3, 3), stride=(1, 1), padding=(1, 1), bias=False)
              (bn1): SyncBatchNorm(36, eps=1e-05, momentum=0.1, affine=True, track_running_stats=True)
              (conv2): Conv2d(36, 36, kernel_size=(3, 3), stride=(1, 1), padding=(1, 1), bias=False)
              (bn2): SyncBatchNorm(36, eps=1e-05, momentum=0.1, affine=True, track_running_stats=True)
              (relu): ReLU(inplace=True)
            )
            (1): BasicBlock(
              (conv1): Conv2d(36, 36, kernel_size=(3, 3), stride=(1, 1), padding=(1, 1), bias=False)
              (bn1): SyncBatchNorm(36, eps=1e-05, momentum=0.1, affine=True, track_running_stats=True)
              (conv2): Conv2d(36, 36, kernel_size=(3, 3), stride=(1, 1), padding=(1, 1), bias=False)
              (bn2): SyncBatchNorm(36, eps=1e-05, momentum=0.1, affine=True, track_running_stats=True)
              (relu): ReLU(inplace=True)
            )
          )
          (2): Sequential(
            (0): BasicBlock(
              (conv1): Conv2d(72, 72, kernel_size=(3, 3), stride=(1, 1), padding=(1, 1), bias=False)
              (bn1): SyncBatchNorm(72, eps=1e-05, momentum=0.1, affine=True, track_running_stats=True)
              (conv2): Conv2d(72, 72, kernel_size=(3, 3), stride=(1, 1), padding=(1, 1), bias=False)
              (bn2): SyncBatchNorm(72, eps=1e-05, momentum=0.1, affine=True, track_running_stats=True)
              (relu): ReLU(inplace=True)
            )
            (1): BasicBlock(
              (conv1): Conv2d(72, 72, kernel_size=(3, 3), stride=(1, 1), padding=(1, 1), bias=False)
              (bn1): SyncBatchNorm(72, eps=1e-05, momentum=0.1, affine=True, track_running_stats=True)
              (conv2): Conv2d(72, 72, kernel_size=(3, 3), stride=(1, 1), padding=(1, 1), bias=False)
              (bn2): SyncBatchNorm(72, eps=1e-05, momentum=0.1, affine=True, track_running_stats=True)
              (relu): ReLU(inplace=True)
            )
          )
        )
        (relus): ModuleList(
          (0): ReLU()
          (1): ReLU()
          (2): ReLU()
        )
        (fuse_layers): ModuleList(
          (0): ModuleList(
            (0): Identity()
            (1): Sequential(
              (0): Conv2d(36, 18, kernel_size=(1, 1), stride=(1, 1), bias=False)
              (1): SyncBatchNorm(18, eps=1e-05, momentum=0.1, affine=True, track_running_stats=True)
            )
            (2): Sequential(
              (0): Conv2d(72, 18, kernel_size=(1, 1), stride=(1, 1), bias=False)
              (1): SyncBatchNorm(18, eps=1e-05, momentum=0.1, affine=True, track_running_stats=True)
            )
          )
          (1): ModuleList(
            (0): Sequential(
              (0): Sequential(
                (0): Conv2d(18, 36, kernel_size=(3, 3), stride=(2, 2), padding=(1, 1), bias=False)
                (1): SyncBatchNorm(36, eps=1e-05, momentum=0.1, affine=True, track_running_stats=True)
              )
            )
            (1): Identity()
            (2): Sequential(
              (0): Conv2d(72, 36, kernel_size=(1, 1), stride=(1, 1), bias=False)
              (1): SyncBatchNorm(36, eps=1e-05, momentum=0.1, affine=True, track_running_stats=True)
            )
          )
          (2): ModuleList(
            (0): Sequential(
              (0): Sequential(
                (0): Conv2d(18, 18, kernel_size=(3, 3), stride=(2, 2), padding=(1, 1), bias=False)
                (1): SyncBatchNorm(18, eps=1e-05, momentum=0.1, affine=True, track_running_stats=True)
                (2): ReLU()
              )
              (1): Sequential(
                (0): Conv2d(18, 72, kernel_size=(3, 3), stride=(2, 2), padding=(1, 1), bias=False)
                (1): SyncBatchNorm(72, eps=1e-05, momentum=0.1, affine=True, track_running_stats=True)
              )
            )
            (1): Sequential(
              (0): Sequential(
                (0): Conv2d(36, 72, kernel_size=(3, 3), stride=(2, 2), padding=(1, 1), bias=False)
                (1): SyncBatchNorm(72, eps=1e-05, momentum=0.1, affine=True, track_running_stats=True)
              )
            )
            (2): Identity()
          )
        )
        (upsamples): ModuleList(
          (0): ModuleList(
            (0): FModule()
            (1): FModule()
          )
          (1): ModuleList(
            (0): FModule()
          )
          (2): ModuleList()
        )
        (adds): ModuleList(
          (0): ModuleList(
            (0): AddModule()
            (1): AddModule()
            (2): AddModule()
          )
          (1): ModuleList(
            (0): AddModule()
            (1): AddModule()
            (2): AddModule()
          )
          (2): ModuleList(
            (0): AddModule()
            (1): AddModule()
            (2): AddModule()
          )
        )
      )
      (2): HRModule(
        (branches): ModuleList(
          (0): Sequential(
            (0): BasicBlock(
              (conv1): Conv2d(18, 18, kernel_size=(3, 3), stride=(1, 1), padding=(1, 1), bias=False)
              (bn1): SyncBatchNorm(18, eps=1e-05, momentum=0.1, affine=True, track_running_stats=True)
              (conv2): Conv2d(18, 18, kernel_size=(3, 3), stride=(1, 1), padding=(1, 1), bias=False)
              (bn2): SyncBatchNorm(18, eps=1e-05, momentum=0.1, affine=True, track_running_stats=True)
              (relu): ReLU(inplace=True)
            )
            (1): BasicBlock(
              (conv1): Conv2d(18, 18, kernel_size=(3, 3), stride=(1, 1), padding=(1, 1), bias=False)
              (bn1): SyncBatchNorm(18, eps=1e-05, momentum=0.1, affine=True, track_running_stats=True)
              (conv2): Conv2d(18, 18, kernel_size=(3, 3), stride=(1, 1), padding=(1, 1), bias=False)
              (bn2): SyncBatchNorm(18, eps=1e-05, momentum=0.1, affine=True, track_running_stats=True)
              (relu): ReLU(inplace=True)
            )
          )
          (1): Sequential(
            (0): BasicBlock(
              (conv1): Conv2d(36, 36, kernel_size=(3, 3), stride=(1, 1), padding=(1, 1), bias=False)
              (bn1): SyncBatchNorm(36, eps=1e-05, momentum=0.1, affine=True, track_running_stats=True)
              (conv2): Conv2d(36, 36, kernel_size=(3, 3), stride=(1, 1), padding=(1, 1), bias=False)
              (bn2): SyncBatchNorm(36, eps=1e-05, momentum=0.1, affine=True, track_running_stats=True)
              (relu): ReLU(inplace=True)
            )
            (1): BasicBlock(
              (conv1): Conv2d(36, 36, kernel_size=(3, 3), stride=(1, 1), padding=(1, 1), bias=False)
              (bn1): SyncBatchNorm(36, eps=1e-05, momentum=0.1, affine=True, track_running_stats=True)
              (conv2): Conv2d(36, 36, kernel_size=(3, 3), stride=(1, 1), padding=(1, 1), bias=False)
              (bn2): SyncBatchNorm(36, eps=1e-05, momentum=0.1, affine=True, track_running_stats=True)
              (relu): ReLU(inplace=True)
            )
          )
          (2): Sequential(
            (0): BasicBlock(
              (conv1): Conv2d(72, 72, kernel_size=(3, 3), stride=(1, 1), padding=(1, 1), bias=False)
              (bn1): SyncBatchNorm(72, eps=1e-05, momentum=0.1, affine=True, track_running_stats=True)
              (conv2): Conv2d(72, 72, kernel_size=(3, 3), stride=(1, 1), padding=(1, 1), bias=False)
              (bn2): SyncBatchNorm(72, eps=1e-05, momentum=0.1, affine=True, track_running_stats=True)
              (relu): ReLU(inplace=True)
            )
            (1): BasicBlock(
              (conv1): Conv2d(72, 72, kernel_size=(3, 3), stride=(1, 1), padding=(1, 1), bias=False)
              (bn1): SyncBatchNorm(72, eps=1e-05, momentum=0.1, affine=True, track_running_stats=True)
              (conv2): Conv2d(72, 72, kernel_size=(3, 3), stride=(1, 1), padding=(1, 1), bias=False)
              (bn2): SyncBatchNorm(72, eps=1e-05, momentum=0.1, affine=True, track_running_stats=True)
              (relu): ReLU(inplace=True)
            )
          )
        )
        (relus): ModuleList(
          (0): ReLU()
          (1): ReLU()
          (2): ReLU()
        )
        (fuse_layers): ModuleList(
          (0): ModuleList(
            (0): Identity()
            (1): Sequential(
              (0): Conv2d(36, 18, kernel_size=(1, 1), stride=(1, 1), bias=False)
              (1): SyncBatchNorm(18, eps=1e-05, momentum=0.1, affine=True, track_running_stats=True)
            )
            (2): Sequential(
              (0): Conv2d(72, 18, kernel_size=(1, 1), stride=(1, 1), bias=False)
              (1): SyncBatchNorm(18, eps=1e-05, momentum=0.1, affine=True, track_running_stats=True)
            )
          )
          (1): ModuleList(
            (0): Sequential(
              (0): Sequential(
                (0): Conv2d(18, 36, kernel_size=(3, 3), stride=(2, 2), padding=(1, 1), bias=False)
                (1): SyncBatchNorm(36, eps=1e-05, momentum=0.1, affine=True, track_running_stats=True)
              )
            )
            (1): Identity()
            (2): Sequential(
              (0): Conv2d(72, 36, kernel_size=(1, 1), stride=(1, 1), bias=False)
              (1): SyncBatchNorm(36, eps=1e-05, momentum=0.1, affine=True, track_running_stats=True)
            )
          )
          (2): ModuleList(
            (0): Sequential(
              (0): Sequential(
                (0): Conv2d(18, 18, kernel_size=(3, 3), stride=(2, 2), padding=(1, 1), bias=False)
                (1): SyncBatchNorm(18, eps=1e-05, momentum=0.1, affine=True, track_running_stats=True)
                (2): ReLU()
              )
              (1): Sequential(
                (0): Conv2d(18, 72, kernel_size=(3, 3), stride=(2, 2), padding=(1, 1), bias=False)
                (1): SyncBatchNorm(72, eps=1e-05, momentum=0.1, affine=True, track_running_stats=True)
              )
            )
            (1): Sequential(
              (0): Sequential(
                (0): Conv2d(36, 72, kernel_size=(3, 3), stride=(2, 2), padding=(1, 1), bias=False)
                (1): SyncBatchNorm(72, eps=1e-05, momentum=0.1, affine=True, track_running_stats=True)
              )
            )
            (2): Identity()
          )
        )
        (upsamples): ModuleList(
          (0): ModuleList(
            (0): FModule()
            (1): FModule()
          )
          (1): ModuleList(
            (0): FModule()
          )
          (2): ModuleList()
        )
        (adds): ModuleList(
          (0): ModuleList(
            (0): AddModule()
            (1): AddModule()
            (2): AddModule()
          )
          (1): ModuleList(
            (0): AddModule()
            (1): AddModule()
            (2): AddModule()
          )
          (2): ModuleList(
            (0): AddModule()
            (1): AddModule()
            (2): AddModule()
          )
        )
      )
    )
    (transition3): ModuleList(
      (0): Identity()
      (1): Identity()
      (2): Identity()
      (3): Sequential(
        (0): Sequential(
          (0): Conv2d(72, 144, kernel_size=(3, 3), stride=(2, 2), padding=(1, 1), bias=False)
          (1): SyncBatchNorm(144, eps=1e-05, momentum=0.1, affine=True, track_running_stats=True)
          (2): ReLU(inplace=True)
        )
      )
    )
    (stage4): Sequential(
      (0): HRModule(
        (branches): ModuleList(
          (0): Sequential(
            (0): BasicBlock(
              (conv1): Conv2d(18, 18, kernel_size=(3, 3), stride=(1, 1), padding=(1, 1), bias=False)
              (bn1): SyncBatchNorm(18, eps=1e-05, momentum=0.1, affine=True, track_running_stats=True)
              (conv2): Conv2d(18, 18, kernel_size=(3, 3), stride=(1, 1), padding=(1, 1), bias=False)
              (bn2): SyncBatchNorm(18, eps=1e-05, momentum=0.1, affine=True, track_running_stats=True)
              (relu): ReLU(inplace=True)
            )
            (1): BasicBlock(
              (conv1): Conv2d(18, 18, kernel_size=(3, 3), stride=(1, 1), padding=(1, 1), bias=False)
              (bn1): SyncBatchNorm(18, eps=1e-05, momentum=0.1, affine=True, track_running_stats=True)
              (conv2): Conv2d(18, 18, kernel_size=(3, 3), stride=(1, 1), padding=(1, 1), bias=False)
              (bn2): SyncBatchNorm(18, eps=1e-05, momentum=0.1, affine=True, track_running_stats=True)
              (relu): ReLU(inplace=True)
            )
          )
          (1): Sequential(
            (0): BasicBlock(
              (conv1): Conv2d(36, 36, kernel_size=(3, 3), stride=(1, 1), padding=(1, 1), bias=False)
              (bn1): SyncBatchNorm(36, eps=1e-05, momentum=0.1, affine=True, track_running_stats=True)
              (conv2): Conv2d(36, 36, kernel_size=(3, 3), stride=(1, 1), padding=(1, 1), bias=False)
              (bn2): SyncBatchNorm(36, eps=1e-05, momentum=0.1, affine=True, track_running_stats=True)
              (relu): ReLU(inplace=True)
            )
            (1): BasicBlock(
              (conv1): Conv2d(36, 36, kernel_size=(3, 3), stride=(1, 1), padding=(1, 1), bias=False)
              (bn1): SyncBatchNorm(36, eps=1e-05, momentum=0.1, affine=True, track_running_stats=True)
              (conv2): Conv2d(36, 36, kernel_size=(3, 3), stride=(1, 1), padding=(1, 1), bias=False)
              (bn2): SyncBatchNorm(36, eps=1e-05, momentum=0.1, affine=True, track_running_stats=True)
              (relu): ReLU(inplace=True)
            )
          )
          (2): Sequential(
            (0): BasicBlock(
              (conv1): Conv2d(72, 72, kernel_size=(3, 3), stride=(1, 1), padding=(1, 1), bias=False)
              (bn1): SyncBatchNorm(72, eps=1e-05, momentum=0.1, affine=True, track_running_stats=True)
              (conv2): Conv2d(72, 72, kernel_size=(3, 3), stride=(1, 1), padding=(1, 1), bias=False)
              (bn2): SyncBatchNorm(72, eps=1e-05, momentum=0.1, affine=True, track_running_stats=True)
              (relu): ReLU(inplace=True)
            )
            (1): BasicBlock(
              (conv1): Conv2d(72, 72, kernel_size=(3, 3), stride=(1, 1), padding=(1, 1), bias=False)
              (bn1): SyncBatchNorm(72, eps=1e-05, momentum=0.1, affine=True, track_running_stats=True)
              (conv2): Conv2d(72, 72, kernel_size=(3, 3), stride=(1, 1), padding=(1, 1), bias=False)
              (bn2): SyncBatchNorm(72, eps=1e-05, momentum=0.1, affine=True, track_running_stats=True)
              (relu): ReLU(inplace=True)
            )
          )
          (3): Sequential(
            (0): BasicBlock(
              (conv1): Conv2d(144, 144, kernel_size=(3, 3), stride=(1, 1), padding=(1, 1), bias=False)
              (bn1): SyncBatchNorm(144, eps=1e-05, momentum=0.1, affine=True, track_running_stats=True)
              (conv2): Conv2d(144, 144, kernel_size=(3, 3), stride=(1, 1), padding=(1, 1), bias=False)
              (bn2): SyncBatchNorm(144, eps=1e-05, momentum=0.1, affine=True, track_running_stats=True)
              (relu): ReLU(inplace=True)
            )
            (1): BasicBlock(
              (conv1): Conv2d(144, 144, kernel_size=(3, 3), stride=(1, 1), padding=(1, 1), bias=False)
              (bn1): SyncBatchNorm(144, eps=1e-05, momentum=0.1, affine=True, track_running_stats=True)
              (conv2): Conv2d(144, 144, kernel_size=(3, 3), stride=(1, 1), padding=(1, 1), bias=False)
              (bn2): SyncBatchNorm(144, eps=1e-05, momentum=0.1, affine=True, track_running_stats=True)
              (relu): ReLU(inplace=True)
            )
          )
        )
        (relus): ModuleList(
          (0): ReLU()
          (1): ReLU()
          (2): ReLU()
          (3): ReLU()
        )
        (fuse_layers): ModuleList(
          (0): ModuleList(
            (0): Identity()
            (1): Sequential(
              (0): Conv2d(36, 18, kernel_size=(1, 1), stride=(1, 1), bias=False)
              (1): SyncBatchNorm(18, eps=1e-05, momentum=0.1, affine=True, track_running_stats=True)
            )
            (2): Sequential(
              (0): Conv2d(72, 18, kernel_size=(1, 1), stride=(1, 1), bias=False)
              (1): SyncBatchNorm(18, eps=1e-05, momentum=0.1, affine=True, track_running_stats=True)
            )
            (3): Sequential(
              (0): Conv2d(144, 18, kernel_size=(1, 1), stride=(1, 1), bias=False)
              (1): SyncBatchNorm(18, eps=1e-05, momentum=0.1, affine=True, track_running_stats=True)
            )
          )
          (1): ModuleList(
            (0): Sequential(
              (0): Sequential(
                (0): Conv2d(18, 36, kernel_size=(3, 3), stride=(2, 2), padding=(1, 1), bias=False)
                (1): SyncBatchNorm(36, eps=1e-05, momentum=0.1, affine=True, track_running_stats=True)
              )
            )
            (1): Identity()
            (2): Sequential(
              (0): Conv2d(72, 36, kernel_size=(1, 1), stride=(1, 1), bias=False)
              (1): SyncBatchNorm(36, eps=1e-05, momentum=0.1, affine=True, track_running_stats=True)
            )
            (3): Sequential(
              (0): Conv2d(144, 36, kernel_size=(1, 1), stride=(1, 1), bias=False)
              (1): SyncBatchNorm(36, eps=1e-05, momentum=0.1, affine=True, track_running_stats=True)
            )
          )
          (2): ModuleList(
            (0): Sequential(
              (0): Sequential(
                (0): Conv2d(18, 18, kernel_size=(3, 3), stride=(2, 2), padding=(1, 1), bias=False)
                (1): SyncBatchNorm(18, eps=1e-05, momentum=0.1, affine=True, track_running_stats=True)
                (2): ReLU()
              )
              (1): Sequential(
                (0): Conv2d(18, 72, kernel_size=(3, 3), stride=(2, 2), padding=(1, 1), bias=False)
                (1): SyncBatchNorm(72, eps=1e-05, momentum=0.1, affine=True, track_running_stats=True)
              )
            )
            (1): Sequential(
              (0): Sequential(
                (0): Conv2d(36, 72, kernel_size=(3, 3), stride=(2, 2), padding=(1, 1), bias=False)
                (1): SyncBatchNorm(72, eps=1e-05, momentum=0.1, affine=True, track_running_stats=True)
              )
            )
            (2): Identity()
            (3): Sequential(
              (0): Conv2d(144, 72, kernel_size=(1, 1), stride=(1, 1), bias=False)
              (1): SyncBatchNorm(72, eps=1e-05, momentum=0.1, affine=True, track_running_stats=True)
            )
          )
          (3): ModuleList(
            (0): Sequential(
              (0): Sequential(
                (0): Conv2d(18, 18, kernel_size=(3, 3), stride=(2, 2), padding=(1, 1), bias=False)
                (1): SyncBatchNorm(18, eps=1e-05, momentum=0.1, affine=True, track_running_stats=True)
                (2): ReLU()
              )
              (1): Sequential(
                (0): Conv2d(18, 18, kernel_size=(3, 3), stride=(2, 2), padding=(1, 1), bias=False)
                (1): SyncBatchNorm(18, eps=1e-05, momentum=0.1, affine=True, track_running_stats=True)
                (2): ReLU()
              )
              (2): Sequential(
                (0): Conv2d(18, 144, kernel_size=(3, 3), stride=(2, 2), padding=(1, 1), bias=False)
                (1): SyncBatchNorm(144, eps=1e-05, momentum=0.1, affine=True, track_running_stats=True)
              )
            )
            (1): Sequential(
              (0): Sequential(
                (0): Conv2d(36, 36, kernel_size=(3, 3), stride=(2, 2), padding=(1, 1), bias=False)
                (1): SyncBatchNorm(36, eps=1e-05, momentum=0.1, affine=True, track_running_stats=True)
                (2): ReLU()
              )
              (1): Sequential(
                (0): Conv2d(36, 144, kernel_size=(3, 3), stride=(2, 2), padding=(1, 1), bias=False)
                (1): SyncBatchNorm(144, eps=1e-05, momentum=0.1, affine=True, track_running_stats=True)
              )
            )
            (2): Sequential(
              (0): Sequential(
                (0): Conv2d(72, 144, kernel_size=(3, 3), stride=(2, 2), padding=(1, 1), bias=False)
                (1): SyncBatchNorm(144, eps=1e-05, momentum=0.1, affine=True, track_running_stats=True)
              )
            )
            (3): Identity()
          )
        )
        (upsamples): ModuleList(
          (0): ModuleList(
            (0): FModule()
            (1): FModule()
            (2): FModule()
          )
          (1): ModuleList(
            (0): FModule()
            (1): FModule()
          )
          (2): ModuleList(
            (0): FModule()
          )
          (3): ModuleList()
        )
        (adds): ModuleList(
          (0): ModuleList(
            (0): AddModule()
            (1): AddModule()
            (2): AddModule()
            (3): AddModule()
          )
          (1): ModuleList(
            (0): AddModule()
            (1): AddModule()
            (2): AddModule()
            (3): AddModule()
          )
          (2): ModuleList(
            (0): AddModule()
            (1): AddModule()
            (2): AddModule()
            (3): AddModule()
          )
          (3): ModuleList(
            (0): AddModule()
            (1): AddModule()
            (2): AddModule()
            (3): AddModule()
          )
        )
      )
      (1): HRModule(
        (branches): ModuleList(
          (0): Sequential(
            (0): BasicBlock(
              (conv1): Conv2d(18, 18, kernel_size=(3, 3), stride=(1, 1), padding=(1, 1), bias=False)
              (bn1): SyncBatchNorm(18, eps=1e-05, momentum=0.1, affine=True, track_running_stats=True)
              (conv2): Conv2d(18, 18, kernel_size=(3, 3), stride=(1, 1), padding=(1, 1), bias=False)
              (bn2): SyncBatchNorm(18, eps=1e-05, momentum=0.1, affine=True, track_running_stats=True)
              (relu): ReLU(inplace=True)
            )
            (1): BasicBlock(
              (conv1): Conv2d(18, 18, kernel_size=(3, 3), stride=(1, 1), padding=(1, 1), bias=False)
              (bn1): SyncBatchNorm(18, eps=1e-05, momentum=0.1, affine=True, track_running_stats=True)
              (conv2): Conv2d(18, 18, kernel_size=(3, 3), stride=(1, 1), padding=(1, 1), bias=False)
              (bn2): SyncBatchNorm(18, eps=1e-05, momentum=0.1, affine=True, track_running_stats=True)
              (relu): ReLU(inplace=True)
            )
          )
          (1): Sequential(
            (0): BasicBlock(
              (conv1): Conv2d(36, 36, kernel_size=(3, 3), stride=(1, 1), padding=(1, 1), bias=False)
              (bn1): SyncBatchNorm(36, eps=1e-05, momentum=0.1, affine=True, track_running_stats=True)
              (conv2): Conv2d(36, 36, kernel_size=(3, 3), stride=(1, 1), padding=(1, 1), bias=False)
              (bn2): SyncBatchNorm(36, eps=1e-05, momentum=0.1, affine=True, track_running_stats=True)
              (relu): ReLU(inplace=True)
            )
            (1): BasicBlock(
              (conv1): Conv2d(36, 36, kernel_size=(3, 3), stride=(1, 1), padding=(1, 1), bias=False)
              (bn1): SyncBatchNorm(36, eps=1e-05, momentum=0.1, affine=True, track_running_stats=True)
              (conv2): Conv2d(36, 36, kernel_size=(3, 3), stride=(1, 1), padding=(1, 1), bias=False)
              (bn2): SyncBatchNorm(36, eps=1e-05, momentum=0.1, affine=True, track_running_stats=True)
              (relu): ReLU(inplace=True)
            )
          )
          (2): Sequential(
            (0): BasicBlock(
              (conv1): Conv2d(72, 72, kernel_size=(3, 3), stride=(1, 1), padding=(1, 1), bias=False)
              (bn1): SyncBatchNorm(72, eps=1e-05, momentum=0.1, affine=True, track_running_stats=True)
              (conv2): Conv2d(72, 72, kernel_size=(3, 3), stride=(1, 1), padding=(1, 1), bias=False)
              (bn2): SyncBatchNorm(72, eps=1e-05, momentum=0.1, affine=True, track_running_stats=True)
              (relu): ReLU(inplace=True)
            )
            (1): BasicBlock(
              (conv1): Conv2d(72, 72, kernel_size=(3, 3), stride=(1, 1), padding=(1, 1), bias=False)
              (bn1): SyncBatchNorm(72, eps=1e-05, momentum=0.1, affine=True, track_running_stats=True)
              (conv2): Conv2d(72, 72, kernel_size=(3, 3), stride=(1, 1), padding=(1, 1), bias=False)
              (bn2): SyncBatchNorm(72, eps=1e-05, momentum=0.1, affine=True, track_running_stats=True)
              (relu): ReLU(inplace=True)
            )
          )
          (3): Sequential(
            (0): BasicBlock(
              (conv1): Conv2d(144, 144, kernel_size=(3, 3), stride=(1, 1), padding=(1, 1), bias=False)
              (bn1): SyncBatchNorm(144, eps=1e-05, momentum=0.1, affine=True, track_running_stats=True)
              (conv2): Conv2d(144, 144, kernel_size=(3, 3), stride=(1, 1), padding=(1, 1), bias=False)
              (bn2): SyncBatchNorm(144, eps=1e-05, momentum=0.1, affine=True, track_running_stats=True)
              (relu): ReLU(inplace=True)
            )
            (1): BasicBlock(
              (conv1): Conv2d(144, 144, kernel_size=(3, 3), stride=(1, 1), padding=(1, 1), bias=False)
              (bn1): SyncBatchNorm(144, eps=1e-05, momentum=0.1, affine=True, track_running_stats=True)
              (conv2): Conv2d(144, 144, kernel_size=(3, 3), stride=(1, 1), padding=(1, 1), bias=False)
              (bn2): SyncBatchNorm(144, eps=1e-05, momentum=0.1, affine=True, track_running_stats=True)
              (relu): ReLU(inplace=True)
            )
          )
        )
        (relus): ModuleList(
          (0): ReLU()
          (1): ReLU()
          (2): ReLU()
          (3): ReLU()
        )
        (fuse_layers): ModuleList(
          (0): ModuleList(
            (0): Identity()
            (1): Sequential(
              (0): Conv2d(36, 18, kernel_size=(1, 1), stride=(1, 1), bias=False)
              (1): SyncBatchNorm(18, eps=1e-05, momentum=0.1, affine=True, track_running_stats=True)
            )
            (2): Sequential(
              (0): Conv2d(72, 18, kernel_size=(1, 1), stride=(1, 1), bias=False)
              (1): SyncBatchNorm(18, eps=1e-05, momentum=0.1, affine=True, track_running_stats=True)
            )
            (3): Sequential(
              (0): Conv2d(144, 18, kernel_size=(1, 1), stride=(1, 1), bias=False)
              (1): SyncBatchNorm(18, eps=1e-05, momentum=0.1, affine=True, track_running_stats=True)
            )
          )
          (1): ModuleList(
            (0): Sequential(
              (0): Sequential(
                (0): Conv2d(18, 36, kernel_size=(3, 3), stride=(2, 2), padding=(1, 1), bias=False)
                (1): SyncBatchNorm(36, eps=1e-05, momentum=0.1, affine=True, track_running_stats=True)
              )
            )
            (1): Identity()
            (2): Sequential(
              (0): Conv2d(72, 36, kernel_size=(1, 1), stride=(1, 1), bias=False)
              (1): SyncBatchNorm(36, eps=1e-05, momentum=0.1, affine=True, track_running_stats=True)
            )
            (3): Sequential(
              (0): Conv2d(144, 36, kernel_size=(1, 1), stride=(1, 1), bias=False)
              (1): SyncBatchNorm(36, eps=1e-05, momentum=0.1, affine=True, track_running_stats=True)
            )
          )
          (2): ModuleList(
            (0): Sequential(
              (0): Sequential(
                (0): Conv2d(18, 18, kernel_size=(3, 3), stride=(2, 2), padding=(1, 1), bias=False)
                (1): SyncBatchNorm(18, eps=1e-05, momentum=0.1, affine=True, track_running_stats=True)
                (2): ReLU()
              )
              (1): Sequential(
                (0): Conv2d(18, 72, kernel_size=(3, 3), stride=(2, 2), padding=(1, 1), bias=False)
                (1): SyncBatchNorm(72, eps=1e-05, momentum=0.1, affine=True, track_running_stats=True)
              )
            )
            (1): Sequential(
              (0): Sequential(
                (0): Conv2d(36, 72, kernel_size=(3, 3), stride=(2, 2), padding=(1, 1), bias=False)
                (1): SyncBatchNorm(72, eps=1e-05, momentum=0.1, affine=True, track_running_stats=True)
              )
            )
            (2): Identity()
            (3): Sequential(
              (0): Conv2d(144, 72, kernel_size=(1, 1), stride=(1, 1), bias=False)
              (1): SyncBatchNorm(72, eps=1e-05, momentum=0.1, affine=True, track_running_stats=True)
            )
          )
          (3): ModuleList(
            (0): Sequential(
              (0): Sequential(
                (0): Conv2d(18, 18, kernel_size=(3, 3), stride=(2, 2), padding=(1, 1), bias=False)
                (1): SyncBatchNorm(18, eps=1e-05, momentum=0.1, affine=True, track_running_stats=True)
                (2): ReLU()
              )
              (1): Sequential(
                (0): Conv2d(18, 18, kernel_size=(3, 3), stride=(2, 2), padding=(1, 1), bias=False)
                (1): SyncBatchNorm(18, eps=1e-05, momentum=0.1, affine=True, track_running_stats=True)
                (2): ReLU()
              )
              (2): Sequential(
                (0): Conv2d(18, 144, kernel_size=(3, 3), stride=(2, 2), padding=(1, 1), bias=False)
                (1): SyncBatchNorm(144, eps=1e-05, momentum=0.1, affine=True, track_running_stats=True)
              )
            )
            (1): Sequential(
              (0): Sequential(
                (0): Conv2d(36, 36, kernel_size=(3, 3), stride=(2, 2), padding=(1, 1), bias=False)
                (1): SyncBatchNorm(36, eps=1e-05, momentum=0.1, affine=True, track_running_stats=True)
                (2): ReLU()
              )
              (1): Sequential(
                (0): Conv2d(36, 144, kernel_size=(3, 3), stride=(2, 2), padding=(1, 1), bias=False)
                (1): SyncBatchNorm(144, eps=1e-05, momentum=0.1, affine=True, track_running_stats=True)
              )
            )
            (2): Sequential(
              (0): Sequential(
                (0): Conv2d(72, 144, kernel_size=(3, 3), stride=(2, 2), padding=(1, 1), bias=False)
                (1): SyncBatchNorm(144, eps=1e-05, momentum=0.1, affine=True, track_running_stats=True)
              )
            )
            (3): Identity()
          )
        )
        (upsamples): ModuleList(
          (0): ModuleList(
            (0): FModule()
            (1): FModule()
            (2): FModule()
          )
          (1): ModuleList(
            (0): FModule()
            (1): FModule()
          )
          (2): ModuleList(
            (0): FModule()
          )
          (3): ModuleList()
        )
        (adds): ModuleList(
          (0): ModuleList(
            (0): AddModule()
            (1): AddModule()
            (2): AddModule()
            (3): AddModule()
          )
          (1): ModuleList(
            (0): AddModule()
            (1): AddModule()
            (2): AddModule()
            (3): AddModule()
          )
          (2): ModuleList(
            (0): AddModule()
            (1): AddModule()
            (2): AddModule()
            (3): AddModule()
          )
          (3): ModuleList(
            (0): AddModule()
            (1): AddModule()
            (2): AddModule()
            (3): AddModule()
          )
        )
      )
    )
  )
  (head): FCNHead(
    (interpolate): FModule()
    (losses): ModuleList(
      (0): CE(
        (fn): CrossEntropyLoss()
      )
      (1): Dice()
    )
    (convs): Sequential(
      (0): ConvModule(
        (conv): Conv2d(270, 270, kernel_size=(1, 1), stride=(1, 1), bias=False)
        (bn): SyncBatchNorm(270, eps=1e-05, momentum=0.1, affine=True, track_running_stats=True)
        (activate): ReLU(inplace=True)
      )
    )
    (last_layer): ConvModule(
      (conv): Conv2d(270, 2, kernel_size=(1, 1), stride=(1, 1))
    )
  )
)
------------------------------------------------------------

[2022-12-03 14:04:05,447][INFO][/python/lib/python3.8/site-packages/torch/multiprocessing/spawn.py][59] pretrained_weights is None, init weights.
[2022-12-03 14:04:05,505][INFO][/python/lib/python3.8/site-packages/torch/multiprocessing/spawn.py][59] Load [backbone] pretrained-weights
[2022-12-03 14:04:05,509][INFO][/python/lib/python3.8/site-packages/torch/multiprocessing/spawn.py][59] Loading checkpoint from /newdata/jiachen/project/boer/d8x/demo/hrnet_w18_v2.pth
[2022-12-03 14:04:06,907][INFO][/python/lib/python3.8/site-packages/torch/multiprocessing/spawn.py][59] Load [head] pretrained-weights
[2022-12-03 14:04:06,908][INFO][/python/lib/python3.8/site-packages/torch/multiprocessing/spawn.py][59] pretrained_weights is None, init weights.
[2022-12-03 14:04:07,249][INFO][/python/lib/python3.8/site-packages/torch/multiprocessing/spawn.py][59] Starting training from iteration 1
[2022-12-03 14:04:59,141][INFO][/python/lib/python3.8/site-packages/torch/multiprocessing/spawn.py][59] eta: 1:14:13  iter: 100 progress: 1 head/CE: 0.6151  head/Dice: 0.7664 head/acc: 74.3575 time: 0.450   data_time: 0.006  forward_time: 0.339  backward_time: 0.104  lr: 0.001000  max_mem: 6247M
[2022-12-03 14:05:45,310][INFO][/python/lib/python3.8/site-packages/torch/multiprocessing/spawn.py][59] eta: 1:16:47  iter: 200 progress: 2 head/CE: 0.3600  head/Dice: 0.6887 head/acc: 77.3000 time: 0.470   data_time: 0.006  forward_time: 0.340  backward_time: 0.106  lr: 0.000999  max_mem: 6247M
[2022-12-03 14:06:31,185][INFO][/python/lib/python3.8/site-packages/torch/multiprocessing/spawn.py][59] eta: 1:15:16  iter: 300 progress: 3 head/CE: 0.3370  head/Dice: 0.5279 head/acc: 81.2732 time: 0.466   data_time: 0.006  forward_time: 0.326  backward_time: 0.116  lr: 0.000998  max_mem: 6247M
[2022-12-03 14:07:17,318][INFO][/python/lib/python3.8/site-packages/torch/multiprocessing/spawn.py][59] eta: 1:13:15  iter: 400 progress: 4 head/CE: 0.2432  head/Dice: 0.4755 head/acc: 83.7175 time: 0.458   data_time: 0.006  forward_time: 0.341  backward_time: 0.101  lr: 0.000996  max_mem: 6247M
[2022-12-03 14:08:02,798][INFO][/python/lib/python3.8/site-packages/torch/multiprocessing/spawn.py][59] eta: 1:11:59  iter: 500 progress: 5 head/CE: 0.2777  head/Dice: 0.5305 head/acc: 81.6804 time: 0.455   data_time: 0.007  forward_time: 0.335  backward_time: 0.106  lr: 0.000994  max_mem: 6247M
[2022-12-03 14:08:48,916][INFO][/python/lib/python3.8/site-packages/torch/multiprocessing/spawn.py][59] eta: 1:11:32  iter: 600 progress: 6 head/CE: 0.2216  head/Dice: 0.4506 head/acc: 84.8037 time: 0.457   data_time: 0.006  forward_time: 0.332  backward_time: 0.105  lr: 0.000991  max_mem: 6247M
[2022-12-03 14:09:34,629][INFO][/python/lib/python3.8/site-packages/torch/multiprocessing/spawn.py][59] eta: 1:09:47  iter: 700 progress: 7 head/CE: 0.2117  head/Dice: 0.4439 head/acc: 84.3538 time: 0.450   data_time: 0.005  forward_time: 0.327  backward_time: 0.112  lr: 0.000988  max_mem: 6247M
[2022-12-03 14:10:20,632][INFO][/python/lib/python3.8/site-packages/torch/multiprocessing/spawn.py][59] eta: 1:10:08  iter: 800 progress: 8 head/CE: 0.2102  head/Dice: 0.3858 head/acc: 86.6265 time: 0.457   data_time: 0.007  forward_time: 0.330  backward_time: 0.115  lr: 0.000984  max_mem: 6247M
[2022-12-03 14:11:06,072][INFO][/python/lib/python3.8/site-packages/torch/multiprocessing/spawn.py][59] eta: 1:09:42  iter: 900 progress: 9 head/CE: 0.2180  head/Dice: 0.4154 head/acc: 86.8780 time: 0.460   data_time: 0.008  forward_time: 0.332  backward_time: 0.105  lr: 0.000980  max_mem: 6247M
[2022-12-03 14:11:51,549][INFO][/python/lib/python3.8/site-packages/torch/multiprocessing/spawn.py][59] Saving checkpoint to /newdata/jiachen/project/fugui/exp2/model/model_1000.pth
[2022-12-03 14:11:51,895][INFO][/python/lib/python3.8/site-packages/torch/multiprocessing/spawn.py][59] Start inference on 1 iterations
[2022-12-03 14:11:54,873][INFO][/python/lib/python3.8/site-packages/torch/multiprocessing/spawn.py][59] Inference done 1/1.Iter Time: 2.9781. ETA=0:00:00
[2022-12-03 14:11:55,230][INFO][/python/lib/python3.8/site-packages/torch/multiprocessing/spawn.py][59] Evaluation results for val in csv format:
[2022-12-03 14:11:55,230][INFO][/python/lib/python3.8/site-packages/torch/multiprocessing/spawn.py][59] {
    "PixelBasedEvaluator/iou/bg": 61.395248208407295,
    "PixelBasedEvaluator/iou/cat": 20.356225267610565,
    "PixelBasedEvaluator/iou/mean": 40.87573673800893,
    "PixelBasedEvaluator/recall/bg": 66.96507377696096,
    "PixelBasedEvaluator/recall/cat": 54.26053177557717,
    "PixelBasedEvaluator/recall/mean": 60.61280277626906,
    "PixelBasedEvaluator/precision/bg": 88.0688862191921,
    "PixelBasedEvaluator/precision/cat": 24.572790127170556,
    "PixelBasedEvaluator/precision/mean": 56.32083817318133
}
[2022-12-03 14:11:55,231][INFO][/python/lib/python3.8/site-packages/torch/multiprocessing/spawn.py][59] eta: 1:09:28  iter: 1000 progress: 10 head/CE: 0.1978  head/Dice: 0.4136 head/acc: 85.3981 time: 0.463   data_time: 0.006  forward_time: 0.341  backward_time: 0.104  lr: 0.000976  max_mem: 6247M
[2022-12-03 14:12:40,668][INFO][/python/lib/python3.8/site-packages/torch/multiprocessing/spawn.py][59] eta: 1:07:34  iter: 1100 progress: 11 head/CE: 0.2923  head/Dice: 0.4466 head/acc: 84.7164 time: 0.456   data_time: 0.007  forward_time: 0.337  backward_time: 0.101  lr: 0.000970  max_mem: 6248M
[2022-12-03 14:13:26,524][INFO][/python/lib/python3.8/site-packages/torch/multiprocessing/spawn.py][59] eta: 1:06:49  iter: 1200 progress: 12 head/CE: 0.1732  head/Dice: 0.3504 head/acc: 86.8417 time: 0.456   data_time: 0.009  forward_time: 0.338  backward_time: 0.099  lr: 0.000965  max_mem: 6248M
[2022-12-03 14:14:12,239][INFO][/python/lib/python3.8/site-packages/torch/multiprocessing/spawn.py][59] eta: 1:07:06  iter: 1300 progress: 13 head/CE: 0.2899  head/Dice: 0.4277 head/acc: 86.7804 time: 0.463   data_time: 0.007  forward_time: 0.343  backward_time: 0.108  lr: 0.000959  max_mem: 6248M
[2022-12-03 14:14:58,007][INFO][/python/lib/python3.8/site-packages/torch/multiprocessing/spawn.py][59] eta: 1:07:13  iter: 1400 progress: 14 head/CE: 0.1756  head/Dice: 0.3895 head/acc: 85.8396 time: 0.469   data_time: 0.007  forward_time: 0.333  backward_time: 0.109  lr: 0.000952  max_mem: 6248M
[2022-12-03 14:15:43,907][INFO][/python/lib/python3.8/site-packages/torch/multiprocessing/spawn.py][59] eta: 1:04:00  iter: 1500 progress: 15 head/CE: 0.2378  head/Dice: 0.4828 head/acc: 83.9870 time: 0.452   data_time: 0.006  forward_time: 0.346  backward_time: 0.097  lr: 0.000946  max_mem: 6248M
[2022-12-03 14:16:29,843][INFO][/python/lib/python3.8/site-packages/torch/multiprocessing/spawn.py][59] eta: 1:03:59  iter: 1600 progress: 16 head/CE: 0.2305  head/Dice: 0.4000 head/acc: 86.7433 time: 0.457   data_time: 0.007  forward_time: 0.327  backward_time: 0.108  lr: 0.000938  max_mem: 6248M
[2022-12-03 14:17:15,717][INFO][/python/lib/python3.8/site-packages/torch/multiprocessing/spawn.py][59] eta: 1:01:56  iter: 1700 progress: 17 head/CE: 0.1641  head/Dice: 0.3383 head/acc: 87.7629 time: 0.448   data_time: 0.007  forward_time: 0.332  backward_time: 0.101  lr: 0.000930  max_mem: 6248M
[2022-12-03 14:18:01,578][INFO][/python/lib/python3.8/site-packages/torch/multiprocessing/spawn.py][59] eta: 1:01:15  iter: 1800 progress: 18 head/CE: 0.1804  head/Dice: 0.3779 head/acc: 86.7893 time: 0.448   data_time: 0.006  forward_time: 0.341  backward_time: 0.104  lr: 0.000922  max_mem: 6248M
[2022-12-03 14:18:47,481][INFO][/python/lib/python3.8/site-packages/torch/multiprocessing/spawn.py][59] eta: 1:02:04  iter: 1900 progress: 19 head/CE: 0.1774  head/Dice: 0.3605 head/acc: 88.0703 time: 0.460   data_time: 0.006  forward_time: 0.331  backward_time: 0.106  lr: 0.000914  max_mem: 6248M
[2022-12-03 14:19:33,429][INFO][/python/lib/python3.8/site-packages/torch/multiprocessing/spawn.py][59] Saving checkpoint to /newdata/jiachen/project/fugui/exp2/model/model_2000.pth
[2022-12-03 14:19:33,997][INFO][/python/lib/python3.8/site-packages/torch/multiprocessing/spawn.py][59] Start inference on 1 iterations
[2022-12-03 14:19:36,650][INFO][/python/lib/python3.8/site-packages/torch/multiprocessing/spawn.py][59] Inference done 1/1.Iter Time: 2.6524. ETA=0:00:00
[2022-12-03 14:19:37,085][INFO][/python/lib/python3.8/site-packages/torch/multiprocessing/spawn.py][59] Evaluation results for val in csv format:
[2022-12-03 14:19:37,085][INFO][/python/lib/python3.8/site-packages/torch/multiprocessing/spawn.py][59] {
    "PixelBasedEvaluator/iou/bg": 63.236302470379535,
    "PixelBasedEvaluator/iou/cat": 26.610114993736524,
    "PixelBasedEvaluator/iou/mean": 44.92320873205803,
    "PixelBasedEvaluator/recall/bg": 66.86557462894719,
    "PixelBasedEvaluator/recall/cat": 71.06407666581885,
    "PixelBasedEvaluator/recall/mean": 68.96482564738301,
    "PixelBasedEvaluator/precision/bg": 92.09525704512168,
    "PixelBasedEvaluator/precision/cat": 29.843719723924117,
    "PixelBasedEvaluator/precision/mean": 60.969488384522904
}
[2022-12-03 14:19:37,087][INFO][/python/lib/python3.8/site-packages/torch/multiprocessing/spawn.py][59] eta: 1:00:31  iter: 2000 progress: 20 head/CE: 0.1722  head/Dice: 0.3369 head/acc: 87.6510 time: 0.454   data_time: 0.005  forward_time: 0.330  backward_time: 0.106  lr: 0.000905  max_mem: 6248M
[2022-12-03 14:20:23,315][INFO][/python/lib/python3.8/site-packages/torch/multiprocessing/spawn.py][59] eta: 1:02:00  iter: 2100 progress: 21 head/CE: 0.1963  head/Dice: 0.4142 head/acc: 84.7906 time: 0.471   data_time: 0.008  forward_time: 0.342  backward_time: 0.108  lr: 0.000895  max_mem: 6250M
[2022-12-03 14:21:09,272][INFO][/python/lib/python3.8/site-packages/torch/multiprocessing/spawn.py][59] eta: 0:59:35  iter: 2200 progress: 22 head/CE: 0.1931  head/Dice: 0.4760 head/acc: 84.2719 time: 0.458   data_time: 0.008  forward_time: 0.335  backward_time: 0.111  lr: 0.000885  max_mem: 6250M
[2022-12-03 14:21:54,765][INFO][/python/lib/python3.8/site-packages/torch/multiprocessing/spawn.py][59] eta: 0:57:58  iter: 2300 progress: 23 head/CE: 0.1505  head/Dice: 0.3306 head/acc: 88.1106 time: 0.452   data_time: 0.009  forward_time: 0.329  backward_time: 0.105  lr: 0.000875  max_mem: 6250M
[2022-12-03 14:22:40,427][INFO][/python/lib/python3.8/site-packages/torch/multiprocessing/spawn.py][59] eta: 0:56:45  iter: 2400 progress: 24 head/CE: 0.1684  head/Dice: 0.3768 head/acc: 86.9781 time: 0.448   data_time: 0.007  forward_time: 0.329  backward_time: 0.105  lr: 0.000865  max_mem: 6250M
[2022-12-03 14:23:26,459][INFO][/python/lib/python3.8/site-packages/torch/multiprocessing/spawn.py][59] eta: 0:57:28  iter: 2500 progress: 25 head/CE: 0.1748  head/Dice: 0.3568 head/acc: 87.1621 time: 0.460   data_time: 0.007  forward_time: 0.336  backward_time: 0.103  lr: 0.000854  max_mem: 6250M
[2022-12-03 14:24:12,160][INFO][/python/lib/python3.8/site-packages/torch/multiprocessing/spawn.py][59] eta: 0:56:34  iter: 2600 progress: 26 head/CE: 0.2126  head/Dice: 0.3533 head/acc: 86.7215 time: 0.459   data_time: 0.007  forward_time: 0.338  backward_time: 0.100  lr: 0.000842  max_mem: 6250M
[2022-12-03 14:24:58,678][INFO][/python/lib/python3.8/site-packages/torch/multiprocessing/spawn.py][59] eta: 0:57:44  iter: 2700 progress: 27 head/CE: 0.1618  head/Dice: 0.3906 head/acc: 87.0912 time: 0.475   data_time: 0.006  forward_time: 0.338  backward_time: 0.117  lr: 0.000831  max_mem: 6250M
[2022-12-03 14:25:44,064][INFO][/python/lib/python3.8/site-packages/torch/multiprocessing/spawn.py][59] eta: 0:56:54  iter: 2800 progress: 28 head/CE: 0.1879  head/Dice: 0.3355 head/acc: 87.5040 time: 0.474   data_time: 0.008  forward_time: 0.348  backward_time: 0.109  lr: 0.000819  max_mem: 6250M
[2022-12-03 14:26:29,989][INFO][/python/lib/python3.8/site-packages/torch/multiprocessing/spawn.py][59] eta: 0:54:26  iter: 2900 progress: 29 head/CE: 0.1471  head/Dice: 0.3307 head/acc: 88.9870 time: 0.460   data_time: 0.006  forward_time: 0.338  backward_time: 0.104  lr: 0.000807  max_mem: 6250M
[2022-12-03 14:27:16,031][INFO][/python/lib/python3.8/site-packages/torch/multiprocessing/spawn.py][59] Saving checkpoint to /newdata/jiachen/project/fugui/exp2/model/model_3000.pth
[2022-12-03 14:27:16,396][INFO][/python/lib/python3.8/site-packages/torch/multiprocessing/spawn.py][59] Start inference on 1 iterations
[2022-12-03 14:27:19,180][INFO][/python/lib/python3.8/site-packages/torch/multiprocessing/spawn.py][59] Inference done 1/1.Iter Time: 2.7828. ETA=0:00:00
[2022-12-03 14:27:19,521][INFO][/python/lib/python3.8/site-packages/torch/multiprocessing/spawn.py][59] Evaluation results for val in csv format:
[2022-12-03 14:27:19,521][INFO][/python/lib/python3.8/site-packages/torch/multiprocessing/spawn.py][59] {
    "PixelBasedEvaluator/iou/bg": 75.39095960284891,
    "PixelBasedEvaluator/iou/cat": 26.90865384886291,
    "PixelBasedEvaluator/iou/mean": 51.14980672585591,
    "PixelBasedEvaluator/recall/bg": 82.83909655690839,
    "PixelBasedEvaluator/recall/cat": 50.19044536046935,
    "PixelBasedEvaluator/recall/mean": 66.51477095868887,
    "PixelBasedEvaluator/precision/bg": 89.34478457315736,
    "PixelBasedEvaluator/precision/cat": 36.71253244277157,
    "PixelBasedEvaluator/precision/mean": 63.028658507964465
}
[2022-12-03 14:27:19,523][INFO][/python/lib/python3.8/site-packages/torch/multiprocessing/spawn.py][59] eta: 0:54:32  iter: 3000 progress: 30 head/CE: 0.1629  head/Dice: 0.3121 head/acc: 89.6919 time: 0.468   data_time: 0.006  forward_time: 0.341  backward_time: 0.105  lr: 0.000794  max_mem: 6250M
[2022-12-03 14:28:05,288][INFO][/python/lib/python3.8/site-packages/torch/multiprocessing/spawn.py][59] eta: 0:53:03  iter: 3100 progress: 31 head/CE: 0.1820  head/Dice: 0.3339 head/acc: 89.0543 time: 0.461   data_time: 0.007  forward_time: 0.333  backward_time: 0.108  lr: 0.000781  max_mem: 6250M
[2022-12-03 14:28:51,338][INFO][/python/lib/python3.8/site-packages/torch/multiprocessing/spawn.py][59] eta: 0:51:48  iter: 3200 progress: 32 head/CE: 0.1663  head/Dice: 0.3453 head/acc: 87.9857 time: 0.457   data_time: 0.006  forward_time: 0.338  backward_time: 0.104  lr: 0.000768  max_mem: 6250M
[2022-12-03 14:29:37,407][INFO][/python/lib/python3.8/site-packages/torch/multiprocessing/spawn.py][59] eta: 0:53:13  iter: 3300 progress: 33 head/CE: 0.1518  head/Dice: 0.3235 head/acc: 88.5668 time: 0.477   data_time: 0.008  forward_time: 0.339  backward_time: 0.103  lr: 0.000755  max_mem: 6250M
[2022-12-03 14:30:23,437][INFO][/python/lib/python3.8/site-packages/torch/multiprocessing/spawn.py][59] eta: 0:50:14  iter: 3400 progress: 34 head/CE: 0.1272  head/Dice: 0.2815 head/acc: 89.6236 time: 0.457   data_time: 0.007  forward_time: 0.342  backward_time: 0.100  lr: 0.000741  max_mem: 6250M
[2022-12-03 14:31:09,617][INFO][/python/lib/python3.8/site-packages/torch/multiprocessing/spawn.py][59] eta: 0:50:26  iter: 3500 progress: 35 head/CE: 0.1804  head/Dice: 0.3817 head/acc: 87.1331 time: 0.466   data_time: 0.008  forward_time: 0.341  backward_time: 0.102  lr: 0.000727  max_mem: 6250M
[2022-12-03 14:31:55,742][INFO][/python/lib/python3.8/site-packages/torch/multiprocessing/spawn.py][59] eta: 0:49:39  iter: 3600 progress: 36 head/CE: 0.2024  head/Dice: 0.2966 head/acc: 89.1524 time: 0.466   data_time: 0.007  forward_time: 0.335  backward_time: 0.107  lr: 0.000713  max_mem: 6250M
[2022-12-03 14:32:41,597][INFO][/python/lib/python3.8/site-packages/torch/multiprocessing/spawn.py][59] eta: 0:46:40  iter: 3700 progress: 37 head/CE: 0.1709  head/Dice: 0.3930 head/acc: 85.1776 time: 0.445   data_time: 0.009  forward_time: 0.331  backward_time: 0.098  lr: 0.000699  max_mem: 6250M
[2022-12-03 14:33:27,730][INFO][/python/lib/python3.8/site-packages/torch/multiprocessing/spawn.py][59] eta: 0:47:03  iter: 3800 progress: 38 head/CE: 0.1310  head/Dice: 0.3063 head/acc: 90.1818 time: 0.455   data_time: 0.007  forward_time: 0.335  backward_time: 0.106  lr: 0.000684  max_mem: 6250M
[2022-12-03 14:34:13,460][INFO][/python/lib/python3.8/site-packages/torch/multiprocessing/spawn.py][59] eta: 0:46:19  iter: 3900 progress: 39 head/CE: 0.1468  head/Dice: 0.3064 head/acc: 88.9782 time: 0.456   data_time: 0.008  forward_time: 0.327  backward_time: 0.104  lr: 0.000670  max_mem: 6250M
[2022-12-03 14:34:59,555][INFO][/python/lib/python3.8/site-packages/torch/multiprocessing/spawn.py][59] Saving checkpoint to /newdata/jiachen/project/fugui/exp2/model/model_4000.pth
[2022-12-03 14:34:59,918][INFO][/python/lib/python3.8/site-packages/torch/multiprocessing/spawn.py][59] Start inference on 1 iterations
[2022-12-03 14:35:02,564][INFO][/python/lib/python3.8/site-packages/torch/multiprocessing/spawn.py][59] Inference done 1/1.Iter Time: 2.6451. ETA=0:00:00
[2022-12-03 14:35:02,972][INFO][/python/lib/python3.8/site-packages/torch/multiprocessing/spawn.py][59] Evaluation results for val in csv format:
[2022-12-03 14:35:02,972][INFO][/python/lib/python3.8/site-packages/torch/multiprocessing/spawn.py][59] {
    "PixelBasedEvaluator/iou/bg": 87.28941443306566,
    "PixelBasedEvaluator/iou/cat": 35.433306076919806,
    "PixelBasedEvaluator/iou/mean": 61.36136025499273,
    "PixelBasedEvaluator/recall/bg": 97.78193822589246,
    "PixelBasedEvaluator/recall/cat": 39.39580894084212,
    "PixelBasedEvaluator/recall/mean": 68.58887358336729,
    "PixelBasedEvaluator/precision/bg": 89.05270420253773,
    "PixelBasedEvaluator/precision/cat": 77.88996621186367,
    "PixelBasedEvaluator/precision/mean": 83.4713352072007
}
[2022-12-03 14:35:02,975][INFO][/python/lib/python3.8/site-packages/torch/multiprocessing/spawn.py][59] eta: 0:43:57  iter: 4000 progress: 40 head/CE: 0.1472  head/Dice: 0.3392 head/acc: 88.9227 time: 0.440   data_time: 0.009  forward_time: 0.319  backward_time: 0.102  lr: 0.000655  max_mem: 6250M
[2022-12-03 14:35:48,631][INFO][/python/lib/python3.8/site-packages/torch/multiprocessing/spawn.py][59] eta: 0:44:27  iter: 4100 progress: 41 head/CE: 0.1599  head/Dice: 0.3453 head/acc: 86.7196 time: 0.452   data_time: 0.011  forward_time: 0.326  backward_time: 0.100  lr: 0.000640  max_mem: 6250M
[2022-12-03 14:36:34,504][INFO][/python/lib/python3.8/site-packages/torch/multiprocessing/spawn.py][59] eta: 0:43:55  iter: 4200 progress: 42 head/CE: 0.1283  head/Dice: 0.3164 head/acc: 88.0583 time: 0.454   data_time: 0.007  forward_time: 0.332  backward_time: 0.108  lr: 0.000624  max_mem: 6250M
[2022-12-03 14:37:20,876][INFO][/python/lib/python3.8/site-packages/torch/multiprocessing/spawn.py][59] eta: 0:43:29  iter: 4300 progress: 43 head/CE: 0.1873  head/Dice: 0.3280 head/acc: 88.3601 time: 0.458   data_time: 0.007  forward_time: 0.341  backward_time: 0.108  lr: 0.000609  max_mem: 6250M
[2022-12-03 14:38:06,752][INFO][/python/lib/python3.8/site-packages/torch/multiprocessing/spawn.py][59] eta: 0:42:43  iter: 4400 progress: 44 head/CE: 0.1299  head/Dice: 0.3496 head/acc: 87.7767 time: 0.458   data_time: 0.009  forward_time: 0.337  backward_time: 0.102  lr: 0.000594  max_mem: 6250M
[2022-12-03 14:38:53,066][INFO][/python/lib/python3.8/site-packages/torch/multiprocessing/spawn.py][59] eta: 0:42:35  iter: 4500 progress: 45 head/CE: 0.1545  head/Dice: 0.2834 head/acc: 89.9947 time: 0.465   data_time: 0.010  forward_time: 0.331  backward_time: 0.107  lr: 0.000578  max_mem: 6250M
[2022-12-03 14:39:38,807][INFO][/python/lib/python3.8/site-packages/torch/multiprocessing/spawn.py][59] eta: 0:40:53  iter: 4600 progress: 46 head/CE: 0.1206  head/Dice: 0.3331 head/acc: 87.9250 time: 0.454   data_time: 0.007  forward_time: 0.336  backward_time: 0.104  lr: 0.000563  max_mem: 6250M
[2022-12-03 14:40:25,363][INFO][/python/lib/python3.8/site-packages/torch/multiprocessing/spawn.py][59] eta: 0:41:24  iter: 4700 progress: 47 head/CE: 0.1462  head/Dice: 0.2855 head/acc: 90.1097 time: 0.469   data_time: 0.007  forward_time: 0.351  backward_time: 0.105  lr: 0.000547  max_mem: 6250M
[2022-12-03 14:41:12,002][INFO][/python/lib/python3.8/site-packages/torch/multiprocessing/spawn.py][59] eta: 0:41:05  iter: 4800 progress: 48 head/CE: 0.1299  head/Dice: 0.3024 head/acc: 89.0998 time: 0.474   data_time: 0.007  forward_time: 0.345  backward_time: 0.109  lr: 0.000532  max_mem: 6250M
[2022-12-03 14:41:57,992][INFO][/python/lib/python3.8/site-packages/torch/multiprocessing/spawn.py][59] eta: 0:39:54  iter: 4900 progress: 49 head/CE: 0.1304  head/Dice: 0.2738 head/acc: 90.6585 time: 0.470   data_time: 0.005  forward_time: 0.349  backward_time: 0.110  lr: 0.000516  max_mem: 6250M
[2022-12-03 14:42:44,136][INFO][/python/lib/python3.8/site-packages/torch/multiprocessing/spawn.py][59] Saving checkpoint to /newdata/jiachen/project/fugui/exp2/model/model_5000.pth
[2022-12-03 14:42:44,502][INFO][/python/lib/python3.8/site-packages/torch/multiprocessing/spawn.py][59] Start inference on 1 iterations
[2022-12-03 14:42:47,222][INFO][/python/lib/python3.8/site-packages/torch/multiprocessing/spawn.py][59] Inference done 1/1.Iter Time: 2.7195. ETA=0:00:00
[2022-12-03 14:42:47,644][INFO][/python/lib/python3.8/site-packages/torch/multiprocessing/spawn.py][59] Evaluation results for val in csv format:
[2022-12-03 14:42:47,645][INFO][/python/lib/python3.8/site-packages/torch/multiprocessing/spawn.py][59] {
    "PixelBasedEvaluator/iou/bg": 90.41893796593476,
    "PixelBasedEvaluator/iou/cat": 46.90881716382799,
    "PixelBasedEvaluator/iou/mean": 68.66387756488137,
    "PixelBasedEvaluator/recall/bg": 99.89626906337385,
    "PixelBasedEvaluator/recall/cat": 47.1541451294545,
    "PixelBasedEvaluator/recall/mean": 73.52520709641418,
    "PixelBasedEvaluator/precision/bg": 90.50391191145214,
    "PixelBasedEvaluator/precision/cat": 98.90306111201738,
    "PixelBasedEvaluator/precision/mean": 94.70348651173475
}
[2022-12-03 14:42:47,647][INFO][/python/lib/python3.8/site-packages/torch/multiprocessing/spawn.py][59] eta: 0:37:46  iter: 5000 progress: 50 head/CE: 0.1487  head/Dice: 0.2943 head/acc: 90.1140 time: 0.453   data_time: 0.005  forward_time: 0.332  backward_time: 0.109  lr: 0.000500  max_mem: 6250M
[2022-12-03 14:43:33,593][INFO][/python/lib/python3.8/site-packages/torch/multiprocessing/spawn.py][59] eta: 0:38:33  iter: 5100 progress: 51 head/CE: 0.1305  head/Dice: 0.2814 head/acc: 89.8718 time: 0.472   data_time: 0.008  forward_time: 0.351  backward_time: 0.106  lr: 0.000484  max_mem: 6250M
[2022-12-03 14:44:19,719][INFO][/python/lib/python3.8/site-packages/torch/multiprocessing/spawn.py][59] eta: 0:37:07  iter: 5200 progress: 52 head/CE: 0.1174  head/Dice: 0.3200 head/acc: 87.5619 time: 0.464   data_time: 0.006  forward_time: 0.336  backward_time: 0.112  lr: 0.000469  max_mem: 6250M
[2022-12-03 14:45:05,848][INFO][/python/lib/python3.8/site-packages/torch/multiprocessing/spawn.py][59] eta: 0:36:32  iter: 5300 progress: 53 head/CE: 0.1322  head/Dice: 0.2820 head/acc: 89.7933 time: 0.466   data_time: 0.007  forward_time: 0.336  backward_time: 0.108  lr: 0.000453  max_mem: 6250M
[2022-12-03 14:45:52,004][INFO][/python/lib/python3.8/site-packages/torch/multiprocessing/spawn.py][59] eta: 0:35:11  iter: 5400 progress: 54 head/CE: 0.1319  head/Dice: 0.2834 head/acc: 88.7734 time: 0.459   data_time: 0.007  forward_time: 0.334  backward_time: 0.103  lr: 0.000437  max_mem: 6250M
[2022-12-03 14:46:38,223][INFO][/python/lib/python3.8/site-packages/torch/multiprocessing/spawn.py][59] eta: 0:34:29  iter: 5500 progress: 55 head/CE: 0.0947  head/Dice: 0.2764 head/acc: 88.7539 time: 0.460   data_time: 0.007  forward_time: 0.340  backward_time: 0.107  lr: 0.000422  max_mem: 6250M
[2022-12-03 14:47:24,460][INFO][/python/lib/python3.8/site-packages/torch/multiprocessing/spawn.py][59] eta: 0:33:42  iter: 5600 progress: 56 head/CE: 0.1121  head/Dice: 0.2930 head/acc: 90.0218 time: 0.460   data_time: 0.005  forward_time: 0.336  backward_time: 0.106  lr: 0.000406  max_mem: 6250M
[2022-12-03 14:48:10,824][INFO][/python/lib/python3.8/site-packages/torch/multiprocessing/spawn.py][59] eta: 0:32:44  iter: 5700 progress: 57 head/CE: 0.1295  head/Dice: 0.3029 head/acc: 89.6021 time: 0.457   data_time: 0.006  forward_time: 0.330  backward_time: 0.105  lr: 0.000391  max_mem: 6250M
[2022-12-03 14:48:57,025][INFO][/python/lib/python3.8/site-packages/torch/multiprocessing/spawn.py][59] eta: 0:32:04  iter: 5800 progress: 58 head/CE: 0.1048  head/Dice: 0.2581 head/acc: 89.3408 time: 0.458   data_time: 0.007  forward_time: 0.334  backward_time: 0.111  lr: 0.000376  max_mem: 6250M
[2022-12-03 14:49:42,762][INFO][/python/lib/python3.8/site-packages/torch/multiprocessing/spawn.py][59] eta: 0:31:14  iter: 5900 progress: 59 head/CE: 0.1172  head/Dice: 0.2779 head/acc: 90.2680 time: 0.457   data_time: 0.007  forward_time: 0.332  backward_time: 0.107  lr: 0.000361  max_mem: 6250M
[2022-12-03 14:50:28,685][INFO][/python/lib/python3.8/site-packages/torch/multiprocessing/spawn.py][59] Saving checkpoint to /newdata/jiachen/project/fugui/exp2/model/model_6000.pth
[2022-12-03 14:50:29,000][INFO][/python/lib/python3.8/site-packages/torch/multiprocessing/spawn.py][59] Start inference on 1 iterations
[2022-12-03 14:50:31,817][INFO][/python/lib/python3.8/site-packages/torch/multiprocessing/spawn.py][59] Inference done 1/1.Iter Time: 2.8166. ETA=0:00:00
[2022-12-03 14:50:32,206][INFO][/python/lib/python3.8/site-packages/torch/multiprocessing/spawn.py][59] Evaluation results for val in csv format:
[2022-12-03 14:50:32,206][INFO][/python/lib/python3.8/site-packages/torch/multiprocessing/spawn.py][59] {
    "PixelBasedEvaluator/iou/bg": 88.4481114985062,
    "PixelBasedEvaluator/iou/cat": 36.706085272736885,
    "PixelBasedEvaluator/iou/mean": 62.57709838562154,
    "PixelBasedEvaluator/recall/bg": 99.33629711408693,
    "PixelBasedEvaluator/recall/cat": 37.934361514061635,
    "PixelBasedEvaluator/recall/mean": 68.63532931407428,
    "PixelBasedEvaluator/precision/bg": 88.97390712050718,
    "PixelBasedEvaluator/precision/cat": 91.89390120326098,
    "PixelBasedEvaluator/precision/mean": 90.43390416188407
}
[2022-12-03 14:50:32,211][INFO][/python/lib/python3.8/site-packages/torch/multiprocessing/spawn.py][59] eta: 0:30:39  iter: 6000 progress: 60 head/CE: 0.1179  head/Dice: 0.2798 head/acc: 90.7893 time: 0.460   data_time: 0.008  forward_time: 0.337  backward_time: 0.101  lr: 0.000346  max_mem: 6250M
[2022-12-03 14:51:18,263][INFO][/python/lib/python3.8/site-packages/torch/multiprocessing/spawn.py][59] eta: 0:30:02  iter: 6100 progress: 61 head/CE: 0.1083  head/Dice: 0.2698 head/acc: 90.7570 time: 0.462   data_time: 0.007  forward_time: 0.338  backward_time: 0.102  lr: 0.000331  max_mem: 6250M
[2022-12-03 14:52:04,420][INFO][/python/lib/python3.8/site-packages/torch/multiprocessing/spawn.py][59] eta: 0:29:00  iter: 6200 progress: 62 head/CE: 0.0880  head/Dice: 0.2426 head/acc: 90.1898 time: 0.458   data_time: 0.009  forward_time: 0.343  backward_time: 0.103  lr: 0.000316  max_mem: 6250M
[2022-12-03 14:52:50,317][INFO][/python/lib/python3.8/site-packages/torch/multiprocessing/spawn.py][59] eta: 0:28:08  iter: 6300 progress: 63 head/CE: 0.1219  head/Dice: 0.2936 head/acc: 88.7502 time: 0.456   data_time: 0.008  forward_time: 0.336  backward_time: 0.100  lr: 0.000302  max_mem: 6250M
[2022-12-03 14:53:36,854][INFO][/python/lib/python3.8/site-packages/torch/multiprocessing/spawn.py][59] eta: 0:27:30  iter: 6400 progress: 64 head/CE: 0.1092  head/Dice: 0.2330 head/acc: 91.0543 time: 0.458   data_time: 0.007  forward_time: 0.338  backward_time: 0.107  lr: 0.000287  max_mem: 6250M
[2022-12-03 14:54:22,879][INFO][/python/lib/python3.8/site-packages/torch/multiprocessing/spawn.py][59] eta: 0:27:16  iter: 6500 progress: 65 head/CE: 0.0877  head/Dice: 0.2477 head/acc: 90.2492 time: 0.468   data_time: 0.007  forward_time: 0.337  backward_time: 0.107  lr: 0.000273  max_mem: 6250M
[2022-12-03 14:55:08,734][INFO][/python/lib/python3.8/site-packages/torch/multiprocessing/spawn.py][59] eta: 0:25:27  iter: 6600 progress: 66 head/CE: 0.1342  head/Dice: 0.2555 head/acc: 90.1125 time: 0.449   data_time: 0.006  forward_time: 0.334  backward_time: 0.112  lr: 0.000259  max_mem: 6250M
[2022-12-03 14:55:54,940][INFO][/python/lib/python3.8/site-packages/torch/multiprocessing/spawn.py][59] eta: 0:25:48  iter: 6700 progress: 67 head/CE: 0.0698  head/Dice: 0.2186 head/acc: 91.6434 time: 0.469   data_time: 0.006  forward_time: 0.330  backward_time: 0.109  lr: 0.000246  max_mem: 6250M
[2022-12-03 14:56:41,065][INFO][/python/lib/python3.8/site-packages/torch/multiprocessing/spawn.py][59] eta: 0:24:30  iter: 6800 progress: 68 head/CE: 0.0961  head/Dice: 0.2256 head/acc: 91.1812 time: 0.460   data_time: 0.006  forward_time: 0.337  backward_time: 0.111  lr: 0.000232  max_mem: 6250M
[2022-12-03 14:57:26,130][INFO][/python/lib/python3.8/site-packages/torch/multiprocessing/spawn.py][59] eta: 0:23:16  iter: 6900 progress: 69 head/CE: 0.1053  head/Dice: 0.2330 head/acc: 90.6557 time: 0.450   data_time: 0.007  forward_time: 0.333  backward_time: 0.103  lr: 0.000219  max_mem: 6250M
[2022-12-03 14:58:12,394][INFO][/python/lib/python3.8/site-packages/torch/multiprocessing/spawn.py][59] Saving checkpoint to /newdata/jiachen/project/fugui/exp2/model/model_7000.pth
[2022-12-03 14:58:12,713][INFO][/python/lib/python3.8/site-packages/torch/multiprocessing/spawn.py][59] Start inference on 1 iterations
[2022-12-03 14:58:15,393][INFO][/python/lib/python3.8/site-packages/torch/multiprocessing/spawn.py][59] Inference done 1/1.Iter Time: 2.6796. ETA=0:00:00
[2022-12-03 14:58:15,768][INFO][/python/lib/python3.8/site-packages/torch/multiprocessing/spawn.py][59] Evaluation results for val in csv format:
[2022-12-03 14:58:15,769][INFO][/python/lib/python3.8/site-packages/torch/multiprocessing/spawn.py][59] {
    "PixelBasedEvaluator/iou/bg": 89.42662312661744,
    "PixelBasedEvaluator/iou/cat": 44.383620090889245,
    "PixelBasedEvaluator/iou/mean": 66.90512160875335,
    "PixelBasedEvaluator/recall/bg": 98.8249803107175,
    "PixelBasedEvaluator/recall/cat": 47.012992745839526,
    "PixelBasedEvaluator/recall/mean": 72.91898652827851,
    "PixelBasedEvaluator/precision/bg": 90.38769205425481,
    "PixelBasedEvaluator/precision/cat": 88.80900901974098,
    "PixelBasedEvaluator/precision/mean": 89.5983505369979
}
[2022-12-03 14:58:15,776][INFO][/python/lib/python3.8/site-packages/torch/multiprocessing/spawn.py][59] eta: 0:23:05  iter: 7000 progress: 70 head/CE: 0.0916  head/Dice: 0.2191 head/acc: 90.1810 time: 0.462   data_time: 0.007  forward_time: 0.323  backward_time: 0.122  lr: 0.000206  max_mem: 6250M
[2022-12-03 14:59:01,610][INFO][/python/lib/python3.8/site-packages/torch/multiprocessing/spawn.py][59] eta: 0:22:38  iter: 7100 progress: 71 head/CE: 0.0838  head/Dice: 0.2360 head/acc: 90.3235 time: 0.468   data_time: 0.006  forward_time: 0.345  backward_time: 0.105  lr: 0.000194  max_mem: 6250M
[2022-12-03 14:59:47,647][INFO][/python/lib/python3.8/site-packages/torch/multiprocessing/spawn.py][59] eta: 0:21:48  iter: 7200 progress: 72 head/CE: 0.0975  head/Dice: 0.2239 head/acc: 90.3366 time: 0.467   data_time: 0.009  forward_time: 0.351  backward_time: 0.105  lr: 0.000181  max_mem: 6250M
[2022-12-03 15:00:33,308][INFO][/python/lib/python3.8/site-packages/torch/multiprocessing/spawn.py][59] eta: 0:20:06  iter: 7300 progress: 73 head/CE: 0.1007  head/Dice: 0.2066 head/acc: 91.8402 time: 0.447   data_time: 0.005  forward_time: 0.331  backward_time: 0.104  lr: 0.000169  max_mem: 6250M
[2022-12-03 15:01:19,060][INFO][/python/lib/python3.8/site-packages/torch/multiprocessing/spawn.py][59] eta: 0:20:10  iter: 7400 progress: 74 head/CE: 0.0823  head/Dice: 0.2090 head/acc: 92.3478 time: 0.466   data_time: 0.007  forward_time: 0.337  backward_time: 0.103  lr: 0.000158  max_mem: 6250M
[2022-12-03 15:02:05,086][INFO][/python/lib/python3.8/site-packages/torch/multiprocessing/spawn.py][59] eta: 0:19:13  iter: 7500 progress: 75 head/CE: 0.0903  head/Dice: 0.2232 head/acc: 91.1595 time: 0.461   data_time: 0.005  forward_time: 0.346  backward_time: 0.105  lr: 0.000147  max_mem: 6250M
[2022-12-03 15:02:51,123][INFO][/python/lib/python3.8/site-packages/torch/multiprocessing/spawn.py][59] eta: 0:18:37  iter: 7600 progress: 76 head/CE: 0.0878  head/Dice: 0.2133 head/acc: 92.1442 time: 0.466   data_time: 0.008  forward_time: 0.332  backward_time: 0.113  lr: 0.000136  max_mem: 6250M
[2022-12-03 15:03:37,234][INFO][/python/lib/python3.8/site-packages/torch/multiprocessing/spawn.py][59] eta: 0:17:46  iter: 7700 progress: 77 head/CE: 0.0808  head/Dice: 0.1792 head/acc: 93.0275 time: 0.464   data_time: 0.006  forward_time: 0.339  backward_time: 0.109  lr: 0.000125  max_mem: 6250M
[2022-12-03 15:04:22,738][INFO][/python/lib/python3.8/site-packages/torch/multiprocessing/spawn.py][59] eta: 0:16:37  iter: 7800 progress: 78 head/CE: 0.1038  head/Dice: 0.2090 head/acc: 91.0660 time: 0.453   data_time: 0.006  forward_time: 0.331  backward_time: 0.109  lr: 0.000115  max_mem: 6250M
[2022-12-03 15:05:08,770][INFO][/python/lib/python3.8/site-packages/torch/multiprocessing/spawn.py][59] eta: 0:15:49  iter: 7900 progress: 79 head/CE: 0.1094  head/Dice: 0.2261 head/acc: 91.0941 time: 0.452   data_time: 0.008  forward_time: 0.333  backward_time: 0.104  lr: 0.000105  max_mem: 6250M
[2022-12-03 15:05:55,642][INFO][/python/lib/python3.8/site-packages/torch/multiprocessing/spawn.py][59] Saving checkpoint to /newdata/jiachen/project/fugui/exp2/model/model_8000.pth
[2022-12-03 15:05:55,977][INFO][/python/lib/python3.8/site-packages/torch/multiprocessing/spawn.py][59] Start inference on 1 iterations
[2022-12-03 15:05:58,774][INFO][/python/lib/python3.8/site-packages/torch/multiprocessing/spawn.py][59] Inference done 1/1.Iter Time: 2.7962. ETA=0:00:00
[2022-12-03 15:05:59,078][INFO][/python/lib/python3.8/site-packages/torch/multiprocessing/spawn.py][59] Evaluation results for val in csv format:
[2022-12-03 15:05:59,078][INFO][/python/lib/python3.8/site-packages/torch/multiprocessing/spawn.py][59] {
    "PixelBasedEvaluator/iou/bg": 89.35903286372374,
    "PixelBasedEvaluator/iou/cat": 40.218085696870936,
    "PixelBasedEvaluator/iou/mean": 64.78855928029733,
    "PixelBasedEvaluator/recall/bg": 99.92912275230528,
    "PixelBasedEvaluator/recall/cat": 40.36180414397333,
    "PixelBasedEvaluator/recall/mean": 70.14546344813931,
    "PixelBasedEvaluator/precision/bg": 89.4157046671402,
    "PixelBasedEvaluator/precision/cat": 99.12240852399438,
    "PixelBasedEvaluator/precision/mean": 94.26905659556729
}
[2022-12-03 15:05:59,081][INFO][/python/lib/python3.8/site-packages/torch/multiprocessing/spawn.py][59] eta: 0:15:24  iter: 8000 progress: 80 head/CE: 0.0756  head/Dice: 0.2219 head/acc: 90.9581 time: 0.462   data_time: 0.006  forward_time: 0.334  backward_time: 0.105  lr: 0.000096  max_mem: 6250M
[2022-12-03 15:06:45,299][INFO][/python/lib/python3.8/site-packages/torch/multiprocessing/spawn.py][59] eta: 0:14:37  iter: 8100 progress: 81 head/CE: 0.0772  head/Dice: 0.2176 head/acc: 90.7869 time: 0.462   data_time: 0.009  forward_time: 0.347  backward_time: 0.103  lr: 0.000087  max_mem: 6250M
[2022-12-03 15:07:31,970][INFO][/python/lib/python3.8/site-packages/torch/multiprocessing/spawn.py][59] eta: 0:14:04  iter: 8200 progress: 82 head/CE: 0.0777  head/Dice: 0.2085 head/acc: 91.2814 time: 0.469   data_time: 0.008  forward_time: 0.342  backward_time: 0.109  lr: 0.000078  max_mem: 6250M
[2022-12-03 15:08:18,039][INFO][/python/lib/python3.8/site-packages/torch/multiprocessing/spawn.py][59] eta: 0:13:09  iter: 8300 progress: 83 head/CE: 0.0790  head/Dice: 0.1994 head/acc: 92.1112 time: 0.465   data_time: 0.007  forward_time: 0.341  backward_time: 0.108  lr: 0.000070  max_mem: 6250M
[2022-12-03 15:09:03,907][INFO][/python/lib/python3.8/site-packages/torch/multiprocessing/spawn.py][59] eta: 0:12:01  iter: 8400 progress: 84 head/CE: 0.0761  head/Dice: 0.2258 head/acc: 90.4796 time: 0.451   data_time: 0.007  forward_time: 0.327  backward_time: 0.111  lr: 0.000062  max_mem: 6250M
[2022-12-03 15:09:49,339][INFO][/python/lib/python3.8/site-packages/torch/multiprocessing/spawn.py][59] eta: 0:11:15  iter: 8500 progress: 85 head/CE: 0.1045  head/Dice: 0.2163 head/acc: 91.2540 time: 0.450   data_time: 0.006  forward_time: 0.331  backward_time: 0.107  lr: 0.000055  max_mem: 6250M
[2022-12-03 15:10:35,379][INFO][/python/lib/python3.8/site-packages/torch/multiprocessing/spawn.py][59] eta: 0:10:57  iter: 8600 progress: 86 head/CE: 0.0734  head/Dice: 0.2187 head/acc: 90.5702 time: 0.470   data_time: 0.008  forward_time: 0.340  backward_time: 0.106  lr: 0.000048  max_mem: 6250M
[2022-12-03 15:11:21,473][INFO][/python/lib/python3.8/site-packages/torch/multiprocessing/spawn.py][59] eta: 0:09:54  iter: 8700 progress: 87 head/CE: 0.0750  head/Dice: 0.2047 head/acc: 91.4944 time: 0.457   data_time: 0.009  forward_time: 0.329  backward_time: 0.109  lr: 0.000041  max_mem: 6250M
[2022-12-03 15:12:07,350][INFO][/python/lib/python3.8/site-packages/torch/multiprocessing/spawn.py][59] eta: 0:08:57  iter: 8800 progress: 88 head/CE: 0.0785  head/Dice: 0.1758 head/acc: 93.2351 time: 0.448   data_time: 0.006  forward_time: 0.330  backward_time: 0.112  lr: 0.000035  max_mem: 6250M
[2022-12-03 15:12:53,059][INFO][/python/lib/python3.8/site-packages/torch/multiprocessing/spawn.py][59] eta: 0:08:26  iter: 8900 progress: 89 head/CE: 0.0759  head/Dice: 0.2175 head/acc: 90.1116 time: 0.460   data_time: 0.007  forward_time: 0.343  backward_time: 0.109  lr: 0.000030  max_mem: 6250M
[2022-12-03 15:13:39,077][INFO][/python/lib/python3.8/site-packages/torch/multiprocessing/spawn.py][59] Saving checkpoint to /newdata/jiachen/project/fugui/exp2/model/model_9000.pth
[2022-12-03 15:13:39,406][INFO][/python/lib/python3.8/site-packages/torch/multiprocessing/spawn.py][59] Start inference on 1 iterations
[2022-12-03 15:13:42,213][INFO][/python/lib/python3.8/site-packages/torch/multiprocessing/spawn.py][59] Inference done 1/1.Iter Time: 2.806. ETA=0:00:00
[2022-12-03 15:13:42,579][INFO][/python/lib/python3.8/site-packages/torch/multiprocessing/spawn.py][59] Evaluation results for val in csv format:
[2022-12-03 15:13:42,580][INFO][/python/lib/python3.8/site-packages/torch/multiprocessing/spawn.py][59] {
    "PixelBasedEvaluator/iou/bg": 89.94263569882548,
    "PixelBasedEvaluator/iou/cat": 44.348014144650996,
    "PixelBasedEvaluator/iou/mean": 67.14532492173824,
    "PixelBasedEvaluator/recall/bg": 99.78480416824924,
    "PixelBasedEvaluator/recall/cat": 44.82917723820595,
    "PixelBasedEvaluator/recall/mean": 72.3069907032276,
    "PixelBasedEvaluator/precision/bg": 90.11743668796083,
    "PixelBasedEvaluator/precision/cat": 97.63695713880216,
    "PixelBasedEvaluator/precision/mean": 93.8771969133815
}
[2022-12-03 15:13:42,581][INFO][/python/lib/python3.8/site-packages/torch/multiprocessing/spawn.py][59] eta: 0:07:34  iter: 9000 progress: 90 head/CE: 0.0913  head/Dice: 0.1999 head/acc: 92.2344 time: 0.454   data_time: 0.009  forward_time: 0.330  backward_time: 0.106  lr: 0.000025  max_mem: 6250M
[2022-12-03 15:14:28,211][INFO][/python/lib/python3.8/site-packages/torch/multiprocessing/spawn.py][59] eta: 0:07:00  iter: 9100 progress: 91 head/CE: 0.0691  head/Dice: 0.2155 head/acc: 90.5174 time: 0.468   data_time: 0.007  forward_time: 0.344  backward_time: 0.106  lr: 0.000020  max_mem: 6250M
[2022-12-03 15:15:13,997][INFO][/python/lib/python3.8/site-packages/torch/multiprocessing/spawn.py][59] eta: 0:06:09  iter: 9200 progress: 92 head/CE: 0.0837  head/Dice: 0.2123 head/acc: 91.3180 time: 0.462   data_time: 0.007  forward_time: 0.332  backward_time: 0.101  lr: 0.000016  max_mem: 6250M
[2022-12-03 15:16:00,077][INFO][/python/lib/python3.8/site-packages/torch/multiprocessing/spawn.py][59] eta: 0:05:22  iter: 9300 progress: 93 head/CE: 0.0680  head/Dice: 0.2205 head/acc: 90.2564 time: 0.461   data_time: 0.007  forward_time: 0.332  backward_time: 0.104  lr: 0.000012  max_mem: 6250M
[2022-12-03 15:16:45,923][INFO][/python/lib/python3.8/site-packages/torch/multiprocessing/spawn.py][59] eta: 0:04:38  iter: 9400 progress: 94 head/CE: 0.0944  head/Dice: 0.2060 head/acc: 91.9083 time: 0.464   data_time: 0.007  forward_time: 0.346  backward_time: 0.105  lr: 0.000009  max_mem: 6250M
[2022-12-03 15:17:32,066][INFO][/python/lib/python3.8/site-packages/torch/multiprocessing/spawn.py][59] eta: 0:03:51  iter: 9500 progress: 95 head/CE: 0.0820  head/Dice: 0.1868 head/acc: 91.9927 time: 0.462   data_time: 0.006  forward_time: 0.338  backward_time: 0.110  lr: 0.000006  max_mem: 6250M
[2022-12-03 15:18:17,592][INFO][/python/lib/python3.8/site-packages/torch/multiprocessing/spawn.py][59] eta: 0:03:01  iter: 9600 progress: 96 head/CE: 0.0849  head/Dice: 0.1983 head/acc: 91.7570 time: 0.455   data_time: 0.006  forward_time: 0.329  backward_time: 0.107  lr: 0.000004  max_mem: 6250M
[2022-12-03 15:19:03,064][INFO][/python/lib/python3.8/site-packages/torch/multiprocessing/spawn.py][59] eta: 0:02:14  iter: 9700 progress: 97 head/CE: 0.0760  head/Dice: 0.1821 head/acc: 91.5782 time: 0.449   data_time: 0.006  forward_time: 0.328  backward_time: 0.107  lr: 0.000002  max_mem: 6250M
[2022-12-03 15:19:48,654][INFO][/python/lib/python3.8/site-packages/torch/multiprocessing/spawn.py][59] eta: 0:01:31  iter: 9800 progress: 98 head/CE: 0.0892  head/Dice: 0.1907 head/acc: 91.7641 time: 0.459   data_time: 0.006  forward_time: 0.325  backward_time: 0.111  lr: 0.000001  max_mem: 6250M
[2022-12-03 15:20:34,592][INFO][/python/lib/python3.8/site-packages/torch/multiprocessing/spawn.py][59] eta: 0:00:45  iter: 9900 progress: 99 head/CE: 0.0765  head/Dice: 0.2008 head/acc: 91.7383 time: 0.458   data_time: 0.006  forward_time: 0.338  backward_time: 0.108  lr: 0.000000  max_mem: 6250M
[2022-12-03 15:21:20,833][INFO][/python/lib/python3.8/site-packages/torch/multiprocessing/spawn.py][59] Saving checkpoint to /newdata/jiachen/project/fugui/exp2/model/model_10000.pth
[2022-12-03 15:21:21,124][INFO][/python/lib/python3.8/site-packages/torch/multiprocessing/spawn.py][59] Saving checkpoint to /newdata/jiachen/project/fugui/exp2/model/model_final.pth
[2022-12-03 15:21:21,347][INFO][/python/lib/python3.8/site-packages/torch/multiprocessing/spawn.py][59] Saving checkpoint to /newdata/jiachen/project/fugui/exp2/model/model_10000.pth
[2022-12-03 15:21:21,840][INFO][/python/lib/python3.8/site-packages/torch/multiprocessing/spawn.py][59] Start inference on 1 iterations
[2022-12-03 15:21:24,706][INFO][/python/lib/python3.8/site-packages/torch/multiprocessing/spawn.py][59] Inference done 1/1.Iter Time: 2.8654. ETA=0:00:00
[2022-12-03 15:21:25,068][INFO][/python/lib/python3.8/site-packages/torch/multiprocessing/spawn.py][59] Evaluation results for val in csv format:
[2022-12-03 15:21:25,068][INFO][/python/lib/python3.8/site-packages/torch/multiprocessing/spawn.py][59] {
    "PixelBasedEvaluator/iou/bg": 89.98142692852836,
    "PixelBasedEvaluator/iou/cat": 44.627983241477345,
    "PixelBasedEvaluator/iou/mean": 67.30470508500285,
    "PixelBasedEvaluator/recall/bg": 99.77231726490538,
    "PixelBasedEvaluator/recall/cat": 45.140280034557634,
    "PixelBasedEvaluator/recall/mean": 72.45629864973151,
    "PixelBasedEvaluator/precision/bg": 90.1665746997637,
    "PixelBasedEvaluator/precision/cat": 97.52004377728984,
    "PixelBasedEvaluator/precision/mean": 93.84330923852677
}
[2022-12-03 15:21:25,072][INFO][/python/lib/python3.8/site-packages/torch/multiprocessing/spawn.py][59] eta: 0:00:00  iter: 10000 progress: 100 head/CE: 0.0700  head/Dice: 0.2118 head/acc: 89.9488 time: 0.461   data_time: 0.009  forward_time: 0.341  backward_time: 0.107  lr: 0.000000  max_mem: 6250M
[2022-12-03 15:21:25,078][INFO][/python/lib/python3.8/site-packages/torch/multiprocessing/spawn.py][59] Overall training speed: 10000 iterations in 1:16:40 (0.4600 s / it)
[2022-12-03 15:21:25,078][INFO][/python/lib/python3.8/site-packages/torch/multiprocessing/spawn.py][59] Total training time: 1:17:17 (0:00:37 on hooks)
